
Running Job 1 of 2 ddtraj4t9.inp
qchem ddtraj4t9.inp_6212.0 /scratch/qchem/qchem6212/ 1
/mnt/software/qchem/bin/mpi/mpirun_qchem -machinefile /mnt/software/qchem/bin/mpi/machines -np 1 /mnt/software/qchem/exe/qcprog.exe ddtraj4t9.inp_6212.0 /scratch/qchem/qchem6212/

Process 0 of 1 is on tp-linux1 - thread support 0
initial socket setup ...start
initial socket setup ...done 
now start server 0 ... 

cmd = ssh tp-linux1 /mnt/software/qchem/bin/get_hostid 1596871555 > /scratch/qchem/qchem6212/lic.dat
                  Welcome to Q-Chem
     A Quantum Leap Into The Future Of Chemistry


 Q-Chem 4.3, Q-Chem, Inc., Pleasanton, CA (2015)

 Y. Shao,  Z. Gan,  E. Epifanovsky,  A. T. B. Gilbert,  M. Wormit,  
 J. Kussmann,  A. W. Lange,  A. Behn,  J. Deng,  X. Feng,  D. Ghosh,  
 M. Goldey,  P. R. Horn,  L. D. Jacobson,  I. Kaliman,  R. Z. Khaliullin,  
 T. Kus,  A. Landau,  J. Liu,  E. I. Proynov,  Y. M. Rhee,  R. M. Richard,  
 M. A. Rohrdanz,  R. P. Steele,  E. J. Sundstrom,  H. L. Woodcock III,  
 P. M. Zimmerman,  D. Zuev,  B. Albrecht,  E. Alguire,  B. Austin,  
 S. A. Baeppler,  G. J. O. Beran,  Y. A. Bernard,  E. Berquist,  
 K. Brandhorst,  K. B. Bravaya,  S. T. Brown,  D. Casanova,  C.-M. Chang,  
 Y. Chen,  S. H. Chien,  K. D. Closser,  D. L. Crittenden,  M. Diedenhofen,  
 R. A. DiStasio Jr.,  H. Do,  A. D. Dutoi,  R. G. Edgar,  P.-T. Fang,  
 S. Fatehi,  Q. Feng,  L. Fusti-Molnar,  A. Ghysels,  
 A. Golubeva-Zadorozhnaya,  J. Gomes,  A. Gunina,  M. W. D. Hanson-Heine,  
 P. H. P. Harbach,  A. W. Hauser,  E. G. Hohenstein,  Z. C. Holden,  K. Hui,  
 T.-C. Jagau,  H. Ji,  B. Kaduk,  K. Khistyaev,  Jaehoon Kim,  Jihan Kim,  
 R. A. King,  P. Klunzinger,  D. Kosenkov,  T. Kowalczyk,  C. M. Krauter,  
 K. U. Lao,  A. Laurent,  K. V. Lawler,  S. Lehtola,  S. V. Levchenko,  
 C. Y. Lin,  Y.-S. Lin,  F. Liu,  E. Livshits,  R. C. Lochan,  A. Luenser,  
 P. Manohar,  S. F. Manzer,  S.-P. Mao,  N. Mardirossian,  A. V. Marenich,  
 L. A. Martinez-Martinez,  S. A. Maurer,  N. J. Mayhall,  K. Nanda,  
 C. M. Oana,  R. Olivares-Amaya,  D. P. O'Neill,  J. A. Parkhill,  
 T. M. Perrine,  R. Peverati,  P. A. Pieniazek,  F. Plasser,  A. Prociuk,  
 D. R. Rehn,  E. Rosta,  N. J. Russ,  N. Sergueev,  S. M. Sharada,  
 S. Sharma,  D. W. Small,  A. Sodt,  T. Stauch,  T. Stein,  D. Stuck,  
 Y.-C. Su,  A. J. W. Thom,  T. Tsuchimochi,  L. Vogt,  O. Vydrov,  T. Wang,  
 M. A. Watson,  J. Wenzel,  A. White,  C. F. Williams,  V. Vanovschi,  
 S. Yeganeh,  S. R. Yost,  Z.-Q. You,  I. Y. Zhang,  X. Zhang,  Y. Zhao,  
 B. R. Brooks,  G. K. L. Chan,  D. M. Chipman,  C. J. Cramer,  
 W. A. Goddard III,  M. S. Gordon,  W. J. Hehre,  A. Klamt,  
 H. F. Schaefer III,  M. W. Schmidt,  C. D. Sherrill,  D. G. Truhlar,  
 A. Warshel,  X. Xu,  A. Aspuru-Guzik,  R. Baer,  A. T. Bell,  N. A. Besley,  
 J.-D. Chai,  A. Dreuw,  B. D. Dunietz,  T. R. Furlani,  S. R. Gwaltney,  
 C.-P. Hsu,  Y. Jung,  J. Kong,  D. S. Lambrecht,  W. Liang,  C. Ochsenfeld,  
 V. A. Rassolov,  L. V. Slipchenko,  J. E. Subotnik,  T. Van Voorhis,  
 J. M. Herbert,  A. I. Krylov,  P. M. W. Gill,  M. Head-Gordon

 Contributors to earlier versions of Q-Chem not listed above: 
 R. D. Adamson,  J. Baker,  E. F. C. Byrd,  A. K. Chakraborty,  C.-L. Cheng,  
 H. Dachsel,  R. J. Doerksen,  G. Hawkins,  A. Heyden,  S. Hirata,  
 G. Kedziora,  F. J. Keil,  C. Kelley,  P. P. Korambath,  W. Kurlancheek,  
 A. M. Lee,  M. S. Lee,  D. Liotard,  I. Lotan,  P. E. Maslen,  N. Nair,  
 D. Neuhauser,  R. Olson,  B. Peters,  J. Ritchie,  N. E. Schultz,  
 N. Shenvi,  A. C. Simmonett,  K. S. Thanthiriwatte,  Q. Wu,  W. Zhang

 Please cite Q-Chem as follows:
 Y. Shao et al., Mol. Phys. 113, 184-215 (2015)
 DOI: 10.1080/00268976.2014.952696

 Q-Chem 4.3.0 for Intel X86 Linux

 Parts of Q-Chem use Armadillo 5.200.1 (Boston Tea Smuggler).
 http://arma.sourceforge.net/

 Q-Chem begins on Mon Mar 20 12:52:35 2017  

Host: 
0

     Scratch files written to /scratch/qchem/qchem6212//
 Nov1815 1189b_ 19540  19532 5443   
 Parallel job on  1  processors
Processing $rem in /mnt/software/qchem/config/preferences.
 MEM_TOTAL  2000 

Checking the input file for inconsistencies... 	...done.

--------------------------------------------------------------
User input:
--------------------------------------------------------------
$comment
XAS calculation for the 2b valence excited for water using cvs-adc(2)-x + 6-311+G* basis set
job 1 - determination of HF orbitals
$end

$molecule
0 1
6  -0.53639  2.610217  -0.127487
9  0.593  2.343657  -0.00354
9  -1.142369  3.235557  0.793068
9  -1.202855  1.102503  0.487499
9  -1.130691  2.538091  -1.197907
$end

$rem
jobtype      sp
sym_ignore true
exchange     hf
basis        6-31G*
unrestricted true
$end

--------------------------------------------------------------
 ----------------------------------------------------------------
             Standard Nuclear Orientation (Angstroms)
    I     Atom           X                Y                Z
 ----------------------------------------------------------------
    1      C      -0.5363900000     2.6102170000    -0.1274870000
    2      F       0.5930000000     2.3436570000    -0.0035400000
    3      F      -1.1423690000     3.2355570000     0.7930680000
    4      F      -1.2028550000     1.1025030000     0.4874990000
    5      F      -1.1306910000     2.5380910000    -1.1979070000
 ----------------------------------------------------------------
 Nuclear Repulsion Energy =   205.9770469294 hartrees
 There are       21 alpha and       21 beta electrons
 Requested basis set is 6-31G(d)
 There are 20 shells and 75 basis functions

 Total QAlloc Memory Limit   2000 MB
 Mega-Array Size        61 MB
 MEM_STATIC part        62 MB

                       Distance Matrix (Angstroms)
             C (  1)   F (  2)   F (  3)   F (  4)
   F (  2)  1.167021
   F (  3)  1.267155  2.107505
   F (  4)  1.759427  2.237561  2.155679
   F (  5)  1.226456  2.106046  2.109639  2.215110
 
 tim1(1): 
  0.000000000000000E+000
 tim1(2): 
  0.000000000000000E+000
 A cutoff of  1.0D-08 yielded    199 shell pairs
 There are      2962 function pairs
 
 -------------------------------------------------------
 OpenMP Integral Computing Module                       
 Release: version 1.0, May 2013, Q-Chem Inc. Pittsburgh 
 -------------------------------------------------------
 Integral Job Info:
 Integral job number is                      11
 Integral operator is                         1
 short-range coefficients                     0
 long-range coefficients              100000000
 Omega coefficients                           0
 if combine SR and LR in K                    0
 Integral screening is                        0
 Integral computing path is                   2
 max size of driver memory is            800000
 size of driver memory is                593474
 size of scratch memory is              2260544
 max col of scratch BK array               1296
 max len of scratch array in speh3          155
 max len of scratch index in speh4           18
 max int batch size is                      520
 min int batch size is                       52
 fixed nKL is                                52
 max L of basis functions is                  2
 order of int derivative is                   0
 number of shells is                         20
 number of basis is                          75
 number of cartesian basis is                75
 number of contracted shell pairs           199
 number of primitive shell pairs            979
 maxK2 (contraction) of shell pair           36
 max number of K2 of shell pair               1
 max number of CS2 of shell pair             28
 max number of PS2 of shell pair            180
 mem total for path MDJ                   21832
 -------------------------------------------------------
 Smallest overlap matrix eigenvalue = 1.54E-03

 Scale SEOQF with 1.000000e+00/1.000000e-01/1.000000e+00

 Standard Electronic Orientation quadrupole field applied
 Nucleus-field energy     =     0.0000000105 hartrees
 Guess from superposition of atomic densities
 Warning:  Energy on first SCF cycle will be non-variational
 An unrestricted Hartree-Fock SCF calculation will be
 performed using Pulay DIIS extrapolation
 SCF converges when DIIS error is below 1.0E-05
 using 8 threads for integral computing 
 ---------------------------------------
  Cycle       Energy         DIIS Error
 ---------------------------------------
    1    -436.6335694734      9.42E-02
    2    -435.3035846092      1.93E-02
    3    -435.4449036385      1.21E-02
    4    -435.5100943142      1.16E-03
    5    -435.5110123676      4.07E-04
    6    -435.5111489027      1.16E-04
    7    -435.5111617063      4.69E-05
    8    -435.5111640122      8.83E-06 Convergence criterion met
 ---------------------------------------
 <S^2> = 0.0000
 SCF time:  CPU 8.62 s  wall 1.89 s
 SCF   energy in the final basis set = -435.5111640122
 Total energy in the final basis set = -435.5111640122
 
 --------------------------------------------------------------
 
                    Orbital Energies (a.u.)
 --------------------------------------------------------------
 
 Alpha MOs
 -- Occupied --
-26.475 -26.443 -26.417 -26.159 -11.650  -1.901  -1.799  -1.743
 -1.422  -1.054  -0.970  -0.958  -0.913  -0.800  -0.792  -0.786
 -0.757  -0.731  -0.510  -0.508  -0.501
 -- Virtual --
  0.165   0.359   0.468   0.506   0.634   0.671   0.746   0.768
  1.225   1.259   1.279   1.320   1.323   1.442   1.506   1.524
  1.552   1.558   1.577   1.590   1.729   1.738   1.769   1.906
  1.917   1.993   2.010   2.029   2.058   2.134   2.193   2.199
  2.233   2.317   2.325   2.328   2.381   2.412   2.466   2.524
  2.752   2.939   3.028   3.104   3.252   3.340   3.530   3.572
  3.583   4.303   4.692   5.093   5.447   6.589
 
 Beta MOs
 -- Occupied --
-26.475 -26.443 -26.417 -26.159 -11.650  -1.901  -1.799  -1.743
 -1.422  -1.054  -0.970  -0.958  -0.913  -0.800  -0.792  -0.786
 -0.757  -0.731  -0.510  -0.508  -0.501
 -- Virtual --
  0.165   0.359   0.468   0.506   0.634   0.671   0.746   0.768
  1.225   1.259   1.279   1.320   1.323   1.442   1.506   1.524
  1.552   1.558   1.577   1.590   1.729   1.738   1.769   1.906
  1.917   1.993   2.010   2.029   2.058   2.134   2.193   2.199
  2.233   2.317   2.325   2.328   2.381   2.412   2.466   2.524
  2.752   2.939   3.028   3.104   3.252   3.340   3.530   3.572
  3.583   4.303   4.692   5.093   5.447   6.589
 --------------------------------------------------------------
 
          Ground-State Mulliken Net Atomic Charges

     Atom                 Charge (a.u.)    Spin (a.u.)
  --------------------------------------------------------
      1 C                     1.201674       0.000000
      2 F                    -0.118857       0.000000
      3 F                    -0.245960       0.000000
      4 F                    -0.637964       0.000000
      5 F                    -0.198892       0.000000
  --------------------------------------------------------
  Sum of atomic charges =     0.000000
  Sum of spin   charges =     0.000000

 -----------------------------------------------------------------
                    Cartesian Multipole Moments
 -----------------------------------------------------------------
    Charge (ESU x 10^10)
                 0.0000
    Dipole Moment (Debye)
         X       2.1881      Y       3.7476      Z      -1.7577
       Tot       4.6821
    Quadrupole Moments (Debye-Ang)
        XX     -26.8129     XY       1.4282     YY      -9.3437
        XZ       1.7207     YZ      -3.0805     ZZ     -24.2830
    Octopole Moments (Debye-Ang^2)
       XXX      53.7098    XXY     -58.5805    XYY      16.0719
       YYY    -121.6902    XXZ      -1.9795    XYZ       2.4636
       YYZ      -7.3948    XZZ      17.5274    YZZ     -56.2655
       ZZZ      -0.3508
    Hexadecapole Moments (Debye-Ang^3)
      XXXX    -150.1394   XXXY     116.5404   XXYY    -171.6751
      XYYY     108.4724   YYYY    -730.8799   XXXZ       4.5742
      XXYZ      -1.5026   XYYZ       5.0929   YYYZ     -19.2819
      XXZZ     -37.8184   XYZZ      39.1181   YYZZ    -158.3483
      XZZZ       2.3852   YZZZ       3.2850   ZZZZ     -76.8804
 -----------------------------------------------------------------
Archival summary:
1\1\tp-linux1\SP\HF\6-31G*\41\thomas\MonMar2012:52:372017MonMar2012:52:372017\0\\#,HF,6-31G*,\\0,1\C\F,1,1.16702\F,1,1.22646,2,123.244\F,1,1.26716,2,119.892,3,166.33,0\F,1,1.75943,2,97.6849,3,-100.035,0\\HF=-435.511164\\@

 Total job time:  2.22s(wall), 10.36s(cpu) 
 Mon Mar 20 12:52:37 2017

        *************************************************************
        *                                                           *
        *  Thank you very much for using Q-Chem.  Have a nice day.  *
        *                                                           *
        *************************************************************


0 sent ACK to 0 
now end server 0 ... 
cleanup process ... done

Running Job 2 of 2 ddtraj4t9.inp
qchem ddtraj4t9.inp_6212.1 /scratch/qchem/qchem6212/ 1
/mnt/software/qchem/bin/mpi/mpirun_qchem -machinefile /mnt/software/qchem/bin/mpi/machines -np 1 /mnt/software/qchem/exe/qcprog.exe ddtraj4t9.inp_6212.1 /scratch/qchem/qchem6212/

Process 0 of 1 is on tp-linux1 - thread support 0
initial socket setup ...start
initial socket setup ...done 
now start server 0 ... 

cmd = ssh tp-linux1 /mnt/software/qchem/bin/get_hostid 85915490 > /scratch/qchem/qchem6212/lic.dat
                  Welcome to Q-Chem
     A Quantum Leap Into The Future Of Chemistry


 Q-Chem 4.3, Q-Chem, Inc., Pleasanton, CA (2015)

 Y. Shao,  Z. Gan,  E. Epifanovsky,  A. T. B. Gilbert,  M. Wormit,  
 J. Kussmann,  A. W. Lange,  A. Behn,  J. Deng,  X. Feng,  D. Ghosh,  
 M. Goldey,  P. R. Horn,  L. D. Jacobson,  I. Kaliman,  R. Z. Khaliullin,  
 T. Kus,  A. Landau,  J. Liu,  E. I. Proynov,  Y. M. Rhee,  R. M. Richard,  
 M. A. Rohrdanz,  R. P. Steele,  E. J. Sundstrom,  H. L. Woodcock III,  
 P. M. Zimmerman,  D. Zuev,  B. Albrecht,  E. Alguire,  B. Austin,  
 S. A. Baeppler,  G. J. O. Beran,  Y. A. Bernard,  E. Berquist,  
 K. Brandhorst,  K. B. Bravaya,  S. T. Brown,  D. Casanova,  C.-M. Chang,  
 Y. Chen,  S. H. Chien,  K. D. Closser,  D. L. Crittenden,  M. Diedenhofen,  
 R. A. DiStasio Jr.,  H. Do,  A. D. Dutoi,  R. G. Edgar,  P.-T. Fang,  
 S. Fatehi,  Q. Feng,  L. Fusti-Molnar,  A. Ghysels,  
 A. Golubeva-Zadorozhnaya,  J. Gomes,  A. Gunina,  M. W. D. Hanson-Heine,  
 P. H. P. Harbach,  A. W. Hauser,  E. G. Hohenstein,  Z. C. Holden,  K. Hui,  
 T.-C. Jagau,  H. Ji,  B. Kaduk,  K. Khistyaev,  Jaehoon Kim,  Jihan Kim,  
 R. A. King,  P. Klunzinger,  D. Kosenkov,  T. Kowalczyk,  C. M. Krauter,  
 K. U. Lao,  A. Laurent,  K. V. Lawler,  S. Lehtola,  S. V. Levchenko,  
 C. Y. Lin,  Y.-S. Lin,  F. Liu,  E. Livshits,  R. C. Lochan,  A. Luenser,  
 P. Manohar,  S. F. Manzer,  S.-P. Mao,  N. Mardirossian,  A. V. Marenich,  
 L. A. Martinez-Martinez,  S. A. Maurer,  N. J. Mayhall,  K. Nanda,  
 C. M. Oana,  R. Olivares-Amaya,  D. P. O'Neill,  J. A. Parkhill,  
 T. M. Perrine,  R. Peverati,  P. A. Pieniazek,  F. Plasser,  A. Prociuk,  
 D. R. Rehn,  E. Rosta,  N. J. Russ,  N. Sergueev,  S. M. Sharada,  
 S. Sharma,  D. W. Small,  A. Sodt,  T. Stauch,  T. Stein,  D. Stuck,  
 Y.-C. Su,  A. J. W. Thom,  T. Tsuchimochi,  L. Vogt,  O. Vydrov,  T. Wang,  
 M. A. Watson,  J. Wenzel,  A. White,  C. F. Williams,  V. Vanovschi,  
 S. Yeganeh,  S. R. Yost,  Z.-Q. You,  I. Y. Zhang,  X. Zhang,  Y. Zhao,  
 B. R. Brooks,  G. K. L. Chan,  D. M. Chipman,  C. J. Cramer,  
 W. A. Goddard III,  M. S. Gordon,  W. J. Hehre,  A. Klamt,  
 H. F. Schaefer III,  M. W. Schmidt,  C. D. Sherrill,  D. G. Truhlar,  
 A. Warshel,  X. Xu,  A. Aspuru-Guzik,  R. Baer,  A. T. Bell,  N. A. Besley,  
 J.-D. Chai,  A. Dreuw,  B. D. Dunietz,  T. R. Furlani,  S. R. Gwaltney,  
 C.-P. Hsu,  Y. Jung,  J. Kong,  D. S. Lambrecht,  W. Liang,  C. Ochsenfeld,  
 V. A. Rassolov,  L. V. Slipchenko,  J. E. Subotnik,  T. Van Voorhis,  
 J. M. Herbert,  A. I. Krylov,  P. M. W. Gill,  M. Head-Gordon

 Contributors to earlier versions of Q-Chem not listed above: 
 R. D. Adamson,  J. Baker,  E. F. C. Byrd,  A. K. Chakraborty,  C.-L. Cheng,  
 H. Dachsel,  R. J. Doerksen,  G. Hawkins,  A. Heyden,  S. Hirata,  
 G. Kedziora,  F. J. Keil,  C. Kelley,  P. P. Korambath,  W. Kurlancheek,  
 A. M. Lee,  M. S. Lee,  D. Liotard,  I. Lotan,  P. E. Maslen,  N. Nair,  
 D. Neuhauser,  R. Olson,  B. Peters,  J. Ritchie,  N. E. Schultz,  
 N. Shenvi,  A. C. Simmonett,  K. S. Thanthiriwatte,  Q. Wu,  W. Zhang

 Please cite Q-Chem as follows:
 Y. Shao et al., Mol. Phys. 113, 184-215 (2015)
 DOI: 10.1080/00268976.2014.952696

 Q-Chem 4.3.0 for Intel X86 Linux

 Parts of Q-Chem use Armadillo 5.200.1 (Boston Tea Smuggler).
 http://arma.sourceforge.net/

 Q-Chem begins on Mon Mar 20 12:52:40 2017  

Host: 
0

     Scratch files written to /scratch/qchem/qchem6212//
 Nov1815 1189b_ 19540  19532 5443   
 Parallel job on  1  processors
Processing $rem in /mnt/software/qchem/config/preferences.
 MEM_TOTAL  2000 

Checking the input file for inconsistencies... 	...done.

--------------------------------------------------------------
User input:
--------------------------------------------------------------

$comment
job3 - cvs-adc(2) calculation
$end

$molecule
read
$end

$rem
mem_total 3000
mem_static 1500
sym_ignore true
scf_guess read
method cvs-adc(2)
basis 6-31G*
ee_singlets 20
cc_rest_occ 5                  !only excitations from the lowest N orbitals
unrestricted  true
max_scf_cycles 200
$end
--------------------------------------------------------------
 ----------------------------------------------------------------
             Standard Nuclear Orientation (Angstroms)
    I     Atom           X                Y                Z
 ----------------------------------------------------------------
    1      C      -0.5363900000     2.6102170000    -0.1274870000
    2      F       0.5930000000     2.3436570000    -0.0035400000
    3      F      -1.1423690000     3.2355570000     0.7930680000
    4      F      -1.2028550000     1.1025030000     0.4874990000
    5      F      -1.1306910000     2.5380910000    -1.1979070000
 ----------------------------------------------------------------
 Nuclear Repulsion Energy =   205.9770469294 hartrees
 There are       21 alpha and       21 beta electrons
 Requested basis set is 6-31G(d)
 There are 20 shells and 75 basis functions

 Total QAlloc Memory Limit   3000 MB
 Mega-Array Size      1467 MB
 MEM_STATIC part      1500 MB

                       Distance Matrix (Angstroms)
             C (  1)   F (  2)   F (  3)   F (  4)
   F (  2)  1.167021
   F (  3)  1.267155  2.107505
   F (  4)  1.759427  2.237561  2.155679
   F (  5)  1.226456  2.106046  2.109639  2.215110
 
 tim1(1): 
  3.999999999999997E-003
 tim1(2): 
  0.000000000000000E+000
 A cutoff of  1.0D-11 yielded    204 shell pairs
 There are      2979 function pairs
 
 -------------------------------------------------------
 OpenMP Integral Computing Module                       
 Release: version 1.0, May 2013, Q-Chem Inc. Pittsburgh 
 -------------------------------------------------------
 Integral Job Info:
 Integral job number is                      11
 Integral operator is                         1
 short-range coefficients                     0
 long-range coefficients              100000000
 Omega coefficients                           0
 if combine SR and LR in K                    0
 Integral screening is                        0
 Integral computing path is                   2
 max size of driver memory is            800000
 size of driver memory is                593474
 size of scratch memory is              2260544
 max col of scratch BK array               1296
 max len of scratch array in speh3          155
 max len of scratch index in speh4           18
 max int batch size is                      520
 min int batch size is                       52
 fixed nKL is                                52
 max L of basis functions is                  2
 order of int derivative is                   0
 number of shells is                         20
 number of basis is                          75
 number of cartesian basis is                75
 number of contracted shell pairs           204
 number of primitive shell pairs           1070
 maxK2 (contraction) of shell pair           36
 max number of K2 of shell pair               1
 max number of CS2 of shell pair             37
 max number of PS2 of shell pair            222
 mem total for path MDJ                   21832
 -------------------------------------------------------
 Smallest overlap matrix eigenvalue = 1.54E-03

 Scale SEOQF with 1.000000e+00/1.000000e-01/1.000000e+00

 Standard Electronic Orientation quadrupole field applied
 Nucleus-field energy     =     0.0000000105 hartrees
 Guess MOs from SCF MO coefficient file
 Reading MOs from coefficient file
 Reading MOs from coefficient file
 An unrestricted Hartree-Fock SCF calculation will be
 performed using Pulay DIIS extrapolation
 SCF converges when DIIS error is below 1.0E-08
 using 8 threads for integral computing 
 ---------------------------------------
  Cycle       Energy         DIIS Error
 ---------------------------------------
    1    -435.5111641741      2.83E-06
    2    -435.5111641824      1.20E-06
    3    -435.5111641844      8.06E-07
    4    -435.5111641852      8.69E-08
    5    -435.5111641852      3.60E-08
    6    -435.5111641852      1.01E-08
    7    -435.5111641852      2.58E-09 Convergence criterion met
 ---------------------------------------
 <S^2> = 0.0000
 SCF time:  CPU 7.87 s  wall 1.91 s
 SCF   energy in the final basis set = -435.5111641852
 Total energy in the final basis set = -435.5111641852
================================================================================
|                                                                              |
|                                 A D C  M A N                                 |
|                                                                              |
 ------------------------------------------------------------------------------ 
|                                                                              |
| Components:                                                                  |
|                                                                              |
| - libvmm - 1.2-release                                                       |
|   Authors:                                                                   |
|   Evgeny Epifanovsky, Ilya Kaliman                                           |
|                                                                              |
| - libtensor - 2.4-trunk                                                      |
|   Authors:                                                                   |
|   Evgeny Epifanovsky, Michael Wormit, Dmitry Zuev, Sam Manzer                |
|                                                                              |
| - libwfa - 1.1-beta                                                          |
|   Authors:                                                                   |
|   Felix Plasser, Stefanie Baeppler, Benjamin Thomitzni, Michael Wormit       |
|                                                                              |
| - libadc - 1.0-beta                                                          |
|   Authors:                                                                   |
|   Michael Wormit, Philipp H. P. Harbach, Caroline Krauter, Dirk Rehn,        |
|   Matthias Schneider, Jan Wenzel                                             |
|                                                                              |
| - adcman - 2.4-beta                                                          |
|   Authors:                                                                   |
|   Michael Wormit, Philipp H. P. Harbach, Caroline Krauter, Dirk Rehn,        |
|   Jan Wenzel, Andreas Dreuw                                                  |
|                                                                              |
| Authors of earlier versions of ADCMAN:                                       |
| Andreas Dreuw, Jan Hendrik Starcke, Dirk Rehn, Michael Wormit                |
|                                                                              |
================================================================================

 
 Alpha MOs, Unrestricted
 -- Occupied --                  
-26.475 -26.442 -26.417 -26.160 -11.650  -1.901  -1.799  -1.743
  1 A     2 A     3 A     4 A     5 A     6 A     7 A     8 A                  
 -1.422  -1.054  -0.970  -0.958  -0.913  -0.800  -0.792  -0.786
  9 A    10 A    11 A    12 A    13 A    14 A    15 A    16 A                  
 -0.757  -0.731  -0.510  -0.508  -0.501
 17 A    18 A    19 A    20 A    21 A                                          
 -- Virtual --                   
  0.165   0.359   0.468   0.506   0.634   0.671   0.746   0.768
 22 A    23 A    24 A    25 A    26 A    27 A    28 A    29 A                  
  1.225   1.259   1.279   1.320   1.323   1.442   1.506   1.524
 30 A    31 A    32 A    33 A    34 A    35 A    36 A    37 A                  
  1.552   1.558   1.577   1.590   1.729   1.738   1.769   1.906
 38 A    39 A    40 A    41 A    42 A    43 A    44 A    45 A                  
  1.917   1.993   2.010   2.029   2.058   2.134   2.193   2.199
 46 A    47 A    48 A    49 A    50 A    51 A    52 A    53 A                  
  2.233   2.317   2.325   2.328   2.381   2.412   2.466   2.524
 54 A    55 A    56 A    57 A    58 A    59 A    60 A    61 A                  
  2.752   2.939   3.028   3.104   3.252   3.340   3.530   3.572
 62 A    63 A    64 A    65 A    66 A    67 A    68 A    69 A                  
  3.583   4.303   4.692   5.093   5.447   6.589
 70 A    71 A    72 A    73 A    74 A    75 A                                  
 
 Beta MOs, Unrestricted
 -- Occupied --                  
-26.475 -26.442 -26.417 -26.160 -11.650  -1.901  -1.799  -1.743
  1 A     2 A     3 A     4 A     5 A     6 A     7 A     8 A                  
 -1.422  -1.054  -0.970  -0.958  -0.913  -0.800  -0.792  -0.786
  9 A    10 A    11 A    12 A    13 A    14 A    15 A    16 A                  
 -0.757  -0.731  -0.510  -0.508  -0.501
 17 A    18 A    19 A    20 A    21 A                                          
 -- Virtual --                   
  0.165   0.359   0.468   0.506   0.634   0.671   0.746   0.768
 22 A    23 A    24 A    25 A    26 A    27 A    28 A    29 A                  
  1.225   1.259   1.279   1.320   1.323   1.442   1.506   1.524
 30 A    31 A    32 A    33 A    34 A    35 A    36 A    37 A                  
  1.552   1.558   1.577   1.590   1.729   1.738   1.769   1.906
 38 A    39 A    40 A    41 A    42 A    43 A    44 A    45 A                  
  1.917   1.993   2.010   2.029   2.058   2.134   2.193   2.199
 46 A    47 A    48 A    49 A    50 A    51 A    52 A    53 A                  
  2.233   2.317   2.325   2.328   2.381   2.412   2.466   2.524
 54 A    55 A    56 A    57 A    58 A    59 A    60 A    61 A                  
  2.752   2.939   3.028   3.104   3.252   3.340   3.530   3.572
 62 A    63 A    64 A    65 A    66 A    67 A    68 A    69 A                  
  3.583   4.303   4.692   5.093   5.447   6.589
 70 A    71 A    72 A    73 A    74 A    75 A                                  
 

--------------------------------------------------------------------------------
                                   HF Summary                                   
--------------------------------------------------------------------------------
  Energy:                                                 -435.5111641852 a.u.
  Dip. moment [a.u.]:                  [ -55.973834,  184.927521,    0.591586]
  Total dipole [Debye]:                                             491.100821
  <r^2> [a.u.]:                        [ 166.934270,  912.034950,   92.374862]
  Total <r^2> [a.u.]:                                              1171.344082
--------------------------------------------------------------------------------

--------------------------------------------------------------------------------
                                 MP(2) Summary                                  
--------------------------------------------------------------------------------
  Energy contribution:                                      -0.8049578754 a.u.
  Total energy:                                           -436.3161220606 a.u.
  Dip. moment [a.u.]:                  [ -55.871077,  185.112130,    0.506545]
  Total dipole [Debye]:                                             491.473801
  <r^2> [a.u.]:                        [ 166.555122,  913.497375,   92.262219]
  Total <r^2> [a.u.]:                                              1172.314716
--------------------------------------------------------------------------------
  Starting Davidson ... 
--------------------------------------------------------------------------------
   It NVec Conv  Avg. Norm  Max. Norm  Conv. states           Remark
--------------------------------------------------------------------------------
        20    0  2.104e-01  1.064e+00 11.0485 n n n n n n n n Guess.
    1   40    0  3.849e-02  4.973e-01 10.8854 n n n n n n n n 
    2   60    0  7.658e-03  8.059e-02 10.8838 n n n n n n n n 
    3   80    0  2.452e-03  2.693e-02 10.8838 n n n n n n n n 
    4  100    0  1.409e-03  1.759e-02 10.8838 n n n n n n n n 
    5   40    0  1.120e-03  1.558e-02 10.8838 n n n n n n n n Subspace collapsed.
    6   60    0  1.574e-03  2.440e-02 10.8838 n n n n n n n n 
    7   80    0  1.495e-03  2.440e-02 10.8838 n n n n n n n n 
    8  100    2  1.002e-03  1.442e-02 10.8838 y y n n n n n n 
    9   40    6  4.546e-04  6.439e-03 10.8838 y y y n n y y y Subspace collapsed.
   10   60    7  2.800e-04  4.452e-03 10.8838 y y y y n y y y 
   11   80   10  1.609e-04  2.317e-03 10.8838 y y y y n y y y 
   12  100   13  1.380e-04  2.351e-03 10.8838 y y y y y y y y 
   13   40   15  1.080e-04  1.754e-03 10.8838 y y y y y y y y Subspace collapsed.
   14   60   15  1.518e-04  2.532e-03 10.8838 y y y y y y y y 
   15   80   15  1.588e-04  2.517e-03 10.8838 y y y y y y y y 
   16  100   15  1.361e-04  2.469e-03 10.8838 y y y y y y y y 
   17   39   15  7.132e-05  1.300e-03 10.8838 y y y y y y y y Subspace collapsed.
   18   57   16  4.699e-05  8.877e-04 10.8838 y y y y y y y y 
   19   75   16  2.750e-05  5.206e-04 10.8838 y y y y y y y y 
   20   89   16  2.418e-05  4.669e-04 10.8838 y y y y y y y y 
   21  100   16  2.520e-05  4.863e-04 10.8838 y y y y y y y y 
   22   33   16  2.299e-05  4.449e-04 10.8838 y y y y y y y y Subspace collapsed.
   23   46   16  2.930e-05  5.550e-04 10.8838 y y y y y y y y 
   24   46   16  2.930e-05  5.550e-04 10.8838 y y y y y y y y 
   25   47   16  2.930e-05  5.550e-04 10.8838 y y y y y y y y 
   26   47   16  2.930e-05  5.550e-04 10.8838 y y y y y y y y 
   27   66   16  3.168e-05  6.139e-04 10.8838 y y y y y y y y 
   28   68   16  3.194e-05  6.193e-04 10.8838 y y y y y y y y 
   29   68   16  3.194e-05  6.193e-04 10.8838 y y y y y y y y 
   30   68   16  3.194e-05  6.193e-04 10.8838 y y y y y y y y 
   31   88   16  3.098e-05  6.080e-04 10.8838 y y y y y y y y 
   32   95   16  1.995e-05  3.959e-04 10.8838 y y y y y y y y 
   33  100   16  8.874e-06  1.706e-04 10.8838 y y y y y y y y 
   34   26   16  5.065e-06  9.831e-05 10.8838 y y y y y y y y Subspace collapsed.
   35   26   16  5.065e-06  9.831e-05 10.8838 y y y y y y y y 
   36   26   16  5.065e-06  9.831e-05 10.8838 y y y y y y y y 
   37   46   18  2.662e-06  5.008e-05 10.8838 y y y y y y y y 
   38   52   18  2.149e-06  4.157e-05 10.8838 y y y y y y y y 
   39   58   18  1.873e-06  3.569e-05 10.8838 y y y y y y y y 
   40   64   18  1.770e-06  3.417e-05 10.8838 y y y y y y y y 
   41   70   18  1.253e-06  2.377e-05 10.8838 y y y y y y y y 
   42   76   18  1.042e-06  1.980e-05 10.8838 y y y y y y y y 
   43   82   18  9.906e-07  1.951e-05 10.8838 y y y y y y y y 
   44   83   18  9.903e-07  1.951e-05 10.8838 y y y y y y y y 
   45   84   18  9.899e-07  1.949e-05 10.8838 y y y y y y y y 
   46   85   18  9.855e-07  1.940e-05 10.8838 y y y y y y y y 
   47   86   18  9.762e-07  1.921e-05 10.8838 y y y y y y y y 
   48   87   18  9.752e-07  1.919e-05 10.8838 y y y y y y y y 
   49   88   18  9.755e-07  1.920e-05 10.8838 y y y y y y y y 
   50   89   18  9.745e-07  1.918e-05 10.8838 y y y y y y y y 
   51   90   18  9.789e-07  1.927e-05 10.8838 y y y y y y y y 
   52   91   18  9.664e-07  1.902e-05 10.8838 y y y y y y y y 
   53   91   18  9.664e-07  1.902e-05 10.8838 y y y y y y y y 
   54   91   18  9.664e-07  1.902e-05 10.8838 y y y y y y y y 
   55   91   18  9.664e-07  1.902e-05 10.8838 y y y y y y y y 
   56  100   18  1.002e-06  1.975e-05 10.8838 y y y y y y y y 
   57   20   18  1.002e-06  1.975e-05 10.8838 y y y y y y y y Subspace collapsed.
   58   20   18  1.002e-06  1.975e-05 10.8838 y y y y y y y y 
   59   23   18  9.969e-07  1.965e-05 10.8838 y y y y y y y y 
--------------------------------------------------------------------------------
  Davidson Summary: 
 ------------------------------------------------------------
  State  0: excitation energy =  10.8838 a.u.   (converged)
  State  1: excitation energy =  10.9549 a.u.   (converged)
  State  2: excitation energy =  11.1517 a.u.   (converged)
  State  3: excitation energy =  11.1855 a.u.   (converged)
  State  4: excitation energy =  11.2302 a.u.   (converged)
  State  5: excitation energy =  11.2620 a.u.   (converged)
  State  6: excitation energy =  11.2730 a.u.   (converged)
  State  7: excitation energy =  11.3483 a.u.   (converged)
  State  8: excitation energy =  11.4588 a.u.   (converged)
  State  9: excitation energy =  11.5147 a.u.   (converged)
  State 10: excitation energy =  11.5416 a.u.   (converged)
  State 11: excitation energy =  11.5548 a.u.   (converged)
  State 12: excitation energy =  11.5563 a.u.   (converged)
  State 13: excitation energy =  11.5743 a.u.   (converged)
  State 14: excitation energy =  11.6785 a.u.   (converged)
  State 15: excitation energy =  11.6943 a.u.   (converged)
  State 16: excitation energy =  12.1455 a.u.   (converged)
  State 17: excitation energy =  12.1520 a.u.   (converged)
  State 18: excitation energy =  12.1820 a.u.   (not converged)
  State 19: excitation energy =  12.1863 a.u.   (not converged)
 ------------------------------------------------------------


--------------------------------------------------------------------------------
                             Excited State Summary
--------------------------------------------------------------------------------

  Excited state  1 (A)                                             [converged]
  ----------------------------------------------------------------------------
  Term symbol:  2 (-) A                                     R^2 =  1.28841e-13

  Total energy:                                           -425.4323667517 a.u.
  Excitation energy:                                             296.162044 eV

  Osc. strength:                                                      0.000000
  Trans. dip. moment [a.u.]:           [  -0.000000,   -0.000000,    0.000000]
  <i|r^2|0> [a.u.]:                    [   0.000000,   -0.000000,   -0.000000]

  V1^2 = 0.9580, V2^2 = 0.0420

  Important amplitudes:
     core i     occ j      vir a      vir b          v   
    ------------------------------------------------------
     5 (A) A              22 (A) A                -0.6331
     5 (A) B              22 (A) B                 0.6331
    ------------------------------------------------------
  ----------------------------------------------------------------------------


  Excited state  2 (A)                                             [converged]
  ----------------------------------------------------------------------------
  Term symbol:  3 (-) A                                     R^2 =  9.87817e-14

  Total energy:                                           -425.3611931348 a.u.
  Excitation energy:                                             298.098777 eV

  Osc. strength:                                                      0.111461
  Trans. dip. moment [a.u.]:           [  -0.037105,   -0.111637,    0.037712]
  <i|r^2|0> [a.u.]:                    [   0.076509,   -1.104446,   -0.017059]

  V1^2 = 0.9524, V2^2 = 0.0476

  Important amplitudes:
     core i     occ j      vir a      vir b          v   
    ------------------------------------------------------
     5 (A) B              22 (A) B                -0.6509
     5 (A) A              22 (A) A                -0.6509
    ------------------------------------------------------
  ----------------------------------------------------------------------------


  Excited state  3 (A)                                             [converged]
  ----------------------------------------------------------------------------
  Term symbol:  4 (-) A                                     R^2 =  1.84739e-13

  Total energy:                                           -425.1644215728 a.u.
  Excitation energy:                                             303.453203 eV

  Osc. strength:                                                      0.000000
  Trans. dip. moment [a.u.]:           [   0.000000,   -0.000000,   -0.000000]
  <i|r^2|0> [a.u.]:                    [  -0.000000,   -0.000000,    0.000000]

  V1^2 = 0.9388, V2^2 = 0.0612

  Important amplitudes:
     core i     occ j      vir a      vir b          v   
    ------------------------------------------------------
     5 (A) A              23 (A) A                -0.5000
     5 (A) B              23 (A) B                 0.5000
    ------------------------------------------------------
  ----------------------------------------------------------------------------


  Excited state  4 (A)                                             [converged]
  ----------------------------------------------------------------------------
  Term symbol:  5 (-) A                                     R^2 =  1.94362e-13

  Total energy:                                           -425.1306202938 a.u.
  Excitation energy:                                             304.372983 eV

  Osc. strength:                                                      0.000000
  Trans. dip. moment [a.u.]:           [   0.000000,   -0.000000,   -0.000000]
  <i|r^2|0> [a.u.]:                    [  -0.000000,   -0.000000,    0.000000]

  V1^2 = 0.9488, V2^2 = 0.0512

  Important amplitudes:
     core i     occ j      vir a      vir b          v   
    ------------------------------------------------------
     5 (A) A              27 (A) A                -0.4348
     5 (A) B              27 (A) B                 0.4348
    ------------------------------------------------------
  ----------------------------------------------------------------------------


  Excited state  5 (A)                                             [converged]
  ----------------------------------------------------------------------------
  Term symbol:  6 (-) A                                     R^2 =  8.13665e-14

  Total energy:                                           -425.0859415939 a.u.
  Excitation energy:                                             305.588752 eV

  Osc. strength:                                                      0.023667
  Trans. dip. moment [a.u.]:           [  -0.038730,   -0.002329,    0.040690]
  <i|r^2|0> [a.u.]:                    [   0.096793,    0.002188,   -0.001874]

  V1^2 = 0.9222, V2^2 = 0.0778

  Important amplitudes:
     core i     occ j      vir a      vir b          v   
    ------------------------------------------------------
     5 (A) B              23 (A) B                 0.5932
     5 (A) A              23 (A) A                 0.5932
    ------------------------------------------------------
  ----------------------------------------------------------------------------


  Excited state  6 (A)                                             [converged]
  ----------------------------------------------------------------------------
  Term symbol:  7 (-) A                                     R^2 =  1.41829e-13

  Total energy:                                           -425.0541514712 a.u.
  Excitation energy:                                             306.453805 eV

  Osc. strength:                                                      0.109882
  Trans. dip. moment [a.u.]:           [   0.015106,   -0.052996,   -0.107697]
  <i|r^2|0> [a.u.]:                    [  -0.027744,   -0.513778,    0.055570]

  V1^2 = 0.9426, V2^2 = 0.0574

  Important amplitudes:
     core i     occ j      vir a      vir b          v   
    ------------------------------------------------------
     5 (A) B              24 (A) B                -0.5068
     5 (A) A              24 (A) A                -0.5068
    ------------------------------------------------------
  ----------------------------------------------------------------------------


  Excited state  7 (A)                                             [converged]
  ----------------------------------------------------------------------------
  Term symbol:  8 (-) A                                     R^2 =  2.25689e-13

  Total energy:                                           -425.0431289692 a.u.
  Excitation energy:                                             306.753743 eV

  Osc. strength:                                                      0.000000
  Trans. dip. moment [a.u.]:           [  -0.000000,    0.000000,    0.000000]
  <i|r^2|0> [a.u.]:                    [   0.000000,    0.000000,   -0.000000]

  V1^2 = 0.9496, V2^2 = 0.0504

  Important amplitudes:
     core i     occ j      vir a      vir b          v   
    ------------------------------------------------------
     5 (A) A              28 (A) A                -0.4211
     5 (A) B              28 (A) B                 0.4211
    ------------------------------------------------------
  ----------------------------------------------------------------------------


  Excited state  8 (A)                                             [converged]
  ----------------------------------------------------------------------------
  Term symbol:  9 (-) A                                     R^2 =  9.25544e-14

  Total energy:                                           -424.9678512476 a.u.
  Excitation energy:                                             308.802154 eV

  Osc. strength:                                                      0.108576
  Trans. dip. moment [a.u.]:           [  -0.107611,    0.032041,   -0.041771]
  <i|r^2|0> [a.u.]:                    [   0.226762,    0.315420,    0.013905]

  V1^2 = 0.9393, V2^2 = 0.0607

  Important amplitudes:
     core i     occ j      vir a      vir b          v   
    ------------------------------------------------------
     5 (A) B              25 (A) B                -0.4926
     5 (A) A              25 (A) A                -0.4926
    ------------------------------------------------------
  ----------------------------------------------------------------------------


  Excited state  9 (A)                                             [converged]
  ----------------------------------------------------------------------------
  Term symbol:  10 (-) A                                    R^2 =  5.40907e-13

  Total energy:                                           -424.8573176099 a.u.
  Excitation energy:                                             311.809927 eV

  Osc. strength:                                                      0.000000
  Trans. dip. moment [a.u.]:           [   0.000000,    0.000000,    0.000000]
  <i|r^2|0> [a.u.]:                    [   0.000000,    0.000000,    0.000000]

  V1^2 = 0.9142, V2^2 = 0.0858

  Important amplitudes:
     core i     occ j      vir a      vir b          v   
    ------------------------------------------------------
     5 (A) B              26 (A) B                -0.5233
     5 (A) A              26 (A) A                 0.5233
    ------------------------------------------------------
  ----------------------------------------------------------------------------


  Excited state 10 (A)                                             [converged]
  ----------------------------------------------------------------------------
  Term symbol:  11 (-) A                                    R^2 =  8.10153e-13

  Total energy:                                           -424.8013807667 a.u.
  Excitation energy:                                             313.332046 eV

  Osc. strength:                                                      0.021071
  Trans. dip. moment [a.u.]:           [  -0.027208,   -0.041260,    0.017383]
  <i|r^2|0> [a.u.]:                    [   0.036790,   -0.429883,   -0.030197]

  V1^2 = 0.9153, V2^2 = 0.0847

  Important amplitudes:
     core i     occ j      vir a      vir b          v   
    ------------------------------------------------------
     5 (A) A              26 (A) A                 0.5848
     5 (A) B              26 (A) B                 0.5848
    ------------------------------------------------------
  ----------------------------------------------------------------------------


  Excited state 11 (A)                                             [converged]
  ----------------------------------------------------------------------------
  Term symbol:  12 (-) A                                    R^2 =  2.95999e-13

  Total energy:                                           -424.7745471477 a.u.
  Excitation energy:                                             314.062226 eV

  Osc. strength:                                                      0.000000
  Trans. dip. moment [a.u.]:           [   0.000000,   -0.000000,   -0.000000]
  <i|r^2|0> [a.u.]:                    [  -0.000000,   -0.000000,    0.000000]

  V1^2 = 0.8888, V2^2 = 0.1112

  Important amplitudes:
     core i     occ j      vir a      vir b          v   
    ------------------------------------------------------
     5 (A) A              24 (A) A                 0.4358
     5 (A) B              24 (A) B                -0.4358
    ------------------------------------------------------
  ----------------------------------------------------------------------------


  Excited state 12 (A)                                             [converged]
  ----------------------------------------------------------------------------
  Term symbol:  13 (-) A                                    R^2 =  2.02648e-13

  Total energy:                                           -424.7613099413 a.u.
  Excitation energy:                                             314.422428 eV

  Osc. strength:                                                      0.025876
  Trans. dip. moment [a.u.]:           [   0.011846,   -0.027097,   -0.049845]
  <i|r^2|0> [a.u.]:                    [  -0.022584,   -0.264326,    0.026318]

  V1^2 = 0.8921, V2^2 = 0.1079

  Important amplitudes:
     core i     occ j      vir a      vir b          v   
    ------------------------------------------------------
     5 (A) A              27 (A) A                -0.4985
     5 (A) B              27 (A) B                -0.4985
    ------------------------------------------------------
  ----------------------------------------------------------------------------


  Excited state 13 (A)                                             [converged]
  ----------------------------------------------------------------------------
  Term symbol:  14 (-) A                                    R^2 =  2.33095e-13

  Total energy:                                           -424.7598253186 a.u.
  Excitation energy:                                             314.462827 eV

  Osc. strength:                                                      0.000000
  Trans. dip. moment [a.u.]:           [  -0.000000,    0.000000,    0.000000]
  <i|r^2|0> [a.u.]:                    [   0.000000,    0.000000,   -0.000000]

  V1^2 = 0.8883, V2^2 = 0.1117

  Important amplitudes:
     core i     occ j      vir a      vir b          v   
    ------------------------------------------------------
     5 (A) A              25 (A) A                 0.5023
     5 (A) B              25 (A) B                -0.5023
    ------------------------------------------------------
  ----------------------------------------------------------------------------


  Excited state 14 (A)                                             [converged]
  ----------------------------------------------------------------------------
  Term symbol:  15 (-) A                                    R^2 =  2.89058e-13

  Total energy:                                           -424.7417752402 a.u.
  Excitation energy:                                             314.953995 eV

  Osc. strength:                                                      0.037003
  Trans. dip. moment [a.u.]:           [   0.063389,   -0.017781,    0.021473]
  <i|r^2|0> [a.u.]:                    [  -0.128074,   -0.170582,   -0.003787]

  V1^2 = 0.8954, V2^2 = 0.1046

  Important amplitudes:
     core i     occ j      vir a      vir b          v   
    ------------------------------------------------------
     5 (A) B              25 (A) B                -0.4336
     5 (A) A              25 (A) A                -0.4336
    ------------------------------------------------------
  ----------------------------------------------------------------------------


  Excited state 15 (A)                                             [converged]
  ----------------------------------------------------------------------------
  Term symbol:  16 (-) A                                    R^2 =  1.11380e-12

  Total energy:                                           -424.6376043814 a.u.
  Excitation energy:                                             317.788628 eV

  Osc. strength:                                                      0.000000
  Trans. dip. moment [a.u.]:           [   0.000000,   -0.000000,    0.000000]
  <i|r^2|0> [a.u.]:                    [  -0.000000,   -0.000000,   -0.000000]

  V1^2 = 0.8841, V2^2 = 0.1159

  Important amplitudes:
     core i     occ j      vir a      vir b          v   
    ------------------------------------------------------
     5 (A) A              29 (A) A                -0.5110
     5 (A) B              29 (A) B                 0.5110
    ------------------------------------------------------
  ----------------------------------------------------------------------------


  Excited state 16 (A)                                             [converged]
  ----------------------------------------------------------------------------
  Term symbol:  17 (-) A                                    R^2 =  2.24992e-12

  Total energy:                                           -424.6218717411 a.u.
  Excitation energy:                                             318.216735 eV

  Osc. strength:                                                      0.010930
  Trans. dip. moment [a.u.]:           [  -0.014263,   -0.032005,    0.013196]
  <i|r^2|0> [a.u.]:                    [   0.038535,   -0.303532,    0.003735]

  V1^2 = 0.8860, V2^2 = 0.1140

  Important amplitudes:
     core i     occ j      vir a      vir b          v   
    ------------------------------------------------------
     5 (A) B              29 (A) B                -0.5341
     5 (A) A              29 (A) A                -0.5341
    ------------------------------------------------------
  ----------------------------------------------------------------------------


  Excited state 17 (A)                                             [converged]
  ----------------------------------------------------------------------------
  Term symbol:  18 (-) A                                    R^2 =  5.51718e-08

  Total energy:                                           -424.1706315853 a.u.
  Excitation energy:                                             330.495604 eV

  Osc. strength:                                                      0.000000
  Trans. dip. moment [a.u.]:           [  -0.000000,   -0.000000,    0.000000]
  <i|r^2|0> [a.u.]:                    [   0.000000,   -0.000000,    0.000000]

  V1^2 = 0.8737, V2^2 = 0.1263

  Important amplitudes:
     core i     occ j      vir a      vir b          v   
    ------------------------------------------------------
     5 (A) B              30 (A) B                 0.6259
     5 (A) A              30 (A) A                -0.6259
    ------------------------------------------------------
  ----------------------------------------------------------------------------


  Excited state 18 (A)                                             [converged]
  ----------------------------------------------------------------------------
  Term symbol:  19 (-) A                                    R^2 =  5.55201e-08

  Total energy:                                           -424.1641076649 a.u.
  Excitation energy:                                             330.673129 eV

  Osc. strength:                                                      0.007655
  Trans. dip. moment [a.u.]:           [   0.028849,   -0.009576,    0.004571]
  <i|r^2|0> [a.u.]:                    [  -0.041870,   -0.094700,   -0.004351]

  V1^2 = 0.8723, V2^2 = 0.1277

  Important amplitudes:
     core i     occ j      vir a      vir b          v   
    ------------------------------------------------------
     5 (A) A              30 (A) A                 0.6345
     5 (A) B              30 (A) B                 0.6345
    ------------------------------------------------------
  ----------------------------------------------------------------------------


  Excited state 19 (A)                                         [not converged]
  ----------------------------------------------------------------------------
  Term symbol:  20 (-) A                                    R^2 =  3.36295e-06

  Total energy:                                           -424.1340829556 a.u.
  Excitation energy:                                             331.490143 eV


  V1^2 = 0.8668, V2^2 = 0.1332

  Important amplitudes:
     core i     occ j      vir a      vir b          v   
    ------------------------------------------------------
     5 (A) B              31 (A) B                 0.6188
     5 (A) A              31 (A) A                -0.6188
    ------------------------------------------------------
  ----------------------------------------------------------------------------


  Excited state 20 (A)                                         [not converged]
  ----------------------------------------------------------------------------
  Term symbol:  21 (-) A                                    R^2 =  1.96517e-05

  Total energy:                                           -424.1297782099 a.u.
  Excitation energy:                                             331.607281 eV


  V1^2 = 0.8660, V2^2 = 0.1340

  Important amplitudes:
     core i     occ j      vir a      vir b          v   
    ------------------------------------------------------
     5 (A) A              31 (A) A                 0.6268
     5 (A) B              31 (A) B                 0.6268
    ------------------------------------------------------
  ----------------------------------------------------------------------------


--------------------------------------------------------------------------------
  Time of ADC calculation:  CPU 3459.57 s  wall 2096.96 s
================================================================================
 
 --------------------------------------------------------------
 
                    Orbital Energies (a.u.)
 --------------------------------------------------------------
 
 Alpha MOs
 -- Occupied --
-26.475 -26.442 -26.417 -26.160 -11.650  -1.901  -1.799  -1.743
 -1.422  -1.054  -0.970  -0.958  -0.913  -0.800  -0.792  -0.786
 -0.757  -0.731  -0.510  -0.508  -0.501
 -- Virtual --
  0.165   0.359   0.468   0.506   0.634   0.671   0.746   0.768
  1.225   1.259   1.279   1.320   1.323   1.442   1.506   1.524
  1.552   1.558   1.577   1.590   1.729   1.738   1.769   1.906
  1.917   1.993   2.010   2.029   2.058   2.134   2.193   2.199
  2.233   2.317   2.325   2.328   2.381   2.412   2.466   2.524
  2.752   2.939   3.028   3.104   3.252   3.340   3.530   3.572
  3.583   4.303   4.692   5.093   5.447   6.589
 
 Beta MOs
 -- Occupied --
-26.475 -26.442 -26.417 -26.160 -11.650  -1.901  -1.799  -1.743
 -1.422  -1.054  -0.970  -0.958  -0.913  -0.800  -0.792  -0.786
 -0.757  -0.731  -0.510  -0.508  -0.501
 -- Virtual --
  0.165   0.359   0.468   0.506   0.634   0.671   0.746   0.768
  1.225   1.259   1.279   1.320   1.323   1.442   1.506   1.524
  1.552   1.558   1.577   1.590   1.729   1.738   1.769   1.906
  1.917   1.993   2.010   2.029   2.058   2.134   2.193   2.199
  2.233   2.317   2.325   2.328   2.381   2.412   2.466   2.524
  2.752   2.939   3.028   3.104   3.252   3.340   3.530   3.572
  3.583   4.303   4.692   5.093   5.447   6.589
 --------------------------------------------------------------
 
          Ground-State Mulliken Net Atomic Charges

     Atom                 Charge (a.u.)    Spin (a.u.)
  --------------------------------------------------------
      1 C                     1.201691       0.000000
      2 F                    -0.118893       0.000000
      3 F                    -0.245982       0.000000
      4 F                    -0.637895       0.000000
      5 F                    -0.198920       0.000000
  --------------------------------------------------------
  Sum of atomic charges =     0.000000
  Sum of spin   charges =     0.000000

 -----------------------------------------------------------------
                    Cartesian Multipole Moments
 -----------------------------------------------------------------
    Charge (ESU x 10^10)
                 0.0000
    Dipole Moment (Debye)
         X       2.1879      Y       3.7472      Z      -1.7575
       Tot       4.6816
    Quadrupole Moments (Debye-Ang)
        XX     -26.8128     XY       1.4282     YY      -9.3452
        XZ       1.7205     YZ      -3.0803     ZZ     -24.2832
    Octopole Moments (Debye-Ang^2)
       XXX      53.7093    XXY     -58.5812    XYY      16.0728
       YYY    -121.6947    XXZ      -1.9791    XYZ       2.4633
       YYZ      -7.3948    XZZ      17.5276    YZZ     -56.2663
       ZZZ      -0.3503
    Hexadecapole Moments (Debye-Ang^3)
      XXXX    -150.1390   XXXY     116.5411   XXYY    -171.6781
      XYYY     108.4765   YYYY    -730.8941   XXXZ       4.5735
      XXYZ      -1.5021   XYYZ       5.0925   YYYZ     -19.2831
      XXZZ     -37.8188   XYZZ      39.1190   YYZZ    -158.3511
      XZZZ       2.3846   YZZZ       3.2856   ZZZZ     -76.8813
 -----------------------------------------------------------------
Archival summary:
1\1\tp-linux1\SP\HF\6-31G*\41\thomas\MonMar2013:27:412017MonMar2013:27:412017\0\\#,HF,6-31G*,\\0,1\C\F,1,1.16702\F,1,1.22646,2,123.244\F,1,1.26716,2,119.892,3,166.33,0\F,1,1.75943,2,97.6849,3,-100.035,0\\HF=-435.511164\\@

 Total job time:  2101.11s(wall), 3472.15s(cpu) 
 Mon Mar 20 13:27:41 2017

        *************************************************************
        *                                                           *
        *  Thank you very much for using Q-Chem.  Have a nice day.  *
        *                                                           *
        *************************************************************


0 sent ACK to 0 
now end server 0 ... 
cleanup process ... done
