
Running Job 1 of 2 ddtraj4t8.inp
qchem ddtraj4t8.inp_2838.0 /scratch/qchem/qchem2838/ 1
/mnt/software/qchem/bin/mpi/mpirun_qchem -machinefile /mnt/software/qchem/bin/mpi/machines -np 1 /mnt/software/qchem/exe/qcprog.exe ddtraj4t8.inp_2838.0 /scratch/qchem/qchem2838/

Process 0 of 1 is on tp-linux1 - thread support 0
initial socket setup ...start
initial socket setup ...done 
now start server 0 ... 

cmd = ssh tp-linux1 /mnt/software/qchem/bin/get_hostid 452922749 > /scratch/qchem/qchem2838/lic.dat
                  Welcome to Q-Chem
     A Quantum Leap Into The Future Of Chemistry


 Q-Chem 4.3, Q-Chem, Inc., Pleasanton, CA (2015)

 Y. Shao,  Z. Gan,  E. Epifanovsky,  A. T. B. Gilbert,  M. Wormit,  
 J. Kussmann,  A. W. Lange,  A. Behn,  J. Deng,  X. Feng,  D. Ghosh,  
 M. Goldey,  P. R. Horn,  L. D. Jacobson,  I. Kaliman,  R. Z. Khaliullin,  
 T. Kus,  A. Landau,  J. Liu,  E. I. Proynov,  Y. M. Rhee,  R. M. Richard,  
 M. A. Rohrdanz,  R. P. Steele,  E. J. Sundstrom,  H. L. Woodcock III,  
 P. M. Zimmerman,  D. Zuev,  B. Albrecht,  E. Alguire,  B. Austin,  
 S. A. Baeppler,  G. J. O. Beran,  Y. A. Bernard,  E. Berquist,  
 K. Brandhorst,  K. B. Bravaya,  S. T. Brown,  D. Casanova,  C.-M. Chang,  
 Y. Chen,  S. H. Chien,  K. D. Closser,  D. L. Crittenden,  M. Diedenhofen,  
 R. A. DiStasio Jr.,  H. Do,  A. D. Dutoi,  R. G. Edgar,  P.-T. Fang,  
 S. Fatehi,  Q. Feng,  L. Fusti-Molnar,  A. Ghysels,  
 A. Golubeva-Zadorozhnaya,  J. Gomes,  A. Gunina,  M. W. D. Hanson-Heine,  
 P. H. P. Harbach,  A. W. Hauser,  E. G. Hohenstein,  Z. C. Holden,  K. Hui,  
 T.-C. Jagau,  H. Ji,  B. Kaduk,  K. Khistyaev,  Jaehoon Kim,  Jihan Kim,  
 R. A. King,  P. Klunzinger,  D. Kosenkov,  T. Kowalczyk,  C. M. Krauter,  
 K. U. Lao,  A. Laurent,  K. V. Lawler,  S. Lehtola,  S. V. Levchenko,  
 C. Y. Lin,  Y.-S. Lin,  F. Liu,  E. Livshits,  R. C. Lochan,  A. Luenser,  
 P. Manohar,  S. F. Manzer,  S.-P. Mao,  N. Mardirossian,  A. V. Marenich,  
 L. A. Martinez-Martinez,  S. A. Maurer,  N. J. Mayhall,  K. Nanda,  
 C. M. Oana,  R. Olivares-Amaya,  D. P. O'Neill,  J. A. Parkhill,  
 T. M. Perrine,  R. Peverati,  P. A. Pieniazek,  F. Plasser,  A. Prociuk,  
 D. R. Rehn,  E. Rosta,  N. J. Russ,  N. Sergueev,  S. M. Sharada,  
 S. Sharma,  D. W. Small,  A. Sodt,  T. Stauch,  T. Stein,  D. Stuck,  
 Y.-C. Su,  A. J. W. Thom,  T. Tsuchimochi,  L. Vogt,  O. Vydrov,  T. Wang,  
 M. A. Watson,  J. Wenzel,  A. White,  C. F. Williams,  V. Vanovschi,  
 S. Yeganeh,  S. R. Yost,  Z.-Q. You,  I. Y. Zhang,  X. Zhang,  Y. Zhao,  
 B. R. Brooks,  G. K. L. Chan,  D. M. Chipman,  C. J. Cramer,  
 W. A. Goddard III,  M. S. Gordon,  W. J. Hehre,  A. Klamt,  
 H. F. Schaefer III,  M. W. Schmidt,  C. D. Sherrill,  D. G. Truhlar,  
 A. Warshel,  X. Xu,  A. Aspuru-Guzik,  R. Baer,  A. T. Bell,  N. A. Besley,  
 J.-D. Chai,  A. Dreuw,  B. D. Dunietz,  T. R. Furlani,  S. R. Gwaltney,  
 C.-P. Hsu,  Y. Jung,  J. Kong,  D. S. Lambrecht,  W. Liang,  C. Ochsenfeld,  
 V. A. Rassolov,  L. V. Slipchenko,  J. E. Subotnik,  T. Van Voorhis,  
 J. M. Herbert,  A. I. Krylov,  P. M. W. Gill,  M. Head-Gordon

 Contributors to earlier versions of Q-Chem not listed above: 
 R. D. Adamson,  J. Baker,  E. F. C. Byrd,  A. K. Chakraborty,  C.-L. Cheng,  
 H. Dachsel,  R. J. Doerksen,  G. Hawkins,  A. Heyden,  S. Hirata,  
 G. Kedziora,  F. J. Keil,  C. Kelley,  P. P. Korambath,  W. Kurlancheek,  
 A. M. Lee,  M. S. Lee,  D. Liotard,  I. Lotan,  P. E. Maslen,  N. Nair,  
 D. Neuhauser,  R. Olson,  B. Peters,  J. Ritchie,  N. E. Schultz,  
 N. Shenvi,  A. C. Simmonett,  K. S. Thanthiriwatte,  Q. Wu,  W. Zhang

 Please cite Q-Chem as follows:
 Y. Shao et al., Mol. Phys. 113, 184-215 (2015)
 DOI: 10.1080/00268976.2014.952696

 Q-Chem 4.3.0 for Intel X86 Linux

 Parts of Q-Chem use Armadillo 5.200.1 (Boston Tea Smuggler).
 http://arma.sourceforge.net/

 Q-Chem begins on Mon Mar 20 12:18:24 2017  

Host: 
0

     Scratch files written to /scratch/qchem/qchem2838//
 Nov1815 1189b_ 19540  19532 5443   
 Parallel job on  1  processors
Processing $rem in /mnt/software/qchem/config/preferences.
 MEM_TOTAL  2000 

Checking the input file for inconsistencies... 	...done.

--------------------------------------------------------------
User input:
--------------------------------------------------------------
$comment
XAS calculation for the 2b valence excited for water using cvs-adc(2)-x + 6-311+G* basis set
job 1 - determination of HF orbitals
$end

$molecule
0 1
6  -0.561693  2.571008  -0.115045
9  0.590681  2.341515  -0.000956
9  -1.140121  3.247602  0.791255
9  -1.187045  1.114485  0.474992
9  -1.130117  2.540426  -1.193816
$end

$rem
jobtype      sp
sym_ignore true
exchange     hf
basis        6-31G*
unrestricted true
$end

--------------------------------------------------------------
 ----------------------------------------------------------------
             Standard Nuclear Orientation (Angstroms)
    I     Atom           X                Y                Z
 ----------------------------------------------------------------
    1      C      -0.5616930000     2.5710080000    -0.1150450000
    2      F       0.5906810000     2.3415150000    -0.0009560000
    3      F      -1.1401210000     3.2476020000     0.7912550000
    4      F      -1.1870450000     1.1144850000     0.4749920000
    5      F      -1.1301170000     2.5404260000    -1.1938160000
 ----------------------------------------------------------------
 Nuclear Repulsion Energy =   206.8468824175 hartrees
 There are       21 alpha and       21 beta electrons
 Requested basis set is 6-31G(d)
 There are 20 shells and 75 basis functions

 Total QAlloc Memory Limit   2000 MB
 Mega-Array Size        61 MB
 MEM_STATIC part        62 MB

                       Distance Matrix (Angstroms)
             C (  1)   F (  2)   F (  3)   F (  4)
   F (  2)  1.180529
   F (  3)  1.270330  2.108143
   F (  4)  1.691351  2.211886  2.156945
   F (  5)  1.219749  2.103242  2.107298  2.195784
 
 tim1(1): 
  0.000000000000000E+000
 tim1(2): 
  0.000000000000000E+000
 A cutoff of  1.0D-08 yielded    199 shell pairs
 There are      2962 function pairs
 
 -------------------------------------------------------
 OpenMP Integral Computing Module                       
 Release: version 1.0, May 2013, Q-Chem Inc. Pittsburgh 
 -------------------------------------------------------
 Integral Job Info:
 Integral job number is                      11
 Integral operator is                         1
 short-range coefficients                     0
 long-range coefficients              100000000
 Omega coefficients                           0
 if combine SR and LR in K                    0
 Integral screening is                        0
 Integral computing path is                   2
 max size of driver memory is            800000
 size of driver memory is                593474
 size of scratch memory is              2260544
 max col of scratch BK array               1296
 max len of scratch array in speh3          155
 max len of scratch index in speh4           18
 max int batch size is                      520
 min int batch size is                       52
 fixed nKL is                                52
 max L of basis functions is                  2
 order of int derivative is                   0
 number of shells is                         20
 number of basis is                          75
 number of cartesian basis is                75
 number of contracted shell pairs           199
 number of primitive shell pairs            981
 maxK2 (contraction) of shell pair           36
 max number of K2 of shell pair               1
 max number of CS2 of shell pair             28
 max number of PS2 of shell pair            180
 mem total for path MDJ                   21832
 -------------------------------------------------------
 Smallest overlap matrix eigenvalue = 1.59E-03

 Scale SEOQF with 1.000000e+00/1.000000e-01/1.000000e+00

 Standard Electronic Orientation quadrupole field applied
 Nucleus-field energy     =     0.0000000107 hartrees
 Guess from superposition of atomic densities
 Warning:  Energy on first SCF cycle will be non-variational
 An unrestricted Hartree-Fock SCF calculation will be
 performed using Pulay DIIS extrapolation
 SCF converges when DIIS error is below 1.0E-05
 using 8 threads for integral computing 
 ---------------------------------------
  Cycle       Energy         DIIS Error
 ---------------------------------------
    1    -436.6560030826      9.39E-02
    2    -435.3402430448      1.88E-02
    3    -435.4756902680      1.17E-02
    4    -435.5364614778      1.13E-03
    5    -435.5373538754      4.08E-04
    6    -435.5374931228      1.14E-04
    7    -435.5375058258      4.72E-05
    8    -435.5375081487      8.62E-06 Convergence criterion met
 ---------------------------------------
 <S^2> = 0.0000
 SCF time:  CPU 8.85 s  wall 1.98 s
 SCF   energy in the final basis set = -435.5375081487
 Total energy in the final basis set = -435.5375081487
 
 --------------------------------------------------------------
 
                    Orbital Energies (a.u.)
 --------------------------------------------------------------
 
 Alpha MOs
 -- Occupied --
-26.457 -26.436 -26.408 -26.192 -11.638  -1.886  -1.790  -1.735
 -1.456  -1.044  -0.961  -0.947  -0.904  -0.795  -0.784  -0.777
 -0.751  -0.723  -0.539  -0.537  -0.531
 -- Virtual --
  0.201   0.369   0.475   0.512   0.644   0.684   0.740   0.755
  1.238   1.262   1.286   1.313   1.318   1.440   1.519   1.540
  1.554   1.564   1.584   1.604   1.727   1.730   1.780   1.905
  1.909   1.988   2.020   2.035   2.062   2.135   2.187   2.210
  2.246   2.313   2.320   2.337   2.392   2.431   2.463   2.505
  2.767   2.939   3.028   3.136   3.261   3.330   3.527   3.563
  3.581   4.322   4.708   5.067   5.377   6.501
 
 Beta MOs
 -- Occupied --
-26.457 -26.436 -26.408 -26.192 -11.638  -1.886  -1.790  -1.735
 -1.456  -1.044  -0.961  -0.947  -0.904  -0.795  -0.784  -0.777
 -0.751  -0.723  -0.539  -0.537  -0.531
 -- Virtual --
  0.201   0.369   0.475   0.512   0.644   0.684   0.740   0.755
  1.238   1.262   1.286   1.313   1.318   1.440   1.519   1.540
  1.554   1.564   1.584   1.604   1.727   1.730   1.780   1.905
  1.909   1.988   2.020   2.035   2.062   2.135   2.187   2.210
  2.246   2.313   2.320   2.337   2.392   2.431   2.463   2.505
  2.767   2.939   3.028   3.136   3.261   3.330   3.527   3.563
  3.581   4.322   4.708   5.067   5.377   6.501
 --------------------------------------------------------------
 
          Ground-State Mulliken Net Atomic Charges

     Atom                 Charge (a.u.)    Spin (a.u.)
  --------------------------------------------------------
      1 C                     1.215586       0.000000
      2 F                    -0.149540       0.000000
      3 F                    -0.263286       0.000000
      4 F                    -0.600312       0.000000
      5 F                    -0.202448       0.000000
  --------------------------------------------------------
  Sum of atomic charges =     0.000000
  Sum of spin   charges =     0.000000

 -----------------------------------------------------------------
                    Cartesian Multipole Moments
 -----------------------------------------------------------------
    Charge (ESU x 10^10)
                 0.0000
    Dipole Moment (Debye)
         X       1.8101      Y       3.1435      Z      -1.5611
       Tot       3.9491
    Quadrupole Moments (Debye-Ang)
        XX     -26.4534     XY       1.1391     YY     -11.8931
        XZ       1.5271     YZ      -2.8214     ZZ     -24.3068
    Octopole Moments (Debye-Ang^2)
       XXX      53.0956    XXY     -58.4786    XYY      16.1949
       YYY    -130.6481    XXZ      -1.7388    XYZ       2.3378
       YYZ      -6.9442    XZZ      17.5150    YZZ     -56.5328
       ZZZ      -0.2692
    Hexadecapole Moments (Debye-Ang^3)
      XXXX    -148.6080   XXXY     116.8862   XXYY    -172.0620
      XYYY     111.0272   YYYY    -759.8433   XXXZ       3.9038
      XXYZ      -1.6018   XYYZ       5.0963   YYYZ     -18.8352
      XXZZ     -37.6393   XYZZ      39.5532   YYZZ    -158.9784
      XZZZ       1.9624   YZZZ       2.6729   ZZZZ     -76.1716
 -----------------------------------------------------------------
Archival summary:
1\1\tp-linux1\SP\HF\6-31G*\41\thomas\MonMar2012:18:272017MonMar2012:18:272017\0\\#,HF,6-31G*,\\0,1\C\F,1,1.18053\F,1,1.21975,2,122.378\F,1,1.27033,2,118.625,3,158.279,0\F,1,1.69135,2,99.195,3,-103.896,0\\HF=-435.537508\\@

 Total job time:  2.29s(wall), 10.53s(cpu) 
 Mon Mar 20 12:18:27 2017

        *************************************************************
        *                                                           *
        *  Thank you very much for using Q-Chem.  Have a nice day.  *
        *                                                           *
        *************************************************************


0 sent ACK to 0 
now end server 0 ... 
cleanup process ... done

Running Job 2 of 2 ddtraj4t8.inp
qchem ddtraj4t8.inp_2838.1 /scratch/qchem/qchem2838/ 1
/mnt/software/qchem/bin/mpi/mpirun_qchem -machinefile /mnt/software/qchem/bin/mpi/machines -np 1 /mnt/software/qchem/exe/qcprog.exe ddtraj4t8.inp_2838.1 /scratch/qchem/qchem2838/

Process 0 of 1 is on tp-linux1 - thread support 0
initial socket setup ...start
initial socket setup ...done 
now start server 0 ... 

cmd = ssh tp-linux1 /mnt/software/qchem/bin/get_hostid 11350195 > /scratch/qchem/qchem2838/lic.dat
                  Welcome to Q-Chem
     A Quantum Leap Into The Future Of Chemistry


 Q-Chem 4.3, Q-Chem, Inc., Pleasanton, CA (2015)

 Y. Shao,  Z. Gan,  E. Epifanovsky,  A. T. B. Gilbert,  M. Wormit,  
 J. Kussmann,  A. W. Lange,  A. Behn,  J. Deng,  X. Feng,  D. Ghosh,  
 M. Goldey,  P. R. Horn,  L. D. Jacobson,  I. Kaliman,  R. Z. Khaliullin,  
 T. Kus,  A. Landau,  J. Liu,  E. I. Proynov,  Y. M. Rhee,  R. M. Richard,  
 M. A. Rohrdanz,  R. P. Steele,  E. J. Sundstrom,  H. L. Woodcock III,  
 P. M. Zimmerman,  D. Zuev,  B. Albrecht,  E. Alguire,  B. Austin,  
 S. A. Baeppler,  G. J. O. Beran,  Y. A. Bernard,  E. Berquist,  
 K. Brandhorst,  K. B. Bravaya,  S. T. Brown,  D. Casanova,  C.-M. Chang,  
 Y. Chen,  S. H. Chien,  K. D. Closser,  D. L. Crittenden,  M. Diedenhofen,  
 R. A. DiStasio Jr.,  H. Do,  A. D. Dutoi,  R. G. Edgar,  P.-T. Fang,  
 S. Fatehi,  Q. Feng,  L. Fusti-Molnar,  A. Ghysels,  
 A. Golubeva-Zadorozhnaya,  J. Gomes,  A. Gunina,  M. W. D. Hanson-Heine,  
 P. H. P. Harbach,  A. W. Hauser,  E. G. Hohenstein,  Z. C. Holden,  K. Hui,  
 T.-C. Jagau,  H. Ji,  B. Kaduk,  K. Khistyaev,  Jaehoon Kim,  Jihan Kim,  
 R. A. King,  P. Klunzinger,  D. Kosenkov,  T. Kowalczyk,  C. M. Krauter,  
 K. U. Lao,  A. Laurent,  K. V. Lawler,  S. Lehtola,  S. V. Levchenko,  
 C. Y. Lin,  Y.-S. Lin,  F. Liu,  E. Livshits,  R. C. Lochan,  A. Luenser,  
 P. Manohar,  S. F. Manzer,  S.-P. Mao,  N. Mardirossian,  A. V. Marenich,  
 L. A. Martinez-Martinez,  S. A. Maurer,  N. J. Mayhall,  K. Nanda,  
 C. M. Oana,  R. Olivares-Amaya,  D. P. O'Neill,  J. A. Parkhill,  
 T. M. Perrine,  R. Peverati,  P. A. Pieniazek,  F. Plasser,  A. Prociuk,  
 D. R. Rehn,  E. Rosta,  N. J. Russ,  N. Sergueev,  S. M. Sharada,  
 S. Sharma,  D. W. Small,  A. Sodt,  T. Stauch,  T. Stein,  D. Stuck,  
 Y.-C. Su,  A. J. W. Thom,  T. Tsuchimochi,  L. Vogt,  O. Vydrov,  T. Wang,  
 M. A. Watson,  J. Wenzel,  A. White,  C. F. Williams,  V. Vanovschi,  
 S. Yeganeh,  S. R. Yost,  Z.-Q. You,  I. Y. Zhang,  X. Zhang,  Y. Zhao,  
 B. R. Brooks,  G. K. L. Chan,  D. M. Chipman,  C. J. Cramer,  
 W. A. Goddard III,  M. S. Gordon,  W. J. Hehre,  A. Klamt,  
 H. F. Schaefer III,  M. W. Schmidt,  C. D. Sherrill,  D. G. Truhlar,  
 A. Warshel,  X. Xu,  A. Aspuru-Guzik,  R. Baer,  A. T. Bell,  N. A. Besley,  
 J.-D. Chai,  A. Dreuw,  B. D. Dunietz,  T. R. Furlani,  S. R. Gwaltney,  
 C.-P. Hsu,  Y. Jung,  J. Kong,  D. S. Lambrecht,  W. Liang,  C. Ochsenfeld,  
 V. A. Rassolov,  L. V. Slipchenko,  J. E. Subotnik,  T. Van Voorhis,  
 J. M. Herbert,  A. I. Krylov,  P. M. W. Gill,  M. Head-Gordon

 Contributors to earlier versions of Q-Chem not listed above: 
 R. D. Adamson,  J. Baker,  E. F. C. Byrd,  A. K. Chakraborty,  C.-L. Cheng,  
 H. Dachsel,  R. J. Doerksen,  G. Hawkins,  A. Heyden,  S. Hirata,  
 G. Kedziora,  F. J. Keil,  C. Kelley,  P. P. Korambath,  W. Kurlancheek,  
 A. M. Lee,  M. S. Lee,  D. Liotard,  I. Lotan,  P. E. Maslen,  N. Nair,  
 D. Neuhauser,  R. Olson,  B. Peters,  J. Ritchie,  N. E. Schultz,  
 N. Shenvi,  A. C. Simmonett,  K. S. Thanthiriwatte,  Q. Wu,  W. Zhang

 Please cite Q-Chem as follows:
 Y. Shao et al., Mol. Phys. 113, 184-215 (2015)
 DOI: 10.1080/00268976.2014.952696

 Q-Chem 4.3.0 for Intel X86 Linux

 Parts of Q-Chem use Armadillo 5.200.1 (Boston Tea Smuggler).
 http://arma.sourceforge.net/

 Q-Chem begins on Mon Mar 20 12:18:29 2017  

Host: 
0

     Scratch files written to /scratch/qchem/qchem2838//
 Nov1815 1189b_ 19540  19532 5443   
 Parallel job on  1  processors
Processing $rem in /mnt/software/qchem/config/preferences.
 MEM_TOTAL  2000 

Checking the input file for inconsistencies... 	...done.

--------------------------------------------------------------
User input:
--------------------------------------------------------------

$comment
job3 - cvs-adc(2) calculation
$end

$molecule
read
$end

$rem
mem_total 3000
mem_static 1500
sym_ignore true
scf_guess read
method cvs-adc(2)
basis 6-31G*
ee_singlets 20
cc_rest_occ 5                  !only excitations from the lowest N orbitals
unrestricted  true
max_scf_cycles 200
$end
--------------------------------------------------------------
 ----------------------------------------------------------------
             Standard Nuclear Orientation (Angstroms)
    I     Atom           X                Y                Z
 ----------------------------------------------------------------
    1      C      -0.5616930000     2.5710080000    -0.1150450000
    2      F       0.5906810000     2.3415150000    -0.0009560000
    3      F      -1.1401210000     3.2476020000     0.7912550000
    4      F      -1.1870450000     1.1144850000     0.4749920000
    5      F      -1.1301170000     2.5404260000    -1.1938160000
 ----------------------------------------------------------------
 Nuclear Repulsion Energy =   206.8468824175 hartrees
 There are       21 alpha and       21 beta electrons
 Requested basis set is 6-31G(d)
 There are 20 shells and 75 basis functions

 Total QAlloc Memory Limit   3000 MB
 Mega-Array Size      1467 MB
 MEM_STATIC part      1500 MB

                       Distance Matrix (Angstroms)
             C (  1)   F (  2)   F (  3)   F (  4)
   F (  2)  1.180529
   F (  3)  1.270330  2.108143
   F (  4)  1.691351  2.211886  2.156945
   F (  5)  1.219749  2.103242  2.107298  2.195784
 
 tim1(1): 
  0.000000000000000E+000
 tim1(2): 
  0.000000000000000E+000
 A cutoff of  1.0D-11 yielded    204 shell pairs
 There are      2979 function pairs
 
 -------------------------------------------------------
 OpenMP Integral Computing Module                       
 Release: version 1.0, May 2013, Q-Chem Inc. Pittsburgh 
 -------------------------------------------------------
 Integral Job Info:
 Integral job number is                      11
 Integral operator is                         1
 short-range coefficients                     0
 long-range coefficients              100000000
 Omega coefficients                           0
 if combine SR and LR in K                    0
 Integral screening is                        0
 Integral computing path is                   2
 max size of driver memory is            800000
 size of driver memory is                593474
 size of scratch memory is              2260544
 max col of scratch BK array               1296
 max len of scratch array in speh3          155
 max len of scratch index in speh4           18
 max int batch size is                      520
 min int batch size is                       52
 fixed nKL is                                52
 max L of basis functions is                  2
 order of int derivative is                   0
 number of shells is                         20
 number of basis is                          75
 number of cartesian basis is                75
 number of contracted shell pairs           204
 number of primitive shell pairs           1070
 maxK2 (contraction) of shell pair           36
 max number of K2 of shell pair               1
 max number of CS2 of shell pair             37
 max number of PS2 of shell pair            222
 mem total for path MDJ                   21832
 -------------------------------------------------------
 Smallest overlap matrix eigenvalue = 1.59E-03

 Scale SEOQF with 1.000000e+00/1.000000e-01/1.000000e+00

 Standard Electronic Orientation quadrupole field applied
 Nucleus-field energy     =     0.0000000107 hartrees
 Guess MOs from SCF MO coefficient file
 Reading MOs from coefficient file
 Reading MOs from coefficient file
 An unrestricted Hartree-Fock SCF calculation will be
 performed using Pulay DIIS extrapolation
 SCF converges when DIIS error is below 1.0E-08
 using 8 threads for integral computing 
 ---------------------------------------
  Cycle       Energy         DIIS Error
 ---------------------------------------
    1    -435.5375082753      2.56E-06
    2    -435.5375082821      1.10E-06
    3    -435.5375082837      7.12E-07
    4    -435.5375082842      7.68E-08
    5    -435.5375082842      3.20E-08
    6    -435.5375082842      9.36E-09 Convergence criterion met
 ---------------------------------------
 <S^2> = 0.0000
 SCF time:  CPU 6.03 s  wall 1.67 s
 SCF   energy in the final basis set = -435.5375082842
 Total energy in the final basis set = -435.5375082842
================================================================================
|                                                                              |
|                                 A D C  M A N                                 |
|                                                                              |
 ------------------------------------------------------------------------------ 
|                                                                              |
| Components:                                                                  |
|                                                                              |
| - libvmm - 1.2-release                                                       |
|   Authors:                                                                   |
|   Evgeny Epifanovsky, Ilya Kaliman                                           |
|                                                                              |
| - libtensor - 2.4-trunk                                                      |
|   Authors:                                                                   |
|   Evgeny Epifanovsky, Michael Wormit, Dmitry Zuev, Sam Manzer                |
|                                                                              |
| - libwfa - 1.1-beta                                                          |
|   Authors:                                                                   |
|   Felix Plasser, Stefanie Baeppler, Benjamin Thomitzni, Michael Wormit       |
|                                                                              |
| - libadc - 1.0-beta                                                          |
|   Authors:                                                                   |
|   Michael Wormit, Philipp H. P. Harbach, Caroline Krauter, Dirk Rehn,        |
|   Matthias Schneider, Jan Wenzel                                             |
|                                                                              |
| - adcman - 2.4-beta                                                          |
|   Authors:                                                                   |
|   Michael Wormit, Philipp H. P. Harbach, Caroline Krauter, Dirk Rehn,        |
|   Jan Wenzel, Andreas Dreuw                                                  |
|                                                                              |
| Authors of earlier versions of ADCMAN:                                       |
| Andreas Dreuw, Jan Hendrik Starcke, Dirk Rehn, Michael Wormit                |
|                                                                              |
================================================================================

 
 Alpha MOs, Unrestricted
 -- Occupied --                  
-26.457 -26.436 -26.408 -26.193 -11.638  -1.886  -1.790  -1.735
  1 A     2 A     3 A     4 A     5 A     6 A     7 A     8 A                  
 -1.456  -1.044  -0.961  -0.947  -0.904  -0.795  -0.784  -0.777
  9 A    10 A    11 A    12 A    13 A    14 A    15 A    16 A                  
 -0.751  -0.723  -0.539  -0.537  -0.531
 17 A    18 A    19 A    20 A    21 A                                          
 -- Virtual --                   
  0.201   0.369   0.475   0.512   0.644   0.684   0.740   0.755
 22 A    23 A    24 A    25 A    26 A    27 A    28 A    29 A                  
  1.238   1.262   1.286   1.313   1.318   1.440   1.519   1.540
 30 A    31 A    32 A    33 A    34 A    35 A    36 A    37 A                  
  1.554   1.564   1.584   1.604   1.727   1.730   1.780   1.905
 38 A    39 A    40 A    41 A    42 A    43 A    44 A    45 A                  
  1.909   1.988   2.020   2.035   2.062   2.135   2.187   2.210
 46 A    47 A    48 A    49 A    50 A    51 A    52 A    53 A                  
  2.246   2.313   2.320   2.337   2.392   2.431   2.463   2.505
 54 A    55 A    56 A    57 A    58 A    59 A    60 A    61 A                  
  2.767   2.939   3.028   3.136   3.261   3.330   3.527   3.563
 62 A    63 A    64 A    65 A    66 A    67 A    68 A    69 A                  
  3.581   4.322   4.708   5.067   5.377   6.501
 70 A    71 A    72 A    73 A    74 A    75 A                                  
 
 Beta MOs, Unrestricted
 -- Occupied --                  
-26.457 -26.436 -26.408 -26.193 -11.638  -1.886  -1.790  -1.735
  1 A     2 A     3 A     4 A     5 A     6 A     7 A     8 A                  
 -1.456  -1.044  -0.961  -0.947  -0.904  -0.795  -0.784  -0.777
  9 A    10 A    11 A    12 A    13 A    14 A    15 A    16 A                  
 -0.751  -0.723  -0.539  -0.537  -0.531
 17 A    18 A    19 A    20 A    21 A                                          
 -- Virtual --                   
  0.201   0.369   0.475   0.512   0.644   0.684   0.740   0.755
 22 A    23 A    24 A    25 A    26 A    27 A    28 A    29 A                  
  1.238   1.262   1.286   1.313   1.318   1.440   1.519   1.540
 30 A    31 A    32 A    33 A    34 A    35 A    36 A    37 A                  
  1.554   1.564   1.584   1.604   1.727   1.730   1.780   1.905
 38 A    39 A    40 A    41 A    42 A    43 A    44 A    45 A                  
  1.909   1.988   2.020   2.035   2.062   2.135   2.187   2.210
 46 A    47 A    48 A    49 A    50 A    51 A    52 A    53 A                  
  2.246   2.313   2.320   2.337   2.392   2.431   2.463   2.505
 54 A    55 A    56 A    57 A    58 A    59 A    60 A    61 A                  
  2.767   2.939   3.028   3.136   3.261   3.330   3.527   3.563
 62 A    63 A    64 A    65 A    66 A    67 A    68 A    69 A                  
  3.581   4.322   4.708   5.067   5.377   6.501
 70 A    71 A    72 A    73 A    74 A    75 A                                  
 

--------------------------------------------------------------------------------
                                   HF Summary                                   
--------------------------------------------------------------------------------
  Energy:                                                 -435.5375082842 a.u.
  Dip. moment [a.u.]:                  [ -55.834592,  185.132523,    0.525326]
  Total dipole [Debye]:                                             491.496764
  <r^2> [a.u.]:                        [ 165.753125,  912.999529,   91.533812]
  Total <r^2> [a.u.]:                                              1170.286466
--------------------------------------------------------------------------------

--------------------------------------------------------------------------------
                                 MP(2) Summary                                  
--------------------------------------------------------------------------------
  Energy contribution:                                      -0.8040292013 a.u.
  Total energy:                                           -436.3415374855 a.u.
  Dip. moment [a.u.]:                  [ -55.750086,  185.287768,    0.451105]
  Total dipole [Debye]:                                             491.812157
  <r^2> [a.u.]:                        [ 165.435824,  914.204018,   91.439025]
  Total <r^2> [a.u.]:                                              1171.078867
--------------------------------------------------------------------------------
  Starting Davidson ... 
--------------------------------------------------------------------------------
   It NVec Conv  Avg. Norm  Max. Norm  Conv. states           Remark
--------------------------------------------------------------------------------
        20    0  2.102e-01  1.055e+00 11.0695 n n n n n n n n Guess.
    1   40    0  5.455e-02  6.880e-01 10.9027 n n n n n n n n 
    2   60    0  9.154e-03  8.978e-02 10.9010 n n n n n n n n 
    3   80    0  3.048e-03  3.382e-02 10.9010 n n n n n n n n 
    4  100    0  1.903e-03  2.283e-02 10.9010 n n n n n n n n 
    5   40    0  1.422e-03  1.683e-02 10.9010 n n n n n n n n Subspace collapsed.
    6   60    0  1.557e-03  1.902e-02 10.9010 n n n n n n n n 
    7   80    0  1.854e-03  2.660e-02 10.9010 n n n n n n n n 
    8  100    2  2.089e-03  3.334e-02 10.9010 y y n n n n n n 
    9   40    5  1.159e-03  1.913e-02 10.9010 y y n n n y y y Subspace collapsed.
   10   60    7  7.259e-04  1.157e-02 10.9010 y y y y n y y y 
   11   80   10  7.845e-04  1.399e-02 10.9010 y y y y y y y y 
   12  100   14  1.248e-03  2.234e-02 10.9010 y y y y y y y y 
   13   40   14  6.703e-04  1.214e-02 10.9010 y y y y y y y y Subspace collapsed.
   14   60   14  7.940e-04  1.406e-02 10.9010 y y y y y y y y 
   15   80   14  9.391e-04  1.629e-02 10.9010 y y y y y y y y 
   16  100   16  1.408e-03  2.103e-02 10.9010 y y y y y y y y 
   17   39   16  7.950e-04  1.316e-02 10.9010 y y y y y y y y Subspace collapsed.
   18   57   16  8.756e-04  1.541e-02 10.9010 y y y y y y y y 
   19   60   16  8.764e-04  1.543e-02 10.9010 y y y y y y y y 
   20   60   16  8.764e-04  1.543e-02 10.9010 y y y y y y y y 
   21   80   16  6.302e-04  1.148e-02 10.9010 y y y y y y y y 
   22   93   16  1.082e-03  1.974e-02 10.9010 y y y y y y y y 
   23  100   16  1.200e-03  2.209e-02 10.9010 y y y y y y y y 
   24   32   16  6.084e-04  1.096e-02 10.9010 y y y y y y y y Subspace collapsed.
   25   32   16  6.084e-04  1.096e-02 10.9010 y y y y y y y y 
   26   51   16  8.092e-04  1.415e-02 10.9010 y y y y y y y y 
   27   62   16  6.702e-04  1.090e-02 10.9010 y y y y y y y y 
   28   63   16  6.721e-04  1.095e-02 10.9010 y y y y y y y y 
   29   65   16  6.776e-04  1.106e-02 10.9010 y y y y y y y y 
   30   66   16  6.776e-04  1.104e-02 10.9010 y y y y y y y y 
   31   66   16  6.776e-04  1.104e-02 10.9010 y y y y y y y y 
   32   68   16  6.768e-04  1.102e-02 10.9010 y y y y y y y y 
   33   68   16  6.768e-04  1.102e-02 10.9010 y y y y y y y y 
   34   68   16  6.768e-04  1.102e-02 10.9010 y y y y y y y y 
   35   88   16  1.216e-03  1.893e-02 10.9010 y y y y y y y y 
   36   88   16  1.216e-03  1.893e-02 10.9010 y y y y y y y y 
   37   89   16  1.215e-03  1.890e-02 10.9010 y y y y y y y y 
   38   89   16  1.215e-03  1.890e-02 10.9010 y y y y y y y y 
   39   89   16  1.215e-03  1.890e-02 10.9010 y y y y y y y y 
   40   89   16  1.215e-03  1.890e-02 10.9010 y y y y y y y y 
   41  100   16  1.247e-03  1.887e-02 10.9010 y y y y y y y y 
   42   26   16  7.296e-04  1.102e-02 10.9010 y y y y y y y y Subspace collapsed.
   43   32   16  7.388e-04  1.227e-02 10.9010 y y y y y y y y 
   44   38   16  6.588e-04  1.159e-02 10.9010 y y y y y y y y 
   45   44   16  7.734e-04  1.377e-02 10.9010 y y y y y y y y 
   46   50   16  1.641e-03  2.662e-02 10.9010 y y y y y y y y 
   47   56   16  1.986e-03  3.319e-02 10.9010 y y y y y y y y 
   48   62   16  1.511e-03  2.634e-02 10.9010 y y y y y y y y 
   49   68   16  7.938e-04  1.389e-02 10.9010 y y y y y y y y 
   50   74   16  4.089e-04  6.605e-03 10.9010 y y y y y y y y 
   51   80   16  2.413e-04  4.027e-03 10.9010 y y y y y y y y 
   52   86   16  2.558e-04  4.926e-03 10.9010 y y y y y y y y 
   53   92   16  1.733e-04  3.412e-03 10.9010 y y y y y y y y 
   54   98   18  7.937e-05  1.542e-03 10.9010 y y y y y y y y 
   55  100   18  7.876e-05  1.533e-03 10.9010 y y y y y y y y 
   56   20   18  7.876e-05  1.533e-03 10.9010 y y y y y y y y Subspace collapsed.
   57   20   18  7.876e-05  1.533e-03 10.9010 y y y y y y y y 
   58   21   18  7.877e-05  1.534e-03 10.9010 y y y y y y y y 
   59   27   18  3.897e-05  7.567e-04 10.9010 y y y y y y y y 
--------------------------------------------------------------------------------
  Davidson Summary: 
 ------------------------------------------------------------
  State  0: excitation energy =  10.9010 a.u.   (converged)
  State  1: excitation energy =  10.9737 a.u.   (converged)
  State  2: excitation energy =  11.1502 a.u.   (converged)
  State  3: excitation energy =  11.1874 a.u.   (converged)
  State  4: excitation energy =  11.2321 a.u.   (converged)
  State  5: excitation energy =  11.2554 a.u.   (converged)
  State  6: excitation energy =  11.2603 a.u.   (converged)
  State  7: excitation energy =  11.3333 a.u.   (converged)
  State  8: excitation energy =  11.4579 a.u.   (converged)
  State  9: excitation energy =  11.5112 a.u.   (converged)
  State 10: excitation energy =  11.5385 a.u.   (converged)
  State 11: excitation energy =  11.5521 a.u.   (converged)
  State 12: excitation energy =  11.5522 a.u.   (converged)
  State 13: excitation energy =  11.5688 a.u.   (converged)
  State 14: excitation energy =  11.6542 a.u.   (converged)
  State 15: excitation energy =  11.6694 a.u.   (converged)
  State 16: excitation energy =  12.1477 a.u.   (converged)
  State 17: excitation energy =  12.1542 a.u.   (converged)
  State 18: excitation energy =  12.1743 a.u.   (not converged)
  State 19: excitation energy =  12.1786 a.u.   (not converged)
 ------------------------------------------------------------


--------------------------------------------------------------------------------
                             Excited State Summary
--------------------------------------------------------------------------------

  Excited state  1 (A)                                             [converged]
  ----------------------------------------------------------------------------
  Term symbol:  2 (-) A                                     R^2 =  9.07375e-14

  Total energy:                                           -425.4405677765 a.u.
  Excitation energy:                                             296.630472 eV

  Osc. strength:                                                      0.000000
  Trans. dip. moment [a.u.]:           [   0.000000,    0.000000,   -0.000000]
  <i|r^2|0> [a.u.]:                    [  -0.000000,    0.000000,    0.000000]

  V1^2 = 0.9579, V2^2 = 0.0421

  Important amplitudes:
     core i     occ j      vir a      vir b          v   
    ------------------------------------------------------
     5 (A) A              22 (A) A                 0.6340
     5 (A) B              22 (A) B                -0.6340
    ------------------------------------------------------
  ----------------------------------------------------------------------------


  Excited state  2 (A)                                             [converged]
  ----------------------------------------------------------------------------
  Term symbol:  3 (-) A                                     R^2 =  6.08392e-14

  Total energy:                                           -425.3678739752 a.u.
  Excitation energy:                                             298.608571 eV

  Osc. strength:                                                      0.114048
  Trans. dip. moment [a.u.]:           [   0.038030,    0.112703,   -0.037962]
  <i|r^2|0> [a.u.]:                    [  -0.083405,    1.096750,    0.013853]

  V1^2 = 0.9523, V2^2 = 0.0477

  Important amplitudes:
     core i     occ j      vir a      vir b          v   
    ------------------------------------------------------
     5 (A) B              22 (A) B                 0.6514
     5 (A) A              22 (A) A                 0.6514
    ------------------------------------------------------
  ----------------------------------------------------------------------------


  Excited state  3 (A)                                             [converged]
  ----------------------------------------------------------------------------
  Term symbol:  4 (-) A                                     R^2 =  1.41715e-13

  Total energy:                                           -425.1913752855 a.u.
  Excitation energy:                                             303.411344 eV

  Osc. strength:                                                      0.000000
  Trans. dip. moment [a.u.]:           [   0.000000,   -0.000000,   -0.000000]
  <i|r^2|0> [a.u.]:                    [  -0.000000,   -0.000000,   -0.000000]

  V1^2 = 0.9431, V2^2 = 0.0569

  Important amplitudes:
     core i     occ j      vir a      vir b          v   
    ------------------------------------------------------
     5 (A) A              23 (A) A                -0.4333
     5 (A) B              23 (A) B                 0.4333
    ------------------------------------------------------
  ----------------------------------------------------------------------------


  Excited state  4 (A)                                             [converged]
  ----------------------------------------------------------------------------
  Term symbol:  5 (-) A                                     R^2 =  1.78964e-13

  Total energy:                                           -425.1540939803 a.u.
  Excitation energy:                                             304.425820 eV

  Osc. strength:                                                      0.000000
  Trans. dip. moment [a.u.]:           [  -0.000000,    0.000000,    0.000000]
  <i|r^2|0> [a.u.]:                    [  -0.000000,    0.000000,   -0.000000]

  V1^2 = 0.9437, V2^2 = 0.0563

  Important amplitudes:
     core i     occ j      vir a      vir b          v   
    ------------------------------------------------------
     5 (A) A              27 (A) A                 0.3977
     5 (A) B              27 (A) B                -0.3977
    ------------------------------------------------------
  ----------------------------------------------------------------------------


  Excited state  5 (A)                                             [converged]
  ----------------------------------------------------------------------------
  Term symbol:  6 (-) A                                     R^2 =  9.02688e-14

  Total energy:                                           -425.1094257306 a.u.
  Excitation energy:                                             305.641305 eV

  Osc. strength:                                                      0.041034
  Trans. dip. moment [a.u.]:           [   0.039926,   -0.015751,   -0.060314]
  <i|r^2|0> [a.u.]:                    [  -0.102877,   -0.175500,    0.009187]

  V1^2 = 0.9265, V2^2 = 0.0735

  Important amplitudes:
     core i     occ j      vir a      vir b          v   
    ------------------------------------------------------
     5 (A) B              23 (A) B                -0.5333
     5 (A) A              23 (A) A                -0.5333
    ------------------------------------------------------
  ----------------------------------------------------------------------------


  Excited state  6 (A)                                             [converged]
  ----------------------------------------------------------------------------
  Term symbol:  7 (-) A                                     R^2 =  5.33859e-14

  Total energy:                                           -425.0861526730 a.u.
  Excitation energy:                                             306.274597 eV

  Osc. strength:                                                      0.000000
  Trans. dip. moment [a.u.]:           [   0.000000,   -0.000000,   -0.000000]
  <i|r^2|0> [a.u.]:                    [  -0.000000,   -0.000000,    0.000000]

  V1^2 = 0.9515, V2^2 = 0.0485

  Important amplitudes:
     core i     occ j      vir a      vir b          v   
    ------------------------------------------------------
     5 (A) A              25 (A) A                -0.4228
     5 (A) B              25 (A) B                 0.4228
    ------------------------------------------------------
  ----------------------------------------------------------------------------


  Excited state  7 (A)                                             [converged]
  ----------------------------------------------------------------------------
  Term symbol:  8 (-) A                                     R^2 =  1.44610e-13

  Total energy:                                           -425.0812135406 a.u.
  Excitation energy:                                             306.408998 eV

  Osc. strength:                                                      0.087577
  Trans. dip. moment [a.u.]:           [   0.017243,   -0.051034,   -0.093619]
  <i|r^2|0> [a.u.]:                    [  -0.030220,   -0.481187,    0.048291]

  V1^2 = 0.9365, V2^2 = 0.0635

  Important amplitudes:
     core i     occ j      vir a      vir b          v   
    ------------------------------------------------------
     5 (A) B              24 (A) B                -0.4564
     5 (A) A              24 (A) A                -0.4564
    ------------------------------------------------------
  ----------------------------------------------------------------------------


  Excited state  8 (A)                                             [converged]
  ----------------------------------------------------------------------------
  Term symbol:  9 (-) A                                     R^2 =  5.57084e-14

  Total energy:                                           -425.0082802946 a.u.
  Excitation energy:                                             308.393612 eV

  Osc. strength:                                                      0.112877
  Trans. dip. moment [a.u.]:           [   0.108737,   -0.026353,    0.049208]
  <i|r^2|0> [a.u.]:                    [  -0.238729,   -0.254762,   -0.014179]

  V1^2 = 0.9415, V2^2 = 0.0585

  Important amplitudes:
     core i     occ j      vir a      vir b          v   
    ------------------------------------------------------
     5 (A) B              25 (A) B                 0.4985
     5 (A) A              25 (A) A                 0.4985
    ------------------------------------------------------
  ----------------------------------------------------------------------------


  Excited state  9 (A)                                             [converged]
  ----------------------------------------------------------------------------
  Term symbol:  10 (-) A                                    R^2 =  7.44905e-14

  Total energy:                                           -424.8836104785 a.u.
  Excitation energy:                                             311.786050 eV

  Osc. strength:                                                      0.000000
  Trans. dip. moment [a.u.]:           [   0.000000,    0.000000,   -0.000000]
  <i|r^2|0> [a.u.]:                    [   0.000000,    0.000000,    0.000000]

  V1^2 = 0.9119, V2^2 = 0.0881

  Important amplitudes:
     core i     occ j      vir a      vir b          v   
    ------------------------------------------------------
     5 (A) A              26 (A) A                -0.5011
     5 (A) B              26 (A) B                 0.5011
    ------------------------------------------------------
  ----------------------------------------------------------------------------


  Excited state 10 (A)                                             [converged]
  ----------------------------------------------------------------------------
  Term symbol:  11 (-) A                                    R^2 =  6.27117e-14

  Total energy:                                           -424.8303073168 a.u.
  Excitation energy:                                             313.236503 eV

  Osc. strength:                                                      0.020947
  Trans. dip. moment [a.u.]:           [  -0.024694,   -0.041873,    0.019140]
  <i|r^2|0> [a.u.]:                    [   0.033852,   -0.429473,   -0.029479]

  V1^2 = 0.9143, V2^2 = 0.0857

  Important amplitudes:
     core i     occ j      vir a      vir b          v   
    ------------------------------------------------------
     5 (A) B              26 (A) B                 0.5662
     5 (A) A              26 (A) A                 0.5662
    ------------------------------------------------------
  ----------------------------------------------------------------------------


  Excited state 11 (A)                                             [converged]
  ----------------------------------------------------------------------------
  Term symbol:  12 (-) A                                    R^2 =  1.04490e-13

  Total energy:                                           -424.8030251880 a.u.
  Excitation energy:                                             313.978888 eV

  Osc. strength:                                                      0.000000
  Trans. dip. moment [a.u.]:           [   0.000000,   -0.000000,   -0.000000]
  <i|r^2|0> [a.u.]:                    [  -0.000000,   -0.000000,    0.000000]

  V1^2 = 0.8886, V2^2 = 0.1114

  Important amplitudes:
     core i     occ j      vir a      vir b          v   
    ------------------------------------------------------
     5 (A) A              24 (A) A                 0.4266
     5 (A) B              24 (A) B                -0.4266
    ------------------------------------------------------
  ----------------------------------------------------------------------------


  Excited state 12 (A)                                             [converged]
  ----------------------------------------------------------------------------
  Term symbol:  13 (-) A                                    R^2 =  3.30703e-13

  Total energy:                                           -424.7894527131 a.u.
  Excitation energy:                                             314.348214 eV

  Osc. strength:                                                      0.000000
  Trans. dip. moment [a.u.]:           [  -0.000000,    0.000000,    0.000000]
  <i|r^2|0> [a.u.]:                    [   0.000000,    0.000000,   -0.000000]

  V1^2 = 0.8876, V2^2 = 0.1124

  Important amplitudes:
     core i     occ j      vir a      vir b          v   
    ------------------------------------------------------
     5 (A) B              25 (A) B                -0.4986
     5 (A) A              25 (A) A                 0.4986
    ------------------------------------------------------
  ----------------------------------------------------------------------------


  Excited state 13 (A)                                             [converged]
  ----------------------------------------------------------------------------
  Term symbol:  14 (-) A                                    R^2 =  2.83138e-13

  Total energy:                                           -424.7893677990 a.u.
  Excitation energy:                                             314.350524 eV

  Osc. strength:                                                      0.026388
  Trans. dip. moment [a.u.]:           [   0.015412,   -0.028678,   -0.048646]
  <i|r^2|0> [a.u.]:                    [  -0.030867,   -0.275128,    0.024088]

  V1^2 = 0.8921, V2^2 = 0.1079

  Important amplitudes:
     core i     occ j      vir a      vir b          v   
    ------------------------------------------------------
     5 (A) A              27 (A) A                -0.4828
     5 (A) B              27 (A) B                -0.4828
    ------------------------------------------------------
  ----------------------------------------------------------------------------


  Excited state 14 (A)                                             [converged]
  ----------------------------------------------------------------------------
  Term symbol:  15 (-) A                                    R^2 =  1.55279e-12

  Total energy:                                           -424.7726948592 a.u.
  Excitation energy:                                             314.804218 eV

  Osc. strength:                                                      0.034606
  Trans. dip. moment [a.u.]:           [  -0.059922,    0.015038,   -0.025888]
  <i|r^2|0> [a.u.]:                    [   0.127300,    0.142651,    0.005936]

  V1^2 = 0.8937, V2^2 = 0.1063

  Important amplitudes:
     core i     occ j      vir a      vir b          v   
    ------------------------------------------------------
     5 (A) B              25 (A) B                 0.4336
     5 (A) A              25 (A) A                 0.4336
    ------------------------------------------------------
  ----------------------------------------------------------------------------


  Excited state 15 (A)                                             [converged]
  ----------------------------------------------------------------------------
  Term symbol:  16 (-) A                                    R^2 =  1.41555e-12

  Total energy:                                           -424.6873718736 a.u.
  Excitation energy:                                             317.125975 eV

  Osc. strength:                                                      0.000000
  Trans. dip. moment [a.u.]:           [   0.000000,    0.000000,   -0.000000]
  <i|r^2|0> [a.u.]:                    [  -0.000000,    0.000000,   -0.000000]

  V1^2 = 0.8847, V2^2 = 0.1153

  Important amplitudes:
     core i     occ j      vir a      vir b          v   
    ------------------------------------------------------
     5 (A) A              28 (A) A                 0.4451
     5 (A) B              28 (A) B                -0.4451
    ------------------------------------------------------
  ----------------------------------------------------------------------------


  Excited state 16 (A)                                             [converged]
  ----------------------------------------------------------------------------
  Term symbol:  17 (-) A                                    R^2 =  1.34302e-12

  Total energy:                                           -424.6721589740 a.u.
  Excitation energy:                                             317.539939 eV

  Osc. strength:                                                      0.010284
  Trans. dip. moment [a.u.]:           [  -0.014480,   -0.030550,    0.013377]
  <i|r^2|0> [a.u.]:                    [   0.040680,   -0.284427,    0.004316]

  V1^2 = 0.8868, V2^2 = 0.1132

  Important amplitudes:
     core i     occ j      vir a      vir b          v   
    ------------------------------------------------------
     5 (A) B              29 (A) B                -0.4610
     5 (A) A              29 (A) A                -0.4610
    ------------------------------------------------------
  ----------------------------------------------------------------------------


  Excited state 17 (A)                                             [converged]
  ----------------------------------------------------------------------------
  Term symbol:  18 (-) A                                    R^2 =  3.62594e-07

  Total energy:                                           -424.1938207860 a.u.
  Excitation energy:                                             330.556183 eV

  Osc. strength:                                                      0.000000
  Trans. dip. moment [a.u.]:           [  -0.000000,    0.000000,   -0.000000]
  <i|r^2|0> [a.u.]:                    [   0.000000,    0.000000,    0.000000]

  V1^2 = 0.8731, V2^2 = 0.1269

  Important amplitudes:
     core i     occ j      vir a      vir b          v   
    ------------------------------------------------------
     5 (A) B              30 (A) B                 0.6061
     5 (A) A              30 (A) A                -0.6061
    ------------------------------------------------------
  ----------------------------------------------------------------------------


  Excited state 18 (A)                                             [converged]
  ----------------------------------------------------------------------------
  Term symbol:  19 (-) A                                    R^2 =  4.24995e-07

  Total energy:                                           -424.1873814001 a.u.
  Excitation energy:                                             330.731407 eV

  Osc. strength:                                                      0.007972
  Trans. dip. moment [a.u.]:           [  -0.029895,    0.007704,   -0.005548]
  <i|r^2|0> [a.u.]:                    [   0.047482,    0.075991,    0.005917]

  V1^2 = 0.8718, V2^2 = 0.1282

  Important amplitudes:
     core i     occ j      vir a      vir b          v   
    ------------------------------------------------------
     5 (A) B              30 (A) B                -0.6193
     5 (A) A              30 (A) A                -0.6193
    ------------------------------------------------------
  ----------------------------------------------------------------------------


  Excited state 19 (A)                                         [not converged]
  ----------------------------------------------------------------------------
  Term symbol:  20 (-) A                                    R^2 =  7.56706e-04

  Total energy:                                           -424.1672181291 a.u.
  Excitation energy:                                             331.280078 eV


  V1^2 = 0.8678, V2^2 = 0.1322

  Important amplitudes:
     core i     occ j      vir a      vir b          v   
    ------------------------------------------------------
     5 (A) A              31 (A) A                -0.5989
     5 (A) B              31 (A) B                 0.5989
    ------------------------------------------------------
  ----------------------------------------------------------------------------


  Excited state 20 (A)                                         [not converged]
  ----------------------------------------------------------------------------
  Term symbol:  21 (-) A                                    R^2 =  1.86426e-04

  Total energy:                                           -424.1629563750 a.u.
  Excitation energy:                                             331.396046 eV


  V1^2 = 0.8671, V2^2 = 0.1329

  Important amplitudes:
     core i     occ j      vir a      vir b          v   
    ------------------------------------------------------
     5 (A) A              31 (A) A                 0.6117
     5 (A) B              31 (A) B                 0.6117
    ------------------------------------------------------
  ----------------------------------------------------------------------------


--------------------------------------------------------------------------------
  Time of ADC calculation:  CPU 3357.10 s  wall 2038.84 s
================================================================================
 
 --------------------------------------------------------------
 
                    Orbital Energies (a.u.)
 --------------------------------------------------------------
 
 Alpha MOs
 -- Occupied --
-26.457 -26.436 -26.408 -26.193 -11.638  -1.886  -1.790  -1.735
 -1.456  -1.044  -0.961  -0.947  -0.904  -0.795  -0.784  -0.777
 -0.751  -0.723  -0.539  -0.537  -0.531
 -- Virtual --
  0.201   0.369   0.475   0.512   0.644   0.684   0.740   0.755
  1.238   1.262   1.286   1.313   1.318   1.440   1.519   1.540
  1.554   1.564   1.584   1.604   1.727   1.730   1.780   1.905
  1.909   1.988   2.020   2.035   2.062   2.135   2.187   2.210
  2.246   2.313   2.320   2.337   2.392   2.431   2.463   2.505
  2.767   2.939   3.028   3.136   3.261   3.330   3.527   3.563
  3.581   4.322   4.708   5.067   5.377   6.501
 
 Beta MOs
 -- Occupied --
-26.457 -26.436 -26.408 -26.193 -11.638  -1.886  -1.790  -1.735
 -1.456  -1.044  -0.961  -0.947  -0.904  -0.795  -0.784  -0.777
 -0.751  -0.723  -0.539  -0.537  -0.531
 -- Virtual --
  0.201   0.369   0.475   0.512   0.644   0.684   0.740   0.755
  1.238   1.262   1.286   1.313   1.318   1.440   1.519   1.540
  1.554   1.564   1.584   1.604   1.727   1.730   1.780   1.905
  1.909   1.988   2.020   2.035   2.062   2.135   2.187   2.210
  2.246   2.313   2.320   2.337   2.392   2.431   2.463   2.505
  2.767   2.939   3.028   3.136   3.261   3.330   3.527   3.563
  3.581   4.322   4.708   5.067   5.377   6.501
 --------------------------------------------------------------
 
          Ground-State Mulliken Net Atomic Charges

     Atom                 Charge (a.u.)    Spin (a.u.)
  --------------------------------------------------------
      1 C                     1.215606       0.000000
      2 F                    -0.149570       0.000000
      3 F                    -0.263308       0.000000
      4 F                    -0.600254       0.000000
      5 F                    -0.202474       0.000000
  --------------------------------------------------------
  Sum of atomic charges =     0.000000
  Sum of spin   charges =     0.000000

 -----------------------------------------------------------------
                    Cartesian Multipole Moments
 -----------------------------------------------------------------
    Charge (ESU x 10^10)
                 0.0000
    Dipole Moment (Debye)
         X       1.8099      Y       3.1432      Z      -1.5610
       Tot       3.9487
    Quadrupole Moments (Debye-Ang)
        XX     -26.4533     XY       1.1391     YY     -11.8944
        XZ       1.5269     YZ      -2.8212     ZZ     -24.3070
    Octopole Moments (Debye-Ang^2)
       XXX      53.0953    XXY     -58.4793    XYY      16.1957
       YYY    -130.6523    XXZ      -1.7385    XYZ       2.3376
       YYZ      -6.9442    XZZ      17.5152    YZZ     -56.5335
       ZZZ      -0.2689
    Hexadecapole Moments (Debye-Ang^3)
      XXXX    -148.6077   XXXY     116.8868   XXYY    -172.0647
      XYYY     111.0310   YYYY    -759.8572   XXXZ       3.9032
      XXYZ      -1.6014   XYYZ       5.0960   YYYZ     -18.8363
      XXZZ     -37.6396   XYZZ      39.5540   YYZZ    -158.9808
      XZZZ       1.9620   YZZZ       2.6734   ZZZZ     -76.1724
 -----------------------------------------------------------------
Archival summary:
1\1\tp-linux1\SP\HF\6-31G*\41\thomas\MonMar2012:52:322017MonMar2012:52:322017\0\\#,HF,6-31G*,\\0,1\C\F,1,1.18053\F,1,1.21975,2,122.378\F,1,1.27033,2,118.625,3,158.279,0\F,1,1.69135,2,99.195,3,-103.896,0\\HF=-435.537508\\@

 Total job time:  2042.67s(wall), 3366.64s(cpu) 
 Mon Mar 20 12:52:32 2017

        *************************************************************
        *                                                           *
        *  Thank you very much for using Q-Chem.  Have a nice day.  *
        *                                                           *
        *************************************************************


0 sent ACK to 0 
now end server 0 ... 
cleanup process ... done
