
Running Job 1 of 2 ddtraj5t22.inp
qchem ddtraj5t22.inp_6990.0 /scratch/qchem/qchem6990/ 1
/mnt/software/qchem/bin/mpi/mpirun_qchem -machinefile /mnt/software/qchem/bin/mpi/machines -np 1 /mnt/software/qchem/exe/qcprog.exe ddtraj5t22.inp_6990.0 /scratch/qchem/qchem6990/

Process 0 of 1 is on tp-linux1 - thread support 0
initial socket setup ...start
initial socket setup ...done 
now start server 0 ... 

cmd = ssh tp-linux1 /mnt/software/qchem/bin/get_hostid 2119278452 > /scratch/qchem/qchem6990/lic.dat
                  Welcome to Q-Chem
     A Quantum Leap Into The Future Of Chemistry


 Q-Chem 4.3, Q-Chem, Inc., Pleasanton, CA (2015)

 Y. Shao,  Z. Gan,  E. Epifanovsky,  A. T. B. Gilbert,  M. Wormit,  
 J. Kussmann,  A. W. Lange,  A. Behn,  J. Deng,  X. Feng,  D. Ghosh,  
 M. Goldey,  P. R. Horn,  L. D. Jacobson,  I. Kaliman,  R. Z. Khaliullin,  
 T. Kus,  A. Landau,  J. Liu,  E. I. Proynov,  Y. M. Rhee,  R. M. Richard,  
 M. A. Rohrdanz,  R. P. Steele,  E. J. Sundstrom,  H. L. Woodcock III,  
 P. M. Zimmerman,  D. Zuev,  B. Albrecht,  E. Alguire,  B. Austin,  
 S. A. Baeppler,  G. J. O. Beran,  Y. A. Bernard,  E. Berquist,  
 K. Brandhorst,  K. B. Bravaya,  S. T. Brown,  D. Casanova,  C.-M. Chang,  
 Y. Chen,  S. H. Chien,  K. D. Closser,  D. L. Crittenden,  M. Diedenhofen,  
 R. A. DiStasio Jr.,  H. Do,  A. D. Dutoi,  R. G. Edgar,  P.-T. Fang,  
 S. Fatehi,  Q. Feng,  L. Fusti-Molnar,  A. Ghysels,  
 A. Golubeva-Zadorozhnaya,  J. Gomes,  A. Gunina,  M. W. D. Hanson-Heine,  
 P. H. P. Harbach,  A. W. Hauser,  E. G. Hohenstein,  Z. C. Holden,  K. Hui,  
 T.-C. Jagau,  H. Ji,  B. Kaduk,  K. Khistyaev,  Jaehoon Kim,  Jihan Kim,  
 R. A. King,  P. Klunzinger,  D. Kosenkov,  T. Kowalczyk,  C. M. Krauter,  
 K. U. Lao,  A. Laurent,  K. V. Lawler,  S. Lehtola,  S. V. Levchenko,  
 C. Y. Lin,  Y.-S. Lin,  F. Liu,  E. Livshits,  R. C. Lochan,  A. Luenser,  
 P. Manohar,  S. F. Manzer,  S.-P. Mao,  N. Mardirossian,  A. V. Marenich,  
 L. A. Martinez-Martinez,  S. A. Maurer,  N. J. Mayhall,  K. Nanda,  
 C. M. Oana,  R. Olivares-Amaya,  D. P. O'Neill,  J. A. Parkhill,  
 T. M. Perrine,  R. Peverati,  P. A. Pieniazek,  F. Plasser,  A. Prociuk,  
 D. R. Rehn,  E. Rosta,  N. J. Russ,  N. Sergueev,  S. M. Sharada,  
 S. Sharma,  D. W. Small,  A. Sodt,  T. Stauch,  T. Stein,  D. Stuck,  
 Y.-C. Su,  A. J. W. Thom,  T. Tsuchimochi,  L. Vogt,  O. Vydrov,  T. Wang,  
 M. A. Watson,  J. Wenzel,  A. White,  C. F. Williams,  V. Vanovschi,  
 S. Yeganeh,  S. R. Yost,  Z.-Q. You,  I. Y. Zhang,  X. Zhang,  Y. Zhao,  
 B. R. Brooks,  G. K. L. Chan,  D. M. Chipman,  C. J. Cramer,  
 W. A. Goddard III,  M. S. Gordon,  W. J. Hehre,  A. Klamt,  
 H. F. Schaefer III,  M. W. Schmidt,  C. D. Sherrill,  D. G. Truhlar,  
 A. Warshel,  X. Xu,  A. Aspuru-Guzik,  R. Baer,  A. T. Bell,  N. A. Besley,  
 J.-D. Chai,  A. Dreuw,  B. D. Dunietz,  T. R. Furlani,  S. R. Gwaltney,  
 C.-P. Hsu,  Y. Jung,  J. Kong,  D. S. Lambrecht,  W. Liang,  C. Ochsenfeld,  
 V. A. Rassolov,  L. V. Slipchenko,  J. E. Subotnik,  T. Van Voorhis,  
 J. M. Herbert,  A. I. Krylov,  P. M. W. Gill,  M. Head-Gordon

 Contributors to earlier versions of Q-Chem not listed above: 
 R. D. Adamson,  J. Baker,  E. F. C. Byrd,  A. K. Chakraborty,  C.-L. Cheng,  
 H. Dachsel,  R. J. Doerksen,  G. Hawkins,  A. Heyden,  S. Hirata,  
 G. Kedziora,  F. J. Keil,  C. Kelley,  P. P. Korambath,  W. Kurlancheek,  
 A. M. Lee,  M. S. Lee,  D. Liotard,  I. Lotan,  P. E. Maslen,  N. Nair,  
 D. Neuhauser,  R. Olson,  B. Peters,  J. Ritchie,  N. E. Schultz,  
 N. Shenvi,  A. C. Simmonett,  K. S. Thanthiriwatte,  Q. Wu,  W. Zhang

 Please cite Q-Chem as follows:
 Y. Shao et al., Mol. Phys. 113, 184-215 (2015)
 DOI: 10.1080/00268976.2014.952696

 Q-Chem 4.3.0 for Intel X86 Linux

 Parts of Q-Chem use Armadillo 5.200.1 (Boston Tea Smuggler).
 http://arma.sourceforge.net/

 Q-Chem begins on Mon Mar 20 21:25:55 2017  

Host: 
0

     Scratch files written to /scratch/qchem/qchem6990//
 Nov1815 1189b_ 19540  19532 5443   
 Parallel job on  1  processors
Processing $rem in /mnt/software/qchem/config/preferences.
 MEM_TOTAL  2000 

Checking the input file for inconsistencies... 	...done.

--------------------------------------------------------------
User input:
--------------------------------------------------------------
$comment
XAS calculation for the 2b valence excited for water using cvs-adc(2)-x + 6-311+G* basis set
job 1 - determination of HF orbitals
$end

$molecule
0 1
6  -0.473687  2.995888  -0.237732
9  0.492125  2.268809  0.054873
9  -1.136652  3.444489  0.768523
9  -1.133485  0.665572  0.537954
9  -1.166809  2.61334  -1.207111
$end

$rem
jobtype      sp
sym_ignore true
exchange     hf
basis        6-31G*
unrestricted true
$end

--------------------------------------------------------------
 ----------------------------------------------------------------
             Standard Nuclear Orientation (Angstroms)
    I     Atom           X                Y                Z
 ----------------------------------------------------------------
    1      C      -0.4736870000     2.9958880000    -0.2377320000
    2      F       0.4921250000     2.2688090000     0.0548730000
    3      F      -1.1366520000     3.4444890000     0.7685230000
    4      F      -1.1334850000     0.6655720000     0.5379540000
    5      F      -1.1668090000     2.6133400000    -1.2071110000
 ----------------------------------------------------------------
 Nuclear Repulsion Energy =   189.7855732638 hartrees
 There are       21 alpha and       21 beta electrons
 Requested basis set is 6-31G(d)
 There are 20 shells and 75 basis functions

 Total QAlloc Memory Limit   2000 MB
 Mega-Array Size        61 MB
 MEM_STATIC part        62 MB

                       Distance Matrix (Angstroms)
             C (  1)   F (  2)   F (  3)   F (  4)
   F (  2)  1.243806
   F (  3)  1.285813  2.131768
   F (  4)  2.543107  2.333740  2.788468
   F (  5)  1.251582  2.112668  2.143560  2.615370
 
 tim1(1): 
  0.000000000000000E+000
 tim1(2): 
  0.000000000000000E+000
 A cutoff of  1.0D-08 yielded    194 shell pairs
 There are      2938 function pairs
 
 -------------------------------------------------------
 OpenMP Integral Computing Module                       
 Release: version 1.0, May 2013, Q-Chem Inc. Pittsburgh 
 -------------------------------------------------------
 Integral Job Info:
 Integral job number is                      11
 Integral operator is                         1
 short-range coefficients                     0
 long-range coefficients              100000000
 Omega coefficients                           0
 if combine SR and LR in K                    0
 Integral screening is                        0
 Integral computing path is                   2
 max size of driver memory is            800000
 size of driver memory is                593474
 size of scratch memory is              2260544
 max col of scratch BK array               1296
 max len of scratch array in speh3          155
 max len of scratch index in speh4           18
 max int batch size is                      520
 min int batch size is                       52
 fixed nKL is                                52
 max L of basis functions is                  2
 order of int derivative is                   0
 number of shells is                         20
 number of basis is                          75
 number of cartesian basis is                75
 number of contracted shell pairs           194
 number of primitive shell pairs            934
 maxK2 (contraction) of shell pair           36
 max number of K2 of shell pair               1
 max number of CS2 of shell pair             27
 max number of PS2 of shell pair            180
 mem total for path MDJ                   20584
 -------------------------------------------------------
 Smallest overlap matrix eigenvalue = 2.16E-03

 Scale SEOQF with 1.000000e+00/1.000000e-01/1.000000e+00

 Standard Electronic Orientation quadrupole field applied
 Nucleus-field energy     =     0.0000000104 hartrees
 Guess from superposition of atomic densities
 Warning:  Energy on first SCF cycle will be non-variational
 An unrestricted Hartree-Fock SCF calculation will be
 performed using Pulay DIIS extrapolation
 SCF converges when DIIS error is below 1.0E-05
 using 8 threads for integral computing 
 ---------------------------------------
  Cycle       Energy         DIIS Error
 ---------------------------------------
    1    -436.0945052476      8.40E-02
    2    -435.0584616700      2.21E-02
    3    -433.9492000629      4.06E-02
    4    -435.2652389037      1.18E-02
    5    -435.3063261900      7.19E-03
    6    -435.3332567413      2.55E-03
    7    -435.3374052930      7.94E-04
    8    -435.3381713230      1.41E-04
    9    -435.3383382593      1.27E-04
   10    -435.3384388072      9.34E-05
   11    -435.3384950513      4.24E-05
   12    -435.3385083118      1.37E-05
   13    -435.3385095875      1.38E-05
   14    -435.3385103818      4.76E-06 Convergence criterion met
 ---------------------------------------
 <S^2> = 0.0000
 SCF time:  CPU 14.80 s  wall 3.40 s
 SCF   energy in the final basis set = -435.3385103818
 Total energy in the final basis set = -435.3385103818
 
 --------------------------------------------------------------
 
                    Orbital Energies (a.u.)
 --------------------------------------------------------------
 
 Alpha MOs
 -- Occupied --
-26.530 -26.528 -26.521 -25.971 -11.741  -1.923  -1.826  -1.812
 -1.231  -1.104  -1.004  -1.002  -0.944  -0.847  -0.842  -0.817
 -0.810  -0.801  -0.339  -0.338  -0.325
 -- Virtual --
 -0.093   0.319   0.337   0.351   0.539   0.579   0.597   0.723
  1.205   1.214   1.218   1.265   1.283   1.393   1.482   1.499
  1.507   1.511   1.519   1.532   1.639   1.745   1.795   1.839
  1.877   1.944   1.958   1.974   1.995   2.036   2.046   2.122
  2.168   2.187   2.262   2.292   2.405   2.407   2.415   2.485
  2.665   2.718   2.761   2.865   3.052   3.076   3.324   3.333
  3.486   4.197   4.477   4.641   4.752   5.970
 
 Beta MOs
 -- Occupied --
-26.530 -26.528 -26.521 -25.971 -11.741  -1.923  -1.826  -1.812
 -1.231  -1.104  -1.004  -1.002  -0.944  -0.847  -0.842  -0.817
 -0.810  -0.801  -0.339  -0.338  -0.325
 -- Virtual --
 -0.093   0.319   0.337   0.351   0.539   0.579   0.597   0.723
  1.205   1.214   1.218   1.265   1.283   1.393   1.482   1.499
  1.507   1.511   1.519   1.532   1.639   1.745   1.795   1.839
  1.877   1.944   1.958   1.974   1.995   2.036   2.046   2.122
  2.168   2.187   2.262   2.292   2.405   2.407   2.415   2.485
  2.665   2.718   2.761   2.865   3.052   3.076   3.324   3.333
  3.486   4.197   4.477   4.641   4.752   5.970
 --------------------------------------------------------------
 
          Ground-State Mulliken Net Atomic Charges

     Atom                 Charge (a.u.)    Spin (a.u.)
  --------------------------------------------------------
      1 C                     1.211964       0.000000
      2 F                    -0.072403       0.000000
      3 F                    -0.164501       0.000000
      4 F                    -0.857962       0.000000
      5 F                    -0.117097       0.000000
  --------------------------------------------------------
  Sum of atomic charges =     0.000000
  Sum of spin   charges =     0.000000

 -----------------------------------------------------------------
                    Cartesian Multipole Moments
 -----------------------------------------------------------------
    Charge (ESU x 10^10)
                 0.0000
    Dipole Moment (Debye)
         X       2.9315      Y       9.3694      Z      -3.2986
       Tot      10.3567
    Quadrupole Moments (Debye-Ang)
        XX     -27.2034     XY      -1.6343     YY      12.1151
        XZ       2.9339     YZ      -5.1753     ZZ     -23.7088
    Octopole Moments (Debye-Ang^2)
       XXX      53.9904    XXY     -54.4846    XYY       4.7661
       YYY     -46.4110    XXZ      -3.2334    XYZ       2.8253
       YYZ     -13.4606    XZZ      16.9615    YZZ     -52.6795
       ZZZ      -1.5706
    Hexadecapole Moments (Debye-Ang^3)
      XXXX    -143.4667   XXXY     110.5021   XXYY    -168.1989
      XYYY      71.2853   YYYY    -531.3515   XXXZ       4.7973
      XXYZ       0.7569   XYYZ       4.2739   YYYZ     -33.9297
      XXZZ     -36.0565   XYZZ      35.4682   YYZZ    -157.7138
      XZZZ       2.1057   YZZZ       8.1529   ZZZZ     -77.7046
 -----------------------------------------------------------------
Archival summary:
1\1\tp-linux1\SP\HF\6-31G*\41\thomas\MonMar2021:25:582017MonMar2021:25:582017\0\\#,HF,6-31G*,\\0,1\F\C,1,1.24381\F,2,1.25158,1,115.693\F,2,1.28581,1,114.847,3,-138.182,0\F,1,2.33374,2,84.8016,3,63.8064,0\\HF=-435.33851\\@

 Total job time:  3.73s(wall), 16.54s(cpu) 
 Mon Mar 20 21:25:58 2017

        *************************************************************
        *                                                           *
        *  Thank you very much for using Q-Chem.  Have a nice day.  *
        *                                                           *
        *************************************************************


0 sent ACK to 0 
now end server 0 ... 
cleanup process ... done

Running Job 2 of 2 ddtraj5t22.inp
qchem ddtraj5t22.inp_6990.1 /scratch/qchem/qchem6990/ 1
/mnt/software/qchem/bin/mpi/mpirun_qchem -machinefile /mnt/software/qchem/bin/mpi/machines -np 1 /mnt/software/qchem/exe/qcprog.exe ddtraj5t22.inp_6990.1 /scratch/qchem/qchem6990/

Process 0 of 1 is on tp-linux1 - thread support 0
initial socket setup ...start
initial socket setup ...done 
now start server 0 ... 

cmd = ssh tp-linux1 /mnt/software/qchem/bin/get_hostid 2127997892 > /scratch/qchem/qchem6990/lic.dat
                  Welcome to Q-Chem
     A Quantum Leap Into The Future Of Chemistry


 Q-Chem 4.3, Q-Chem, Inc., Pleasanton, CA (2015)

 Y. Shao,  Z. Gan,  E. Epifanovsky,  A. T. B. Gilbert,  M. Wormit,  
 J. Kussmann,  A. W. Lange,  A. Behn,  J. Deng,  X. Feng,  D. Ghosh,  
 M. Goldey,  P. R. Horn,  L. D. Jacobson,  I. Kaliman,  R. Z. Khaliullin,  
 T. Kus,  A. Landau,  J. Liu,  E. I. Proynov,  Y. M. Rhee,  R. M. Richard,  
 M. A. Rohrdanz,  R. P. Steele,  E. J. Sundstrom,  H. L. Woodcock III,  
 P. M. Zimmerman,  D. Zuev,  B. Albrecht,  E. Alguire,  B. Austin,  
 S. A. Baeppler,  G. J. O. Beran,  Y. A. Bernard,  E. Berquist,  
 K. Brandhorst,  K. B. Bravaya,  S. T. Brown,  D. Casanova,  C.-M. Chang,  
 Y. Chen,  S. H. Chien,  K. D. Closser,  D. L. Crittenden,  M. Diedenhofen,  
 R. A. DiStasio Jr.,  H. Do,  A. D. Dutoi,  R. G. Edgar,  P.-T. Fang,  
 S. Fatehi,  Q. Feng,  L. Fusti-Molnar,  A. Ghysels,  
 A. Golubeva-Zadorozhnaya,  J. Gomes,  A. Gunina,  M. W. D. Hanson-Heine,  
 P. H. P. Harbach,  A. W. Hauser,  E. G. Hohenstein,  Z. C. Holden,  K. Hui,  
 T.-C. Jagau,  H. Ji,  B. Kaduk,  K. Khistyaev,  Jaehoon Kim,  Jihan Kim,  
 R. A. King,  P. Klunzinger,  D. Kosenkov,  T. Kowalczyk,  C. M. Krauter,  
 K. U. Lao,  A. Laurent,  K. V. Lawler,  S. Lehtola,  S. V. Levchenko,  
 C. Y. Lin,  Y.-S. Lin,  F. Liu,  E. Livshits,  R. C. Lochan,  A. Luenser,  
 P. Manohar,  S. F. Manzer,  S.-P. Mao,  N. Mardirossian,  A. V. Marenich,  
 L. A. Martinez-Martinez,  S. A. Maurer,  N. J. Mayhall,  K. Nanda,  
 C. M. Oana,  R. Olivares-Amaya,  D. P. O'Neill,  J. A. Parkhill,  
 T. M. Perrine,  R. Peverati,  P. A. Pieniazek,  F. Plasser,  A. Prociuk,  
 D. R. Rehn,  E. Rosta,  N. J. Russ,  N. Sergueev,  S. M. Sharada,  
 S. Sharma,  D. W. Small,  A. Sodt,  T. Stauch,  T. Stein,  D. Stuck,  
 Y.-C. Su,  A. J. W. Thom,  T. Tsuchimochi,  L. Vogt,  O. Vydrov,  T. Wang,  
 M. A. Watson,  J. Wenzel,  A. White,  C. F. Williams,  V. Vanovschi,  
 S. Yeganeh,  S. R. Yost,  Z.-Q. You,  I. Y. Zhang,  X. Zhang,  Y. Zhao,  
 B. R. Brooks,  G. K. L. Chan,  D. M. Chipman,  C. J. Cramer,  
 W. A. Goddard III,  M. S. Gordon,  W. J. Hehre,  A. Klamt,  
 H. F. Schaefer III,  M. W. Schmidt,  C. D. Sherrill,  D. G. Truhlar,  
 A. Warshel,  X. Xu,  A. Aspuru-Guzik,  R. Baer,  A. T. Bell,  N. A. Besley,  
 J.-D. Chai,  A. Dreuw,  B. D. Dunietz,  T. R. Furlani,  S. R. Gwaltney,  
 C.-P. Hsu,  Y. Jung,  J. Kong,  D. S. Lambrecht,  W. Liang,  C. Ochsenfeld,  
 V. A. Rassolov,  L. V. Slipchenko,  J. E. Subotnik,  T. Van Voorhis,  
 J. M. Herbert,  A. I. Krylov,  P. M. W. Gill,  M. Head-Gordon

 Contributors to earlier versions of Q-Chem not listed above: 
 R. D. Adamson,  J. Baker,  E. F. C. Byrd,  A. K. Chakraborty,  C.-L. Cheng,  
 H. Dachsel,  R. J. Doerksen,  G. Hawkins,  A. Heyden,  S. Hirata,  
 G. Kedziora,  F. J. Keil,  C. Kelley,  P. P. Korambath,  W. Kurlancheek,  
 A. M. Lee,  M. S. Lee,  D. Liotard,  I. Lotan,  P. E. Maslen,  N. Nair,  
 D. Neuhauser,  R. Olson,  B. Peters,  J. Ritchie,  N. E. Schultz,  
 N. Shenvi,  A. C. Simmonett,  K. S. Thanthiriwatte,  Q. Wu,  W. Zhang

 Please cite Q-Chem as follows:
 Y. Shao et al., Mol. Phys. 113, 184-215 (2015)
 DOI: 10.1080/00268976.2014.952696

 Q-Chem 4.3.0 for Intel X86 Linux

 Parts of Q-Chem use Armadillo 5.200.1 (Boston Tea Smuggler).
 http://arma.sourceforge.net/

 Q-Chem begins on Mon Mar 20 21:26:01 2017  

Host: 
0

     Scratch files written to /scratch/qchem/qchem6990//
 Nov1815 1189b_ 19540  19532 5443   
 Parallel job on  1  processors
Processing $rem in /mnt/software/qchem/config/preferences.
 MEM_TOTAL  2000 

Checking the input file for inconsistencies... 	...done.

--------------------------------------------------------------
User input:
--------------------------------------------------------------

$comment
job3 - cvs-adc(2) calculation
$end

$molecule
read
$end

$rem
mem_total 3000
mem_static 1500
sym_ignore true
scf_guess read
method cvs-adc(2)
basis 6-31G*
ee_singlets 20
cc_rest_occ 5                  !only excitations from the lowest N orbitals
unrestricted  true
max_scf_cycles 200
$end
--------------------------------------------------------------
 ----------------------------------------------------------------
             Standard Nuclear Orientation (Angstroms)
    I     Atom           X                Y                Z
 ----------------------------------------------------------------
    1      C      -0.4736870000     2.9958880000    -0.2377320000
    2      F       0.4921250000     2.2688090000     0.0548730000
    3      F      -1.1366520000     3.4444890000     0.7685230000
    4      F      -1.1334850000     0.6655720000     0.5379540000
    5      F      -1.1668090000     2.6133400000    -1.2071110000
 ----------------------------------------------------------------
 Nuclear Repulsion Energy =   189.7855732638 hartrees
 There are       21 alpha and       21 beta electrons
 Requested basis set is 6-31G(d)
 There are 20 shells and 75 basis functions

 Total QAlloc Memory Limit   3000 MB
 Mega-Array Size      1467 MB
 MEM_STATIC part      1500 MB

                       Distance Matrix (Angstroms)
             C (  1)   F (  2)   F (  3)   F (  4)
   F (  2)  1.243806
   F (  3)  1.285813  2.131768
   F (  4)  2.543107  2.333740  2.788468
   F (  5)  1.251582  2.112668  2.143560  2.615370
 
 tim1(1): 
  0.000000000000000E+000
 tim1(2): 
  0.000000000000000E+000
 A cutoff of  1.0D-11 yielded    199 shell pairs
 There are      2962 function pairs
 
 -------------------------------------------------------
 OpenMP Integral Computing Module                       
 Release: version 1.0, May 2013, Q-Chem Inc. Pittsburgh 
 -------------------------------------------------------
 Integral Job Info:
 Integral job number is                      11
 Integral operator is                         1
 short-range coefficients                     0
 long-range coefficients              100000000
 Omega coefficients                           0
 if combine SR and LR in K                    0
 Integral screening is                        0
 Integral computing path is                   2
 max size of driver memory is            800000
 size of driver memory is                593474
 size of scratch memory is              2260544
 max col of scratch BK array               1296
 max len of scratch array in speh3          155
 max len of scratch index in speh4           18
 max int batch size is                      520
 min int batch size is                       52
 fixed nKL is                                52
 max L of basis functions is                  2
 order of int derivative is                   0
 number of shells is                         20
 number of basis is                          75
 number of cartesian basis is                75
 number of contracted shell pairs           199
 number of primitive shell pairs           1018
 maxK2 (contraction) of shell pair           36
 max number of K2 of shell pair               1
 max number of CS2 of shell pair             32
 max number of PS2 of shell pair            192
 mem total for path MDJ                   21832
 -------------------------------------------------------
 Smallest overlap matrix eigenvalue = 2.16E-03

 Scale SEOQF with 1.000000e+00/1.000000e-01/1.000000e+00

 Standard Electronic Orientation quadrupole field applied
 Nucleus-field energy     =     0.0000000104 hartrees
 Guess MOs from SCF MO coefficient file
 Reading MOs from coefficient file
 Reading MOs from coefficient file
 An unrestricted Hartree-Fock SCF calculation will be
 performed using Pulay DIIS extrapolation
 SCF converges when DIIS error is below 1.0E-08
 using 8 threads for integral computing 
 ---------------------------------------
  Cycle       Energy         DIIS Error
 ---------------------------------------
    1    -435.3385109140      1.87E-06
    2    -435.3385109304      1.20E-06
    3    -435.3385109412      1.08E-06
    4    -435.3385109576      5.96E-07
    5    -435.3385109654      1.98E-07
    6    -435.3385109658      6.56E-08
    7    -435.3385109658      3.61E-08
    8    -435.3385109658      1.53E-08
    9    -435.3385109658      8.52E-09 Convergence criterion met
 ---------------------------------------
 <S^2> = 0.0000
 SCF time:  CPU 10.62 s  wall 2.35 s
 SCF   energy in the final basis set = -435.3385109658
 Total energy in the final basis set = -435.3385109658
================================================================================
|                                                                              |
|                                 A D C  M A N                                 |
|                                                                              |
 ------------------------------------------------------------------------------ 
|                                                                              |
| Components:                                                                  |
|                                                                              |
| - libvmm - 1.2-release                                                       |
|   Authors:                                                                   |
|   Evgeny Epifanovsky, Ilya Kaliman                                           |
|                                                                              |
| - libtensor - 2.4-trunk                                                      |
|   Authors:                                                                   |
|   Evgeny Epifanovsky, Michael Wormit, Dmitry Zuev, Sam Manzer                |
|                                                                              |
| - libwfa - 1.1-beta                                                          |
|   Authors:                                                                   |
|   Felix Plasser, Stefanie Baeppler, Benjamin Thomitzni, Michael Wormit       |
|                                                                              |
| - libadc - 1.0-beta                                                          |
|   Authors:                                                                   |
|   Michael Wormit, Philipp H. P. Harbach, Caroline Krauter, Dirk Rehn,        |
|   Matthias Schneider, Jan Wenzel                                             |
|                                                                              |
| - adcman - 2.4-beta                                                          |
|   Authors:                                                                   |
|   Michael Wormit, Philipp H. P. Harbach, Caroline Krauter, Dirk Rehn,        |
|   Jan Wenzel, Andreas Dreuw                                                  |
|                                                                              |
| Authors of earlier versions of ADCMAN:                                       |
| Andreas Dreuw, Jan Hendrik Starcke, Dirk Rehn, Michael Wormit                |
|                                                                              |
================================================================================

 
 Alpha MOs, Unrestricted
 -- Occupied --                  
-26.530 -26.528 -26.521 -25.971 -11.741  -1.923  -1.826  -1.812
  1 A     2 A     3 A     4 A     5 A     6 A     7 A     8 A                  
 -1.231  -1.104  -1.004  -1.002  -0.944  -0.847  -0.842  -0.817
  9 A    10 A    11 A    12 A    13 A    14 A    15 A    16 A                  
 -0.810  -0.801  -0.339  -0.338  -0.325
 17 A    18 A    19 A    20 A    21 A                                          
 -- Virtual --                   
 -0.093   0.319   0.337   0.351   0.539   0.579   0.597   0.723
 22 A    23 A    24 A    25 A    26 A    27 A    28 A    29 A                  
  1.205   1.214   1.218   1.265   1.283   1.393   1.482   1.499
 30 A    31 A    32 A    33 A    34 A    35 A    36 A    37 A                  
  1.507   1.511   1.519   1.532   1.639   1.745   1.795   1.839
 38 A    39 A    40 A    41 A    42 A    43 A    44 A    45 A                  
  1.877   1.944   1.958   1.974   1.996   2.036   2.046   2.122
 46 A    47 A    48 A    49 A    50 A    51 A    52 A    53 A                  
  2.168   2.187   2.262   2.292   2.405   2.407   2.415   2.485
 54 A    55 A    56 A    57 A    58 A    59 A    60 A    61 A                  
  2.665   2.718   2.761   2.865   3.052   3.077   3.324   3.333
 62 A    63 A    64 A    65 A    66 A    67 A    68 A    69 A                  
  3.486   4.197   4.477   4.641   4.752   5.970
 70 A    71 A    72 A    73 A    74 A    75 A                                  
 
 Beta MOs, Unrestricted
 -- Occupied --                  
-26.530 -26.528 -26.521 -25.971 -11.741  -1.923  -1.826  -1.812
  1 A     2 A     3 A     4 A     5 A     6 A     7 A     8 A                  
 -1.231  -1.104  -1.004  -1.002  -0.944  -0.847  -0.842  -0.817
  9 A    10 A    11 A    12 A    13 A    14 A    15 A    16 A                  
 -0.810  -0.801  -0.339  -0.338  -0.325
 17 A    18 A    19 A    20 A    21 A                                          
 -- Virtual --                   
 -0.093   0.319   0.337   0.351   0.539   0.579   0.597   0.723
 22 A    23 A    24 A    25 A    26 A    27 A    28 A    29 A                  
  1.205   1.214   1.218   1.265   1.283   1.393   1.482   1.499
 30 A    31 A    32 A    33 A    34 A    35 A    36 A    37 A                  
  1.507   1.511   1.519   1.532   1.639   1.745   1.795   1.839
 38 A    39 A    40 A    41 A    42 A    43 A    44 A    45 A                  
  1.877   1.944   1.958   1.974   1.996   2.036   2.046   2.122
 46 A    47 A    48 A    49 A    50 A    51 A    52 A    53 A                  
  2.168   2.187   2.262   2.292   2.405   2.407   2.415   2.485
 54 A    55 A    56 A    57 A    58 A    59 A    60 A    61 A                  
  2.665   2.718   2.761   2.865   3.052   3.077   3.324   3.333
 62 A    63 A    64 A    65 A    66 A    67 A    68 A    69 A                  
  3.486   4.197   4.477   4.641   4.752   5.970
 70 A    71 A    72 A    73 A    74 A    75 A                                  
 

--------------------------------------------------------------------------------
                                   HF Summary                                   
--------------------------------------------------------------------------------
  Energy:                                                 -435.3385109658 a.u.
  Dip. moment [a.u.]:                  [ -56.608180,  183.218047,    1.225364]
  Total dipole [Debye]:                                             487.424896
  <r^2> [a.u.]:                        [ 159.388676,  963.800531,   94.049376]
  Total <r^2> [a.u.]:                                              1217.238582
--------------------------------------------------------------------------------

--------------------------------------------------------------------------------
                                 MP(2) Summary                                  
--------------------------------------------------------------------------------
  Energy contribution:                                      -0.8280890892 a.u.
  Total energy:                                           -436.1666000550 a.u.
  Dip. moment [a.u.]:                  [ -56.354484,  184.018497,    0.940554]
  Total dipole [Debye]:                                             489.175823
  <r^2> [a.u.]:                        [ 158.548232,  970.501466,   93.892849]
  Total <r^2> [a.u.]:                                              1222.942547
--------------------------------------------------------------------------------
  Starting Davidson ... 
--------------------------------------------------------------------------------
   It NVec Conv  Avg. Norm  Max. Norm  Conv. states           Remark
--------------------------------------------------------------------------------
        20    0  2.053e-01  1.056e+00 10.9405 n n n n n n n n Guess.
    1   40    0  8.856e-02  1.066e+00 10.7714 n n n n n n n n 
    2   60    0  4.425e-02  6.367e-01 10.7701 n n n n n n n n 
    3   80    0  3.074e-02  4.848e-01 10.7701 n n n n n n n n 
    4  100    0  2.639e-02  4.295e-01 10.7701 n n n n n n n n 
    5   40    0  2.262e-02  3.901e-01 10.7701 n n n n n n n n Subspace collapsed.
    6   60    0  2.122e-02  3.711e-01 10.7701 n n n n n n n n 
    7   80    0  2.018e-02  3.482e-01 10.7701 n n n n n n n n 
    8  100    2  1.887e-02  3.272e-01 10.7701 y y n n n n n n 
    9   40    5  2.038e-02  3.008e-01 10.7701 y y n n y n y y Subspace collapsed.
   10   60    7  1.712e-02  2.949e-01 10.7701 y y n y y y y y 
   11   80    9  1.527e-02  2.733e-01 10.7701 y y y y y y y y 
   12  100   10  3.351e-02  6.143e-01 10.7701 y y y y y y y y 
   13   40   14  3.331e-02  6.189e-01 10.7701 y y y y y y y y Subspace collapsed.
   14   60   14  1.212e-02  2.265e-01 10.7701 y y y y y y y y 
   15   80   14  1.138e-02  2.171e-01 10.7701 y y y y y y y y 
   16  100   14  9.731e-03  1.892e-01 10.7701 y y y y y y y y 
   17   39   15  9.366e-03  1.840e-01 10.7701 y y y y y y y y Subspace collapsed.
   18   57   15  9.061e-03  1.787e-01 10.7701 y y y y y y y y 
   19   60   15  9.024e-03  1.782e-01 10.7701 y y y y y y y y 
   20   61   15  8.880e-03  1.753e-01 10.7701 y y y y y y y y 
   21   62   15  8.865e-03  1.750e-01 10.7701 y y y y y y y y 
   22   63   15  8.863e-03  1.750e-01 10.7701 y y y y y y y y 
   23   63   15  8.863e-03  1.750e-01 10.7701 y y y y y y y y 
   24   83   15  8.431e-03  1.678e-01 10.7701 y y y y y y y y 
   25   95   16  7.711e-03  1.531e-01 10.7701 y y y y y y y y 
   26  100   16  7.745e-03  1.538e-01 10.7701 y y y y y y y y 
   27   32   16  7.411e-03  1.475e-01 10.7701 y y y y y y y y Subspace collapsed.
   28   44   16  6.735e-03  1.345e-01 10.7701 y y y y y y y y 
   29   55   16  6.665e-03  1.333e-01 10.7701 y y y y y y y y 
   30   66   16  5.611e-03  1.122e-01 10.7701 y y y y y y y y 
   31   77   16  2.768e-03  5.535e-02 10.7701 y y y y y y y y 
   32   79   16  2.759e-03  5.517e-02 10.7701 y y y y y y y y 
   33   79   16  2.759e-03  5.517e-02 10.7701 y y y y y y y y 
   34   80   16  2.761e-03  5.522e-02 10.7701 y y y y y y y y 
   35   80   16  2.761e-03  5.522e-02 10.7701 y y y y y y y y 
   36   81   16  2.760e-03  5.521e-02 10.7701 y y y y y y y y 
   37   81   16  2.760e-03  5.521e-02 10.7701 y y y y y y y y 
   38   82   16  2.689e-03  5.378e-02 10.7701 y y y y y y y y 
   39   82   16  2.689e-03  5.378e-02 10.7701 y y y y y y y y 
   40   82   16  2.689e-03  5.378e-02 10.7701 y y y y y y y y 
   41  100   16  1.513e-03  3.025e-02 10.7701 y y y y y y y y 
   42   27   16  1.357e-03  2.713e-02 10.7701 y y y y y y y y Subspace collapsed.
   43   35   16  1.103e-03  2.207e-02 10.7701 y y y y y y y y 
   44   41   16  7.623e-04  1.525e-02 10.7701 y y y y y y y y 
   45   47   16  4.277e-04  8.553e-03 10.7701 y y y y y y y y 
   46   53   16  2.213e-04  4.426e-03 10.7701 y y y y y y y y 
   47   59   16  9.580e-05  1.916e-03 10.7701 y y y y y y y y 
   48   65   19  4.114e-05  8.228e-04 10.7701 y y y y y y y y 
   49   65   19  4.114e-05  8.228e-04 10.7701 y y y y y y y y 
   50   80   19  1.595e-05  3.190e-04 10.7701 y y y y y y y y 
   51   86   19  5.638e-06  1.128e-04 10.7701 y y y y y y y y 
   52   87   19  5.639e-06  1.128e-04 10.7701 y y y y y y y y 
   53   88   19  5.603e-06  1.121e-04 10.7701 y y y y y y y y 
   54   89   19  5.619e-06  1.124e-04 10.7701 y y y y y y y y 
   55   90   19  5.619e-06  1.124e-04 10.7701 y y y y y y y y 
   56   91   19  5.542e-06  1.108e-04 10.7701 y y y y y y y y 
   57   91   19  5.542e-06  1.108e-04 10.7701 y y y y y y y y 
   58   91   19  5.542e-06  1.108e-04 10.7701 y y y y y y y y 
   59  100   19  5.358e-06  1.072e-04 10.7701 y y y y y y y y 
--------------------------------------------------------------------------------
  Davidson Summary: 
 ------------------------------------------------------------
  State  0: excitation energy =  10.7701 a.u.   (converged)
  State  1: excitation energy =  10.8342 a.u.   (converged)
  State  2: excitation energy =  11.1292 a.u.   (converged)
  State  3: excitation energy =  11.1638 a.u.   (converged)
  State  4: excitation energy =  11.1756 a.u.   (converged)
  State  5: excitation energy =  11.2061 a.u.   (converged)
  State  6: excitation energy =  11.2376 a.u.   (converged)
  State  7: excitation energy =  11.2491 a.u.   (converged)
  State  8: excitation energy =  11.4720 a.u.   (converged)
  State  9: excitation energy =  11.5250 a.u.   (converged)
  State 10: excitation energy =  11.5319 a.u.   (converged)
  State 11: excitation energy =  11.5344 a.u.   (converged)
  State 12: excitation energy =  11.5515 a.u.   (converged)
  State 13: excitation energy =  11.5534 a.u.   (converged)
  State 14: excitation energy =  11.6962 a.u.   (converged)
  State 15: excitation energy =  11.7177 a.u.   (converged)
  State 16: excitation energy =  11.8812 a.u.   (not converged)
  State 17: excitation energy =  11.8816 a.u.   (converged)
  State 18: excitation energy =  11.8942 a.u.   (converged)
  State 19: excitation energy =  11.8942 a.u.   (converged)
 ------------------------------------------------------------


--------------------------------------------------------------------------------
                             Excited State Summary
--------------------------------------------------------------------------------

  Excited state  1 (A)                                             [converged]
  ----------------------------------------------------------------------------
  Term symbol:  2 (-) A                                     R^2 =  1.08321e-13

  Total energy:                                           -425.3965336159 a.u.
  Excitation energy:                                             293.068413 eV

  Osc. strength:                                                      0.000000
  Trans. dip. moment [a.u.]:           [  -0.000000,   -0.000000,    0.000000]
  <i|r^2|0> [a.u.]:                    [   0.000000,   -0.000000,   -0.000000]

  V1^2 = 0.9509, V2^2 = 0.0491

  Important amplitudes:
     core i     occ j      vir a      vir b          v   
    ------------------------------------------------------
     5 (A) B              22 (A) B                -0.6482
     5 (A) A              22 (A) A                 0.6482
    ------------------------------------------------------
  ----------------------------------------------------------------------------


  Excited state  2 (A)                                             [converged]
  ----------------------------------------------------------------------------
  Term symbol:  3 (-) A                                     R^2 =  2.19567e-13

  Total energy:                                           -425.3323577178 a.u.
  Excitation energy:                                             294.814728 eV

  Osc. strength:                                                      0.079573
  Trans. dip. moment [a.u.]:           [   0.044931,    0.087276,   -0.037162]
  <i|r^2|0> [a.u.]:                    [  -0.072632,    0.999277,    0.041113]

  V1^2 = 0.9442, V2^2 = 0.0558

  Important amplitudes:
     core i     occ j      vir a      vir b          v   
    ------------------------------------------------------
     5 (A) A              22 (A) A                 0.6609
     5 (A) B              22 (A) B                 0.6609
    ------------------------------------------------------
  ----------------------------------------------------------------------------


  Excited state  3 (A)                                             [converged]
  ----------------------------------------------------------------------------
  Term symbol:  4 (-) A                                     R^2 =  9.37164e-14

  Total energy:                                           -425.0373599691 a.u.
  Excitation energy:                                             302.842024 eV

  Osc. strength:                                                      0.000000
  Trans. dip. moment [a.u.]:           [   0.000000,   -0.000000,   -0.000000]
  <i|r^2|0> [a.u.]:                    [  -0.000000,   -0.000000,    0.000000]

  V1^2 = 0.9429, V2^2 = 0.0571

  Important amplitudes:
     core i     occ j      vir a      vir b          v   
    ------------------------------------------------------
     5 (A) B              23 (A) B                 0.5716
     5 (A) A              23 (A) A                -0.5716
    ------------------------------------------------------
  ----------------------------------------------------------------------------


  Excited state  4 (A)                                             [converged]
  ----------------------------------------------------------------------------
  Term symbol:  5 (-) A                                     R^2 =  1.07630e-13

  Total energy:                                           -425.0028294896 a.u.
  Excitation energy:                                             303.781647 eV

  Osc. strength:                                                      0.000000
  Trans. dip. moment [a.u.]:           [   0.000000,    0.000000,    0.000000]
  <i|r^2|0> [a.u.]:                    [  -0.000000,    0.000000,   -0.000000]

  V1^2 = 0.9431, V2^2 = 0.0569

  Important amplitudes:
     core i     occ j      vir a      vir b          v   
    ------------------------------------------------------
     5 (A) B              24 (A) B                 0.5075
     5 (A) A              24 (A) A                -0.5075
    ------------------------------------------------------
  ----------------------------------------------------------------------------


  Excited state  5 (A)                                             [converged]
  ----------------------------------------------------------------------------
  Term symbol:  6 (-) A                                     R^2 =  1.31777e-13

  Total energy:                                           -424.9909611816 a.u.
  Excitation energy:                                             304.104600 eV

  Osc. strength:                                                      0.000000
  Trans. dip. moment [a.u.]:           [  -0.000000,    0.000000,    0.000000]
  <i|r^2|0> [a.u.]:                    [   0.000000,    0.000000,   -0.000000]

  V1^2 = 0.9375, V2^2 = 0.0625

  Important amplitudes:
     core i     occ j      vir a      vir b          v   
    ------------------------------------------------------
     5 (A) B              25 (A) B                 0.5498
     5 (A) A              25 (A) A                -0.5498
    ------------------------------------------------------
  ----------------------------------------------------------------------------


  Excited state  6 (A)                                             [converged]
  ----------------------------------------------------------------------------
  Term symbol:  7 (-) A                                     R^2 =  1.65976e-13

  Total energy:                                           -424.9605265678 a.u.
  Excitation energy:                                             304.932768 eV

  Osc. strength:                                                      0.092873
  Trans. dip. moment [a.u.]:           [  -0.066234,    0.028362,    0.085090]
  <i|r^2|0> [a.u.]:                    [   0.129942,    0.335247,   -0.069270]

  V1^2 = 0.9339, V2^2 = 0.0661

  Important amplitudes:
     core i     occ j      vir a      vir b          v   
    ------------------------------------------------------
     5 (A) A              23 (A) A                -0.5988
     5 (A) B              23 (A) B                -0.5988
    ------------------------------------------------------
  ----------------------------------------------------------------------------


  Excited state  7 (A)                                             [converged]
  ----------------------------------------------------------------------------
  Term symbol:  8 (-) A                                     R^2 =  7.72339e-14

  Total energy:                                           -424.9290103535 a.u.
  Excitation energy:                                             305.790367 eV

  Osc. strength:                                                      0.095496
  Trans. dip. moment [a.u.]:           [  -0.075928,   -0.029860,   -0.078040]
  <i|r^2|0> [a.u.]:                    [   0.144931,   -0.326606,    0.074972]

  V1^2 = 0.9338, V2^2 = 0.0662

  Important amplitudes:
     core i     occ j      vir a      vir b          v   
    ------------------------------------------------------
     5 (A) A              24 (A) A                -0.5580
     5 (A) B              24 (A) B                -0.5580
    ------------------------------------------------------
  ----------------------------------------------------------------------------


  Excited state  8 (A)                                             [converged]
  ----------------------------------------------------------------------------
  Term symbol:  9 (-) A                                     R^2 =  1.09468e-13

  Total energy:                                           -424.9175389362 a.u.
  Excitation energy:                                             306.102521 eV

  Osc. strength:                                                      0.069213
  Trans. dip. moment [a.u.]:           [  -0.050452,    0.079161,   -0.020424]
  <i|r^2|0> [a.u.]:                    [   0.079493,    0.881287,    0.002598]

  V1^2 = 0.9249, V2^2 = 0.0751

  Important amplitudes:
     core i     occ j      vir a      vir b          v   
    ------------------------------------------------------
     5 (A) A              25 (A) A                 0.6015
     5 (A) B              25 (A) B                 0.6015
    ------------------------------------------------------
  ----------------------------------------------------------------------------


  Excited state  9 (A)                                             [converged]
  ----------------------------------------------------------------------------
  Term symbol:  10 (-) A                                    R^2 =  7.51172e-13

  Total energy:                                           -424.6945953744 a.u.
  Excitation energy:                                             312.169123 eV

  Osc. strength:                                                      0.000000
  Trans. dip. moment [a.u.]:           [   0.000000,    0.000000,   -0.000000]
  <i|r^2|0> [a.u.]:                    [  -0.000000,    0.000000,    0.000000]

  V1^2 = 0.9141, V2^2 = 0.0859

  Important amplitudes:
     core i     occ j      vir a      vir b          v   
    ------------------------------------------------------
     5 (A) B              26 (A) B                -0.6370
     5 (A) A              26 (A) A                 0.6370
    ------------------------------------------------------
  ----------------------------------------------------------------------------


  Excited state 10 (A)                                             [converged]
  ----------------------------------------------------------------------------
  Term symbol:  11 (-) A                                    R^2 =  3.27401e-13

  Total energy:                                           -424.6416222213 a.u.
  Excitation energy:                                             313.610596 eV

  Osc. strength:                                                      0.022874
  Trans. dip. moment [a.u.]:           [  -0.021280,   -0.046156,    0.019848]
  <i|r^2|0> [a.u.]:                    [   0.016745,   -0.544130,   -0.039274]

  V1^2 = 0.9140, V2^2 = 0.0860

  Important amplitudes:
     core i     occ j      vir a      vir b          v   
    ------------------------------------------------------
     5 (A) A              26 (A) A                 0.6597
     5 (A) B              26 (A) B                 0.6597
    ------------------------------------------------------
  ----------------------------------------------------------------------------


  Excited state 11 (A)                                             [converged]
  ----------------------------------------------------------------------------
  Term symbol:  12 (-) A                                    R^2 =  1.14262e-13

  Total energy:                                           -424.6347441753 a.u.
  Excitation energy:                                             313.797757 eV

  Osc. strength:                                                      0.000000
  Trans. dip. moment [a.u.]:           [   0.000000,    0.000000,   -0.000000]
  <i|r^2|0> [a.u.]:                    [  -0.000000,    0.000000,    0.000000]

  V1^2 = 0.8898, V2^2 = 0.1102

  Important amplitudes:
     core i     occ j      vir a      vir b          v   
    ------------------------------------------------------
     5 (A) B              28 (A) B                 0.4517
     5 (A) A              28 (A) A                -0.4517
    ------------------------------------------------------
  ----------------------------------------------------------------------------


  Excited state 12 (A)                                             [converged]
  ----------------------------------------------------------------------------
  Term symbol:  13 (-) A                                    R^2 =  2.95090e-13

  Total energy:                                           -424.6322340362 a.u.
  Excitation energy:                                             313.866062 eV

  Osc. strength:                                                      0.000000
  Trans. dip. moment [a.u.]:           [   0.000000,    0.000000,    0.000000]
  <i|r^2|0> [a.u.]:                    [  -0.000000,    0.000000,   -0.000000]

  V1^2 = 0.8889, V2^2 = 0.1111

  Important amplitudes:
     core i     occ j      vir a      vir b          v   
    ------------------------------------------------------
     5 (A) B              27 (A) B                -0.4609
     5 (A) A              27 (A) A                 0.4609
    ------------------------------------------------------
  ----------------------------------------------------------------------------


  Excited state 13 (A)                                             [converged]
  ----------------------------------------------------------------------------
  Term symbol:  14 (-) A                                    R^2 =  2.80031e-13

  Total energy:                                           -424.6150905370 a.u.
  Excitation energy:                                             314.332560 eV

  Osc. strength:                                                      0.036562
  Trans. dip. moment [a.u.]:           [  -0.055656,    0.032154,    0.024823]
  <i|r^2|0> [a.u.]:                    [   0.100412,    0.362591,   -0.023849]

  V1^2 = 0.8931, V2^2 = 0.1069

  Important amplitudes:
     core i     occ j      vir a      vir b          v   
    ------------------------------------------------------
     5 (A) A              27 (A) A                -0.4960
     5 (A) B              27 (A) B                -0.4960
    ------------------------------------------------------
  ----------------------------------------------------------------------------


  Excited state 14 (A)                                             [converged]
  ----------------------------------------------------------------------------
  Term symbol:  15 (-) A                                    R^2 =  3.96997e-13

  Total energy:                                           -424.6132318445 a.u.
  Excitation energy:                                             314.383138 eV

  Osc. strength:                                                      0.037977
  Trans. dip. moment [a.u.]:           [  -0.036521,   -0.008428,   -0.059379]
  <i|r^2|0> [a.u.]:                    [   0.066379,   -0.094477,    0.052005]

  V1^2 = 0.8935, V2^2 = 0.1065

  Important amplitudes:
     core i     occ j      vir a      vir b          v   
    ------------------------------------------------------
     5 (A) A              28 (A) A                -0.4907
     5 (A) B              28 (A) B                -0.4907
    ------------------------------------------------------
  ----------------------------------------------------------------------------


  Excited state 15 (A)                                             [converged]
  ----------------------------------------------------------------------------
  Term symbol:  16 (-) A                                    R^2 =  1.16576e-12

  Total energy:                                           -424.4704323302 a.u.
  Excitation energy:                                             318.268910 eV

  Osc. strength:                                                      0.000000
  Trans. dip. moment [a.u.]:           [  -0.000000,   -0.000000,    0.000000]
  <i|r^2|0> [a.u.]:                    [   0.000000,   -0.000000,    0.000000]

  V1^2 = 0.8743, V2^2 = 0.1257

  Important amplitudes:
     core i     occ j      vir a      vir b          v   
    ------------------------------------------------------
     5 (A) B              29 (A) B                 0.6244
     5 (A) A              29 (A) A                -0.6244
    ------------------------------------------------------
  ----------------------------------------------------------------------------


  Excited state 16 (A)                                             [converged]
  ----------------------------------------------------------------------------
  Term symbol:  17 (-) A                                    R^2 =  2.39083e-12

  Total energy:                                           -424.4489489470 a.u.
  Excitation energy:                                             318.853503 eV

  Osc. strength:                                                      0.015467
  Trans. dip. moment [a.u.]:           [  -0.013723,   -0.039871,    0.014208]
  <i|r^2|0> [a.u.]:                    [   0.036870,   -0.439896,   -0.000059]

  V1^2 = 0.8761, V2^2 = 0.1239

  Important amplitudes:
     core i     occ j      vir a      vir b          v   
    ------------------------------------------------------
     5 (A) A              29 (A) A                 0.6429
     5 (A) B              29 (A) B                 0.6429
    ------------------------------------------------------
  ----------------------------------------------------------------------------


  Excited state 17 (A)                                         [not converged]
  ----------------------------------------------------------------------------
  Term symbol:  18 (-) A                                    R^2 =  1.07167e-04

  Total energy:                                           -424.2854219341 a.u.
  Excitation energy:                                             323.303299 eV


  V1^2 = 0.0026, V2^2 = 0.9974

  Important amplitudes:
     core i     occ j      vir a      vir b          v   
    ------------------------------------------------------
     5 (A) B   21 (A) A   22 (A) A   22 (A) B      0.4993
     5 (A) A   21 (A) B   22 (A) A   22 (A) B      0.4993
    ------------------------------------------------------
  ----------------------------------------------------------------------------


  Excited state 18 (A)                                             [converged]
  ----------------------------------------------------------------------------
  Term symbol:  19 (-) A                                    R^2 =  1.12920e-07

  Total energy:                                           -424.2850198826 a.u.
  Excitation energy:                                             323.314239 eV

  Osc. strength:                                                      0.000018
  Trans. dip. moment [a.u.]:           [  -0.000882,   -0.001069,    0.000590]
  <i|r^2|0> [a.u.]:                    [   0.000055,   -0.012717,   -0.001983]

  V1^2 = 0.0032, V2^2 = 0.9968

  Important amplitudes:
     core i     occ j      vir a      vir b          v   
    ------------------------------------------------------
     5 (A) B   21 (A) A   22 (A) A   22 (A) B      0.4991
     5 (A) A   21 (A) B   22 (A) A   22 (A) B     -0.4991
    ------------------------------------------------------
  ----------------------------------------------------------------------------


  Excited state 19 (A)                                             [converged]
  ----------------------------------------------------------------------------
  Term symbol:  20 (-) A                                    R^2 =  1.64687e-07

  Total energy:                                           -424.2724195949 a.u.
  Excitation energy:                                             323.657111 eV

  Osc. strength:                                                      0.000000
  Trans. dip. moment [a.u.]:           [  -0.000000,    0.000000,   -0.000000]
  <i|r^2|0> [a.u.]:                    [   0.000000,    0.000000,    0.000000]

  V1^2 = 0.0001, V2^2 = 0.9999

  Important amplitudes:
     core i     occ j      vir a      vir b          v   
    ------------------------------------------------------
     5 (A) B   20 (A) A   22 (A) A   22 (A) B      0.5000
     5 (A) A   20 (A) B   22 (A) A   22 (A) B      0.5000
    ------------------------------------------------------
  ----------------------------------------------------------------------------


  Excited state 20 (A)                                             [converged]
  ----------------------------------------------------------------------------
  Term symbol:  21 (-) A                                    R^2 =  7.41448e-08

  Total energy:                                           -424.2724153305 a.u.
  Excitation energy:                                             323.657227 eV

  Osc. strength:                                                      0.000000
  Trans. dip. moment [a.u.]:           [   0.000059,    0.000166,   -0.000076]
  <i|r^2|0> [a.u.]:                    [   0.000094,    0.001911,    0.000265]

  V1^2 = 0.0001, V2^2 = 0.9999

  Important amplitudes:
     core i     occ j      vir a      vir b          v   
    ------------------------------------------------------
     5 (A) A   20 (A) B   22 (A) A   22 (A) B      0.5000
     5 (A) B   20 (A) A   22 (A) A   22 (A) B     -0.5000
    ------------------------------------------------------
  ----------------------------------------------------------------------------


--------------------------------------------------------------------------------
  Time of ADC calculation:  CPU 3931.90 s  wall 2430.63 s
================================================================================
 
 --------------------------------------------------------------
 
                    Orbital Energies (a.u.)
 --------------------------------------------------------------
 
 Alpha MOs
 -- Occupied --
-26.530 -26.528 -26.521 -25.971 -11.741  -1.923  -1.826  -1.812
 -1.231  -1.104  -1.004  -1.002  -0.944  -0.847  -0.842  -0.817
 -0.810  -0.801  -0.339  -0.338  -0.325
 -- Virtual --
 -0.093   0.319   0.337   0.351   0.539   0.579   0.597   0.723
  1.205   1.214   1.218   1.265   1.283   1.393   1.482   1.499
  1.507   1.511   1.519   1.532   1.639   1.745   1.795   1.839
  1.877   1.944   1.958   1.974   1.996   2.036   2.046   2.122
  2.168   2.187   2.262   2.292   2.405   2.407   2.415   2.485
  2.665   2.718   2.761   2.865   3.052   3.077   3.324   3.333
  3.486   4.197   4.477   4.641   4.752   5.970
 
 Beta MOs
 -- Occupied --
-26.530 -26.528 -26.521 -25.971 -11.741  -1.923  -1.826  -1.812
 -1.231  -1.104  -1.004  -1.002  -0.944  -0.847  -0.842  -0.817
 -0.810  -0.801  -0.339  -0.338  -0.325
 -- Virtual --
 -0.093   0.319   0.337   0.351   0.539   0.579   0.597   0.723
  1.205   1.214   1.218   1.265   1.283   1.393   1.482   1.499
  1.507   1.511   1.519   1.532   1.639   1.745   1.795   1.839
  1.877   1.944   1.958   1.974   1.996   2.036   2.046   2.122
  2.168   2.187   2.262   2.292   2.405   2.407   2.415   2.485
  2.665   2.718   2.761   2.865   3.052   3.077   3.324   3.333
  3.486   4.197   4.477   4.641   4.752   5.970
 --------------------------------------------------------------
 
          Ground-State Mulliken Net Atomic Charges

     Atom                 Charge (a.u.)    Spin (a.u.)
  --------------------------------------------------------
      1 C                     1.211904       0.000000
      2 F                    -0.072411       0.000000
      3 F                    -0.164516       0.000000
      4 F                    -0.857876       0.000000
      5 F                    -0.117102       0.000000
  --------------------------------------------------------
  Sum of atomic charges =     0.000000
  Sum of spin   charges =     0.000000

 -----------------------------------------------------------------
                    Cartesian Multipole Moments
 -----------------------------------------------------------------
    Charge (ESU x 10^10)
                 0.0000
    Dipole Moment (Debye)
         X       2.9311      Y       9.3682      Z      -3.2982
       Tot      10.3553
    Quadrupole Moments (Debye-Ang)
        XX     -27.2031     XY      -1.6339     YY      12.1099
        XZ       2.9336     YZ      -5.1747     ZZ     -23.7089
    Octopole Moments (Debye-Ang^2)
       XXX      53.9903    XXY     -54.4855    XYY       4.7678
       YYY     -46.4316    XXZ      -3.2329    XYZ       2.8253
       YYZ     -13.4586    XZZ      16.9614    YZZ     -52.6806
       ZZZ      -1.5702
    Hexadecapole Moments (Debye-Ang^3)
      XXXX    -143.4669   XXXY     110.5041   XXYY    -168.2021
      XYYY      71.2922   YYYY    -531.4316   XXXZ       4.7965
      XXYZ       0.7568   XYYZ       4.2745   YYYZ     -33.9223
      XXZZ     -36.0566   XYZZ      35.4690   YYZZ    -157.7177
      XZZZ       2.1053   YZZZ       8.1529   ZZZZ     -77.7049
 -----------------------------------------------------------------
Archival summary:
1\1\tp-linux1\SP\HF\6-31G*\41\thomas\MonMar2022:06:362017MonMar2022:06:362017\0\\#,HF,6-31G*,\\0,1\F\C,1,1.24381\F,2,1.25158,1,115.693\F,2,1.28581,1,114.847,3,-138.182,0\F,1,2.33374,2,84.8016,3,63.8064,0\\HF=-435.338511\\@

 Total job time:  2435.06s(wall), 3946.73s(cpu) 
 Mon Mar 20 22:06:36 2017

        *************************************************************
        *                                                           *
        *  Thank you very much for using Q-Chem.  Have a nice day.  *
        *                                                           *
        *************************************************************


0 sent ACK to 0 
now end server 0 ... 
cleanup process ... done
