
Running Job 1 of 2 ddtraj1t16.inp
qchem ddtraj1t16.inp_19214.0 /scratch/qchem/qchem19214/ 1
/mnt/software/qchem/bin/mpi/mpirun_qchem -machinefile /mnt/software/qchem/bin/mpi/machines -np 1 /mnt/software/qchem/exe/qcprog.exe ddtraj1t16.inp_19214.0 /scratch/qchem/qchem19214/

Process 0 of 1 is on tp-linux1 - thread support 0
initial socket setup ...start
initial socket setup ...done 
now start server 0 ... 

cmd = ssh tp-linux1 /mnt/software/qchem/bin/get_hostid 401008922 > /scratch/qchem/qchem19214/lic.dat
                  Welcome to Q-Chem
     A Quantum Leap Into The Future Of Chemistry


 Q-Chem 4.3, Q-Chem, Inc., Pleasanton, CA (2015)

 Y. Shao,  Z. Gan,  E. Epifanovsky,  A. T. B. Gilbert,  M. Wormit,  
 J. Kussmann,  A. W. Lange,  A. Behn,  J. Deng,  X. Feng,  D. Ghosh,  
 M. Goldey,  P. R. Horn,  L. D. Jacobson,  I. Kaliman,  R. Z. Khaliullin,  
 T. Kus,  A. Landau,  J. Liu,  E. I. Proynov,  Y. M. Rhee,  R. M. Richard,  
 M. A. Rohrdanz,  R. P. Steele,  E. J. Sundstrom,  H. L. Woodcock III,  
 P. M. Zimmerman,  D. Zuev,  B. Albrecht,  E. Alguire,  B. Austin,  
 S. A. Baeppler,  G. J. O. Beran,  Y. A. Bernard,  E. Berquist,  
 K. Brandhorst,  K. B. Bravaya,  S. T. Brown,  D. Casanova,  C.-M. Chang,  
 Y. Chen,  S. H. Chien,  K. D. Closser,  D. L. Crittenden,  M. Diedenhofen,  
 R. A. DiStasio Jr.,  H. Do,  A. D. Dutoi,  R. G. Edgar,  P.-T. Fang,  
 S. Fatehi,  Q. Feng,  L. Fusti-Molnar,  A. Ghysels,  
 A. Golubeva-Zadorozhnaya,  J. Gomes,  A. Gunina,  M. W. D. Hanson-Heine,  
 P. H. P. Harbach,  A. W. Hauser,  E. G. Hohenstein,  Z. C. Holden,  K. Hui,  
 T.-C. Jagau,  H. Ji,  B. Kaduk,  K. Khistyaev,  Jaehoon Kim,  Jihan Kim,  
 R. A. King,  P. Klunzinger,  D. Kosenkov,  T. Kowalczyk,  C. M. Krauter,  
 K. U. Lao,  A. Laurent,  K. V. Lawler,  S. Lehtola,  S. V. Levchenko,  
 C. Y. Lin,  Y.-S. Lin,  F. Liu,  E. Livshits,  R. C. Lochan,  A. Luenser,  
 P. Manohar,  S. F. Manzer,  S.-P. Mao,  N. Mardirossian,  A. V. Marenich,  
 L. A. Martinez-Martinez,  S. A. Maurer,  N. J. Mayhall,  K. Nanda,  
 C. M. Oana,  R. Olivares-Amaya,  D. P. O'Neill,  J. A. Parkhill,  
 T. M. Perrine,  R. Peverati,  P. A. Pieniazek,  F. Plasser,  A. Prociuk,  
 D. R. Rehn,  E. Rosta,  N. J. Russ,  N. Sergueev,  S. M. Sharada,  
 S. Sharma,  D. W. Small,  A. Sodt,  T. Stauch,  T. Stein,  D. Stuck,  
 Y.-C. Su,  A. J. W. Thom,  T. Tsuchimochi,  L. Vogt,  O. Vydrov,  T. Wang,  
 M. A. Watson,  J. Wenzel,  A. White,  C. F. Williams,  V. Vanovschi,  
 S. Yeganeh,  S. R. Yost,  Z.-Q. You,  I. Y. Zhang,  X. Zhang,  Y. Zhao,  
 B. R. Brooks,  G. K. L. Chan,  D. M. Chipman,  C. J. Cramer,  
 W. A. Goddard III,  M. S. Gordon,  W. J. Hehre,  A. Klamt,  
 H. F. Schaefer III,  M. W. Schmidt,  C. D. Sherrill,  D. G. Truhlar,  
 A. Warshel,  X. Xu,  A. Aspuru-Guzik,  R. Baer,  A. T. Bell,  N. A. Besley,  
 J.-D. Chai,  A. Dreuw,  B. D. Dunietz,  T. R. Furlani,  S. R. Gwaltney,  
 C.-P. Hsu,  Y. Jung,  J. Kong,  D. S. Lambrecht,  W. Liang,  C. Ochsenfeld,  
 V. A. Rassolov,  L. V. Slipchenko,  J. E. Subotnik,  T. Van Voorhis,  
 J. M. Herbert,  A. I. Krylov,  P. M. W. Gill,  M. Head-Gordon

 Contributors to earlier versions of Q-Chem not listed above: 
 R. D. Adamson,  J. Baker,  E. F. C. Byrd,  A. K. Chakraborty,  C.-L. Cheng,  
 H. Dachsel,  R. J. Doerksen,  G. Hawkins,  A. Heyden,  S. Hirata,  
 G. Kedziora,  F. J. Keil,  C. Kelley,  P. P. Korambath,  W. Kurlancheek,  
 A. M. Lee,  M. S. Lee,  D. Liotard,  I. Lotan,  P. E. Maslen,  N. Nair,  
 D. Neuhauser,  R. Olson,  B. Peters,  J. Ritchie,  N. E. Schultz,  
 N. Shenvi,  A. C. Simmonett,  K. S. Thanthiriwatte,  Q. Wu,  W. Zhang

 Please cite Q-Chem as follows:
 Y. Shao et al., Mol. Phys. 113, 184-215 (2015)
 DOI: 10.1080/00268976.2014.952696

 Q-Chem 4.3.0 for Intel X86 Linux

 Parts of Q-Chem use Armadillo 5.200.1 (Boston Tea Smuggler).
 http://arma.sourceforge.net/

 Q-Chem begins on Wed Mar 15 17:12:05 2017  

Host: 
0

     Scratch files written to /scratch/qchem/qchem19214//
 Nov1815 1189b_ 19540  19532 5443   
 Parallel job on  1  processors
Processing $rem in /mnt/software/qchem/config/preferences.
 MEM_TOTAL  2000 

Checking the input file for inconsistencies... 	...done.

--------------------------------------------------------------
User input:
--------------------------------------------------------------
$comment
XAS calculation for the 2b valence excited for water using cvs-adc(2)-x + 6-311+G* basis set
job 1 - determination of HF orbitals
$end

$molecule
0 1
6  -0.483365  2.92889  -0.220505
9  0.575693  2.319724  0.003285
9  -1.140331  3.249258  0.781429
9  -1.230501  0.929301  0.541482
9  -1.136455  2.532105  -1.192592
$end

$rem
jobtype      sp
sym_ignore true
exchange     hf
basis        6-31G*
unrestricted true
$end

--------------------------------------------------------------
 ----------------------------------------------------------------
             Standard Nuclear Orientation (Angstroms)
    I     Atom           X                Y                Z
 ----------------------------------------------------------------
    1      C      -0.4833650000     2.9288900000    -0.2205050000
    2      F       0.5756930000     2.3197240000     0.0032850000
    3      F      -1.1403310000     3.2492580000     0.7814290000
    4      F      -1.2305010000     0.9293010000     0.5414820000
    5      F      -1.1364550000     2.5321050000    -1.1925920000
 ----------------------------------------------------------------
 Nuclear Repulsion Energy =   197.7968847394 hartrees
 There are       21 alpha and       21 beta electrons
 Requested basis set is 6-31G(d)
 There are 20 shells and 75 basis functions

 Total QAlloc Memory Limit   2000 MB
 Mega-Array Size        61 MB
 MEM_STATIC part        62 MB

                       Distance Matrix (Angstroms)
             C (  1)   F (  2)   F (  3)   F (  4)
   F (  2)  1.242083
   F (  3)  1.240206  2.101019
   F (  4)  2.266538  2.342065  2.334075
   F (  5)  1.236494  2.099209  2.100258  2.363226
 
 tim1(1): 
  0.000000000000000E+000
 tim1(2): 
  0.000000000000000E+000
 A cutoff of  1.0D-08 yielded    197 shell pairs
 There are      2954 function pairs
 
 -------------------------------------------------------
 OpenMP Integral Computing Module                       
 Release: version 1.0, May 2013, Q-Chem Inc. Pittsburgh 
 -------------------------------------------------------
 Integral Job Info:
 Integral job number is                      11
 Integral operator is                         1
 short-range coefficients                     0
 long-range coefficients              100000000
 Omega coefficients                           0
 if combine SR and LR in K                    0
 Integral screening is                        0
 Integral computing path is                   2
 max size of driver memory is            800000
 size of driver memory is                593474
 size of scratch memory is              2260544
 max col of scratch BK array               1296
 max len of scratch array in speh3          155
 max len of scratch index in speh4           18
 max int batch size is                      520
 min int batch size is                       52
 fixed nKL is                                52
 max L of basis functions is                  2
 order of int derivative is                   0
 number of shells is                         20
 number of basis is                          75
 number of cartesian basis is                75
 number of contracted shell pairs           197
 number of primitive shell pairs            966
 maxK2 (contraction) of shell pair           36
 max number of K2 of shell pair               1
 max number of CS2 of shell pair             26
 max number of PS2 of shell pair            180
 mem total for path MDJ                   21832
 -------------------------------------------------------
 Smallest overlap matrix eigenvalue = 1.32E-03

 Scale SEOQF with 1.000000e+00/1.000000e-01/1.000000e+00

 Standard Electronic Orientation quadrupole field applied
 Nucleus-field energy     =     0.0000000106 hartrees
 Guess from superposition of atomic densities
 Warning:  Energy on first SCF cycle will be non-variational
 An unrestricted Hartree-Fock SCF calculation will be
 performed using Pulay DIIS extrapolation
 SCF converges when DIIS error is below 1.0E-05
 using 8 threads for integral computing 
 ---------------------------------------
  Cycle       Energy         DIIS Error
 ---------------------------------------
    1    -436.2908103310      8.83E-02
    2    -435.1000547038      2.17E-02
    3    -433.9134966267      4.08E-02
    4    -435.2926331124      1.18E-02
    5    -435.3326916257      7.25E-03
    6    -435.3586460006      2.71E-03
    7    -435.3627587871      9.42E-04
    8    -435.3634012282      1.83E-04
    9    -435.3634359645      2.83E-05
   10    -435.3634378348      8.74E-06 Convergence criterion met
 ---------------------------------------
 <S^2> = 0.0000
 SCF time:  CPU 10.43 s  wall 2.28 s
 SCF   energy in the final basis set = -435.3634378348
 Total energy in the final basis set = -435.3634378348
 
 --------------------------------------------------------------
 
                    Orbital Energies (a.u.)
 --------------------------------------------------------------
 
 Alpha MOs
 -- Occupied --
-26.512 -26.510 -26.509 -25.972 -11.730  -1.924  -1.818  -1.815
 -1.244  -1.094  -1.002  -1.001  -0.939  -0.837  -0.836  -0.806
 -0.803  -0.788  -0.347  -0.345  -0.345
 -- Virtual --
 -0.064   0.362   0.364   0.386   0.552   0.610   0.613   0.786
  1.201   1.222   1.224   1.289   1.290   1.392   1.493   1.495
  1.514   1.514   1.527   1.556   1.644   1.767   1.771   1.914
  1.918   1.987   1.989   2.010   2.045   2.051   2.053   2.178
  2.210   2.212   2.305   2.397   2.398   2.418   2.474   2.483
  2.713   2.806   2.811   3.022   3.123   3.126   3.372   3.374
  3.531   4.268   4.513   4.793   4.799   7.293
 
 Beta MOs
 -- Occupied --
-26.512 -26.510 -26.509 -25.972 -11.730  -1.924  -1.818  -1.815
 -1.244  -1.094  -1.002  -1.001  -0.939  -0.837  -0.836  -0.806
 -0.803  -0.788  -0.347  -0.345  -0.345
 -- Virtual --
 -0.064   0.362   0.364   0.386   0.552   0.610   0.613   0.786
  1.201   1.222   1.224   1.289   1.290   1.392   1.493   1.495
  1.514   1.514   1.527   1.556   1.644   1.767   1.771   1.914
  1.918   1.987   1.989   2.010   2.045   2.051   2.053   2.178
  2.210   2.212   2.305   2.397   2.398   2.418   2.474   2.483
  2.713   2.806   2.811   3.022   3.123   3.126   3.372   3.374
  3.531   4.268   4.513   4.793   4.799   7.293
 --------------------------------------------------------------
 
          Ground-State Mulliken Net Atomic Charges

     Atom                 Charge (a.u.)    Spin (a.u.)
  --------------------------------------------------------
      1 C                     1.227228       0.000000
      2 F                    -0.119047       0.000000
      3 F                    -0.115833       0.000000
      4 F                    -0.877044       0.000000
      5 F                    -0.115305       0.000000
  --------------------------------------------------------
  Sum of atomic charges =     0.000000
  Sum of spin   charges =     0.000000

 -----------------------------------------------------------------
                    Cartesian Multipole Moments
 -----------------------------------------------------------------
    Charge (ESU x 10^10)
                 0.0000
    Dipole Moment (Debye)
         X       3.1101      Y       8.3640      Z      -3.1873
       Tot       9.4757
    Quadrupole Moments (Debye-Ang)
        XX     -28.0745     XY      -0.7854     YY      10.4501
        XZ       3.0888     YZ      -5.2052     ZZ     -23.7322
    Octopole Moments (Debye-Ang^2)
       XXX      55.7488    XXY     -56.4706    XYY       5.0195
       YYY     -48.9549    XXZ      -3.5990    XYZ       3.3869
       YYZ     -12.5534    XZZ      17.1161    YZZ     -53.2257
       ZZZ      -1.2427
    Hexadecapole Moments (Debye-Ang^3)
      XXXX    -154.4051   XXXY     111.0914   XXYY    -165.2649
      XYYY      65.7537   YYYY    -496.3077   XXXZ       7.7307
      XXYZ      -0.6541   XYYZ       5.5894   YYYZ     -31.2307
      XXZZ     -37.6922   XYZZ      35.3485   YYZZ    -152.4769
      XZZZ       4.1114   YZZZ       6.7515   ZZZZ     -77.1177
 -----------------------------------------------------------------
Archival summary:
1\1\tp-linux1\SP\HF\6-31G*\41\thomas\WedMar1517:12:082017WedMar1517:12:082017\0\\#,HF,6-31G*,\\0,1\F\C,1,1.24021\F,2,1.23649,1,115.991\F,2,1.24208,1,115.645,3,140.391,0\F,2,2.26654,1,77.3895,3,70.7925,0\\HF=-435.363438\\@

 Total job time:  2.57s(wall), 12.10s(cpu) 
 Wed Mar 15 17:12:08 2017

        *************************************************************
        *                                                           *
        *  Thank you very much for using Q-Chem.  Have a nice day.  *
        *                                                           *
        *************************************************************


0 sent ACK to 0 
now end server 0 ... 
cleanup process ... done

Running Job 2 of 2 ddtraj1t16.inp
qchem ddtraj1t16.inp_19214.1 /scratch/qchem/qchem19214/ 1
/mnt/software/qchem/bin/mpi/mpirun_qchem -machinefile /mnt/software/qchem/bin/mpi/machines -np 1 /mnt/software/qchem/exe/qcprog.exe ddtraj1t16.inp_19214.1 /scratch/qchem/qchem19214/

Process 0 of 1 is on tp-linux1 - thread support 0
initial socket setup ...start
initial socket setup ...done 
now start server 0 ... 

cmd = ssh tp-linux1 /mnt/software/qchem/bin/get_hostid 2088238032 > /scratch/qchem/qchem19214/lic.dat
                  Welcome to Q-Chem
     A Quantum Leap Into The Future Of Chemistry


 Q-Chem 4.3, Q-Chem, Inc., Pleasanton, CA (2015)

 Y. Shao,  Z. Gan,  E. Epifanovsky,  A. T. B. Gilbert,  M. Wormit,  
 J. Kussmann,  A. W. Lange,  A. Behn,  J. Deng,  X. Feng,  D. Ghosh,  
 M. Goldey,  P. R. Horn,  L. D. Jacobson,  I. Kaliman,  R. Z. Khaliullin,  
 T. Kus,  A. Landau,  J. Liu,  E. I. Proynov,  Y. M. Rhee,  R. M. Richard,  
 M. A. Rohrdanz,  R. P. Steele,  E. J. Sundstrom,  H. L. Woodcock III,  
 P. M. Zimmerman,  D. Zuev,  B. Albrecht,  E. Alguire,  B. Austin,  
 S. A. Baeppler,  G. J. O. Beran,  Y. A. Bernard,  E. Berquist,  
 K. Brandhorst,  K. B. Bravaya,  S. T. Brown,  D. Casanova,  C.-M. Chang,  
 Y. Chen,  S. H. Chien,  K. D. Closser,  D. L. Crittenden,  M. Diedenhofen,  
 R. A. DiStasio Jr.,  H. Do,  A. D. Dutoi,  R. G. Edgar,  P.-T. Fang,  
 S. Fatehi,  Q. Feng,  L. Fusti-Molnar,  A. Ghysels,  
 A. Golubeva-Zadorozhnaya,  J. Gomes,  A. Gunina,  M. W. D. Hanson-Heine,  
 P. H. P. Harbach,  A. W. Hauser,  E. G. Hohenstein,  Z. C. Holden,  K. Hui,  
 T.-C. Jagau,  H. Ji,  B. Kaduk,  K. Khistyaev,  Jaehoon Kim,  Jihan Kim,  
 R. A. King,  P. Klunzinger,  D. Kosenkov,  T. Kowalczyk,  C. M. Krauter,  
 K. U. Lao,  A. Laurent,  K. V. Lawler,  S. Lehtola,  S. V. Levchenko,  
 C. Y. Lin,  Y.-S. Lin,  F. Liu,  E. Livshits,  R. C. Lochan,  A. Luenser,  
 P. Manohar,  S. F. Manzer,  S.-P. Mao,  N. Mardirossian,  A. V. Marenich,  
 L. A. Martinez-Martinez,  S. A. Maurer,  N. J. Mayhall,  K. Nanda,  
 C. M. Oana,  R. Olivares-Amaya,  D. P. O'Neill,  J. A. Parkhill,  
 T. M. Perrine,  R. Peverati,  P. A. Pieniazek,  F. Plasser,  A. Prociuk,  
 D. R. Rehn,  E. Rosta,  N. J. Russ,  N. Sergueev,  S. M. Sharada,  
 S. Sharma,  D. W. Small,  A. Sodt,  T. Stauch,  T. Stein,  D. Stuck,  
 Y.-C. Su,  A. J. W. Thom,  T. Tsuchimochi,  L. Vogt,  O. Vydrov,  T. Wang,  
 M. A. Watson,  J. Wenzel,  A. White,  C. F. Williams,  V. Vanovschi,  
 S. Yeganeh,  S. R. Yost,  Z.-Q. You,  I. Y. Zhang,  X. Zhang,  Y. Zhao,  
 B. R. Brooks,  G. K. L. Chan,  D. M. Chipman,  C. J. Cramer,  
 W. A. Goddard III,  M. S. Gordon,  W. J. Hehre,  A. Klamt,  
 H. F. Schaefer III,  M. W. Schmidt,  C. D. Sherrill,  D. G. Truhlar,  
 A. Warshel,  X. Xu,  A. Aspuru-Guzik,  R. Baer,  A. T. Bell,  N. A. Besley,  
 J.-D. Chai,  A. Dreuw,  B. D. Dunietz,  T. R. Furlani,  S. R. Gwaltney,  
 C.-P. Hsu,  Y. Jung,  J. Kong,  D. S. Lambrecht,  W. Liang,  C. Ochsenfeld,  
 V. A. Rassolov,  L. V. Slipchenko,  J. E. Subotnik,  T. Van Voorhis,  
 J. M. Herbert,  A. I. Krylov,  P. M. W. Gill,  M. Head-Gordon

 Contributors to earlier versions of Q-Chem not listed above: 
 R. D. Adamson,  J. Baker,  E. F. C. Byrd,  A. K. Chakraborty,  C.-L. Cheng,  
 H. Dachsel,  R. J. Doerksen,  G. Hawkins,  A. Heyden,  S. Hirata,  
 G. Kedziora,  F. J. Keil,  C. Kelley,  P. P. Korambath,  W. Kurlancheek,  
 A. M. Lee,  M. S. Lee,  D. Liotard,  I. Lotan,  P. E. Maslen,  N. Nair,  
 D. Neuhauser,  R. Olson,  B. Peters,  J. Ritchie,  N. E. Schultz,  
 N. Shenvi,  A. C. Simmonett,  K. S. Thanthiriwatte,  Q. Wu,  W. Zhang

 Please cite Q-Chem as follows:
 Y. Shao et al., Mol. Phys. 113, 184-215 (2015)
 DOI: 10.1080/00268976.2014.952696

 Q-Chem 4.3.0 for Intel X86 Linux

 Parts of Q-Chem use Armadillo 5.200.1 (Boston Tea Smuggler).
 http://arma.sourceforge.net/

 Q-Chem begins on Wed Mar 15 17:12:10 2017  

Host: 
0

     Scratch files written to /scratch/qchem/qchem19214//
 Nov1815 1189b_ 19540  19532 5443   
 Parallel job on  1  processors
Processing $rem in /mnt/software/qchem/config/preferences.
 MEM_TOTAL  2000 

Checking the input file for inconsistencies... 	...done.

--------------------------------------------------------------
User input:
--------------------------------------------------------------

$comment
job3 - cvs-adc(2) calculation
$end

$molecule
read
$end

$rem
mem_total 3000
mem_static 1500
sym_ignore true
scf_guess read
method cvs-adc(2)
basis 6-31G*
ee_singlets 20
cc_rest_occ 5                  !only excitations from the lowest N orbitals
unrestricted  true
max_scf_cycles 200
$end
--------------------------------------------------------------
 ----------------------------------------------------------------
             Standard Nuclear Orientation (Angstroms)
    I     Atom           X                Y                Z
 ----------------------------------------------------------------
    1      C      -0.4833650000     2.9288900000    -0.2205050000
    2      F       0.5756930000     2.3197240000     0.0032850000
    3      F      -1.1403310000     3.2492580000     0.7814290000
    4      F      -1.2305010000     0.9293010000     0.5414820000
    5      F      -1.1364550000     2.5321050000    -1.1925920000
 ----------------------------------------------------------------
 Nuclear Repulsion Energy =   197.7968847394 hartrees
 There are       21 alpha and       21 beta electrons
 Requested basis set is 6-31G(d)
 There are 20 shells and 75 basis functions

 Total QAlloc Memory Limit   3000 MB
 Mega-Array Size      1467 MB
 MEM_STATIC part      1500 MB

                       Distance Matrix (Angstroms)
             C (  1)   F (  2)   F (  3)   F (  4)
   F (  2)  1.242083
   F (  3)  1.240206  2.101019
   F (  4)  2.266538  2.342065  2.334075
   F (  5)  1.236494  2.099209  2.100258  2.363226
 
 tim1(1): 
  0.000000000000000E+000
 tim1(2): 
  0.000000000000000E+000
 A cutoff of  1.0D-11 yielded    203 shell pairs
 There are      2978 function pairs
 
 -------------------------------------------------------
 OpenMP Integral Computing Module                       
 Release: version 1.0, May 2013, Q-Chem Inc. Pittsburgh 
 -------------------------------------------------------
 Integral Job Info:
 Integral job number is                      11
 Integral operator is                         1
 short-range coefficients                     0
 long-range coefficients              100000000
 Omega coefficients                           0
 if combine SR and LR in K                    0
 Integral screening is                        0
 Integral computing path is                   2
 max size of driver memory is            800000
 size of driver memory is                593474
 size of scratch memory is              2260544
 max col of scratch BK array               1296
 max len of scratch array in speh3          155
 max len of scratch index in speh4           18
 max int batch size is                      520
 min int batch size is                       52
 fixed nKL is                                52
 max L of basis functions is                  2
 order of int derivative is                   0
 number of shells is                         20
 number of basis is                          75
 number of cartesian basis is                75
 number of contracted shell pairs           203
 number of primitive shell pairs           1052
 maxK2 (contraction) of shell pair           36
 max number of K2 of shell pair               1
 max number of CS2 of shell pair             33
 max number of PS2 of shell pair            198
 mem total for path MDJ                   21832
 -------------------------------------------------------
 Smallest overlap matrix eigenvalue = 1.32E-03

 Scale SEOQF with 1.000000e+00/1.000000e-01/1.000000e+00

 Standard Electronic Orientation quadrupole field applied
 Nucleus-field energy     =     0.0000000106 hartrees
 Guess MOs from SCF MO coefficient file
 Reading MOs from coefficient file
 Reading MOs from coefficient file
 An unrestricted Hartree-Fock SCF calculation will be
 performed using Pulay DIIS extrapolation
 SCF converges when DIIS error is below 1.0E-08
 using 8 threads for integral computing 
 ---------------------------------------
  Cycle       Energy         DIIS Error
 ---------------------------------------
    1    -435.3634380325      5.41E-06
    2    -435.3634382134      3.84E-06
    3    -435.3634383131      2.88E-06
    4    -435.3634384370      4.49E-07
    5    -435.3634384380      2.08E-07
    6    -435.3634384381      7.61E-08
    7    -435.3634384382      4.60E-08
    8    -435.3634384382      1.60E-08
    9    -435.3634384382      5.14E-09 Convergence criterion met
 ---------------------------------------
 <S^2> = 0.0000
 SCF time:  CPU 8.33 s  wall 2.37 s
 SCF   energy in the final basis set = -435.3634384382
 Total energy in the final basis set = -435.3634384382
================================================================================
|                                                                              |
|                                 A D C  M A N                                 |
|                                                                              |
 ------------------------------------------------------------------------------ 
|                                                                              |
| Components:                                                                  |
|                                                                              |
| - libvmm - 1.2-release                                                       |
|   Authors:                                                                   |
|   Evgeny Epifanovsky, Ilya Kaliman                                           |
|                                                                              |
| - libtensor - 2.4-trunk                                                      |
|   Authors:                                                                   |
|   Evgeny Epifanovsky, Michael Wormit, Dmitry Zuev, Sam Manzer                |
|                                                                              |
| - libwfa - 1.1-beta                                                          |
|   Authors:                                                                   |
|   Felix Plasser, Stefanie Baeppler, Benjamin Thomitzni, Michael Wormit       |
|                                                                              |
| - libadc - 1.0-beta                                                          |
|   Authors:                                                                   |
|   Michael Wormit, Philipp H. P. Harbach, Caroline Krauter, Dirk Rehn,        |
|   Matthias Schneider, Jan Wenzel                                             |
|                                                                              |
| - adcman - 2.4-beta                                                          |
|   Authors:                                                                   |
|   Michael Wormit, Philipp H. P. Harbach, Caroline Krauter, Dirk Rehn,        |
|   Jan Wenzel, Andreas Dreuw                                                  |
|                                                                              |
| Authors of earlier versions of ADCMAN:                                       |
| Andreas Dreuw, Jan Hendrik Starcke, Dirk Rehn, Michael Wormit                |
|                                                                              |
================================================================================

 
 Alpha MOs, Unrestricted
 -- Occupied --                  
-26.512 -26.509 -26.509 -25.972 -11.730  -1.924  -1.818  -1.815
  1 A     2 A     3 A     4 A     5 A     6 A     7 A     8 A                  
 -1.244  -1.094  -1.002  -1.001  -0.939  -0.837  -0.836  -0.806
  9 A    10 A    11 A    12 A    13 A    14 A    15 A    16 A                  
 -0.803  -0.788  -0.347  -0.345  -0.345
 17 A    18 A    19 A    20 A    21 A                                          
 -- Virtual --                   
 -0.064   0.362   0.364   0.386   0.552   0.610   0.613   0.786
 22 A    23 A    24 A    25 A    26 A    27 A    28 A    29 A                  
  1.201   1.222   1.224   1.289   1.290   1.392   1.493   1.495
 30 A    31 A    32 A    33 A    34 A    35 A    36 A    37 A                  
  1.514   1.514   1.527   1.556   1.644   1.767   1.771   1.914
 38 A    39 A    40 A    41 A    42 A    43 A    44 A    45 A                  
  1.918   1.988   1.989   2.010   2.045   2.051   2.054   2.178
 46 A    47 A    48 A    49 A    50 A    51 A    52 A    53 A                  
  2.210   2.212   2.305   2.397   2.398   2.418   2.474   2.483
 54 A    55 A    56 A    57 A    58 A    59 A    60 A    61 A                  
  2.713   2.806   2.811   3.022   3.123   3.126   3.372   3.374
 62 A    63 A    64 A    65 A    66 A    67 A    68 A    69 A                  
  3.531   4.268   4.513   4.793   4.799   7.293
 70 A    71 A    72 A    73 A    74 A    75 A                                  
 
 Beta MOs, Unrestricted
 -- Occupied --                  
-26.512 -26.509 -26.509 -25.972 -11.730  -1.924  -1.818  -1.815
  1 A     2 A     3 A     4 A     5 A     6 A     7 A     8 A                  
 -1.244  -1.094  -1.002  -1.001  -0.939  -0.837  -0.836  -0.806
  9 A    10 A    11 A    12 A    13 A    14 A    15 A    16 A                  
 -0.803  -0.788  -0.347  -0.345  -0.345
 17 A    18 A    19 A    20 A    21 A                                          
 -- Virtual --                   
 -0.064   0.362   0.364   0.386   0.552   0.610   0.613   0.786
 22 A    23 A    24 A    25 A    26 A    27 A    28 A    29 A                  
  1.201   1.222   1.224   1.289   1.290   1.392   1.493   1.495
 30 A    31 A    32 A    33 A    34 A    35 A    36 A    37 A                  
  1.514   1.514   1.527   1.556   1.644   1.767   1.771   1.914
 38 A    39 A    40 A    41 A    42 A    43 A    44 A    45 A                  
  1.918   1.988   1.989   2.010   2.045   2.051   2.054   2.178
 46 A    47 A    48 A    49 A    50 A    51 A    52 A    53 A                  
  2.210   2.212   2.305   2.397   2.398   2.418   2.474   2.483
 54 A    55 A    56 A    57 A    58 A    59 A    60 A    61 A                  
  2.713   2.806   2.811   3.022   3.123   3.126   3.372   3.374
 62 A    63 A    64 A    65 A    66 A    67 A    68 A    69 A                  
  3.531   4.268   4.513   4.793   4.799   7.293
 70 A    71 A    72 A    73 A    74 A    75 A                                  
 

--------------------------------------------------------------------------------
                                   HF Summary                                   
--------------------------------------------------------------------------------
  Energy:                                                 -435.3634384382 a.u.
  Dip. moment [a.u.]:                  [ -56.563320,  183.502816,    1.026020]
  Total dipole [Debye]:                                             488.079917
  <r^2> [a.u.]:                        [ 168.496541,  922.120236,   93.446839]
  Total <r^2> [a.u.]:                                              1184.063616
--------------------------------------------------------------------------------

--------------------------------------------------------------------------------
                                 MP(2) Summary                                  
--------------------------------------------------------------------------------
  Energy contribution:                                      -0.8125963787 a.u.
  Total energy:                                           -436.1760348170 a.u.
  Dip. moment [a.u.]:                  [ -56.469532,  183.756044,    0.929843]
  Total dipole [Debye]:                                             488.623707
  <r^2> [a.u.]:                        [ 168.052753,  924.731664,   93.246413]
  Total <r^2> [a.u.]:                                              1186.030829
--------------------------------------------------------------------------------
  Starting Davidson ... 
--------------------------------------------------------------------------------
   It NVec Conv  Avg. Norm  Max. Norm  Conv. states           Remark
--------------------------------------------------------------------------------
        20    0  2.062e-01  1.066e+00 10.9351 n n n n n n n n Guess.
    1   40    0  6.052e-02  8.782e-01 10.7712 n n n n n n n n 
    2   60    0  1.707e-02  2.506e-01 10.7701 n n n n n n n n 
    3   80    0  3.812e-03  5.428e-02 10.7700 n n n n n n n n 
    4  100    0  1.227e-03  1.483e-02 10.7700 n n n n n n n n 
    5   40    0  7.431e-04  1.049e-02 10.7700 n n n n n n n n Subspace collapsed.
    6   60    0  7.847e-04  1.260e-02 10.7700 n n n n n n n n 
    7   80    1  7.736e-04  1.246e-02 10.7700 y n n n n n n n 
    8  100    2  6.080e-04  9.204e-03 10.7700 y y n n n n n n 
    9   40    5  3.301e-04  5.426e-03 10.7700 y y y y n n y n Subspace collapsed.
   10   60    8  2.075e-04  3.329e-03 10.7700 y y y y n y y y 
   11   80   10  1.454e-04  2.134e-03 10.7700 y y y y y y y y 
   12  100   13  1.445e-04  2.119e-03 10.7700 y y y y y y y y 
   13   40   16  9.846e-05  1.409e-03 10.7700 y y y y y y y y Subspace collapsed.
   14   60   16  1.184e-04  1.916e-03 10.7700 y y y y y y y y 
   15   80   16  1.020e-04  1.650e-03 10.7700 y y y y y y y y 
   16   80   16  1.020e-04  1.650e-03 10.7700 y y y y y y y y 
   17  100   16  9.617e-05  1.376e-03 10.7700 y y y y y y y y 
   18   38   16  5.813e-05  9.056e-04 10.7700 y y y y y y y y Subspace collapsed.
   19   56   16  5.215e-05  7.492e-04 10.7700 y y y y y y y y 
   20   58   16  5.209e-05  7.492e-04 10.7700 y y y y y y y y 
   21   59   16  5.212e-05  7.492e-04 10.7700 y y y y y y y y 
   22   61   16  5.235e-05  7.495e-04 10.7700 y y y y y y y y 
   23   75   16  4.425e-05  5.277e-04 10.7700 y y y y y y y y 
   24   87   16  5.744e-05  6.805e-04 10.7700 y y y y y y y y 
   25   99   16  1.082e-04  1.696e-03 10.7700 y y y y y y y y 
   26  100   16  1.085e-04  1.696e-03 10.7700 y y y y y y y y 
   27   31   16  4.258e-05  6.365e-04 10.7700 y y y y y y y y Subspace collapsed.
   28   42   16  4.017e-05  5.075e-04 10.7700 y y y y y y y y 
   29   53   16  3.623e-05  4.850e-04 10.7700 y y y y y y y y 
   30   55   16  3.628e-05  4.898e-04 10.7700 y y y y y y y y 
   31   57   16  3.640e-05  4.906e-04 10.7700 y y y y y y y y 
   32   58   16  3.673e-05  4.985e-04 10.7700 y y y y y y y y 
   33   59   16  3.799e-05  5.222e-04 10.7700 y y y y y y y y 
   34   60   16  3.902e-05  5.418e-04 10.7700 y y y y y y y y 
   35   69   16  3.909e-05  5.257e-04 10.7700 y y y y y y y y 
   36   76   16  3.093e-05  4.042e-04 10.7700 y y y y y y y y 
   37   83   16  3.074e-05  4.823e-04 10.7700 y y y y y y y y 
   38   90   16  2.920e-05  4.754e-04 10.7700 y y y y y y y y 
   39   95   16  3.943e-05  6.112e-04 10.7700 y y y y y y y y 
   40  100   16  7.343e-05  1.082e-03 10.7700 y y y y y y y y 
   41   24   16  3.301e-05  4.668e-04 10.7700 y y y y y y y y Subspace collapsed.
   42   28   16  2.466e-05  3.840e-04 10.7700 y y y y y y y y 
   43   32   16  1.889e-05  2.983e-04 10.7700 y y y y y y y y 
   44   36   16  2.012e-05  2.809e-04 10.7700 y y y y y y y y 
   45   40   16  2.191e-05  3.160e-04 10.7700 y y y y y y y y 
   46   44   16  2.775e-05  4.260e-04 10.7700 y y y y y y y y 
   47   48   16  2.362e-05  3.465e-04 10.7700 y y y y y y y y 
   48   52   16  1.846e-05  2.710e-04 10.7700 y y y y y y y y 
   49   56   16  2.119e-05  3.582e-04 10.7700 y y y y y y y y 
   50   60   16  5.055e-05  7.107e-04 10.7700 y y y y y y y y 
   51   64   16  1.949e-03  3.897e-02 10.7700 y y y y y y y y 
   52   68   16  9.742e-04  1.948e-02 10.7700 y y y y y y y y 
   53   72   16  5.489e-04  1.097e-02 10.7700 y y y y y y y y 
   54   76   16  3.497e-04  6.990e-03 10.7700 y y y y y y y y 
   55   80   16  1.718e-04  3.435e-03 10.7700 y y y y y y y y 
   56   84   16  8.358e-05  1.671e-03 10.7700 y y y y y y y y 
   57   88   16  4.311e-05  8.619e-04 10.7700 y y y y y y y y 
   58   92   17  1.404e-05  2.806e-04 10.7700 y y y y y y y y 
   59   92   17  1.404e-05  2.806e-04 10.7700 y y y y y y y y 
--------------------------------------------------------------------------------
  Davidson Summary: 
 ------------------------------------------------------------
  State  0: excitation energy =  10.7700 a.u.   (converged)
  State  1: excitation energy =  10.8367 a.u.   (converged)
  State  2: excitation energy =  11.1842 a.u.   (converged)
  State  3: excitation energy =  11.1880 a.u.   (converged)
  State  4: excitation energy =  11.1953 a.u.   (converged)
  State  5: excitation energy =  11.2585 a.u.   (converged)
  State  6: excitation energy =  11.2624 a.u.   (converged)
  State  7: excitation energy =  11.2723 a.u.   (converged)
  State  8: excitation energy =  11.4673 a.u.   (converged)
  State  9: excitation energy =  11.5247 a.u.   (converged)
  State 10: excitation energy =  11.5415 a.u.   (converged)
  State 11: excitation energy =  11.5422 a.u.   (converged)
  State 12: excitation energy =  11.5603 a.u.   (converged)
  State 13: excitation energy =  11.5613 a.u.   (converged)
  State 14: excitation energy =  11.7717 a.u.   (converged)
  State 15: excitation energy =  11.7899 a.u.   (converged)
  State 16: excitation energy =  12.2059 a.u.   (not converged)
  State 17: excitation energy =  12.2092 a.u.   (not converged)
  State 18: excitation energy =  12.2092 a.u.   (converged)
  State 19: excitation energy =  12.2109 a.u.   (not converged)
 ------------------------------------------------------------


--------------------------------------------------------------------------------
                             Excited State Summary
--------------------------------------------------------------------------------

  Excited state  1 (A)                                             [converged]
  ----------------------------------------------------------------------------
  Term symbol:  2 (-) A                                     R^2 =  3.36902e-13

  Total energy:                                           -425.4059865593 a.u.
  Excitation energy:                                             293.067918 eV

  Osc. strength:                                                      0.000000
  Trans. dip. moment [a.u.]:           [   0.000000,    0.000000,   -0.000000]
  <i|r^2|0> [a.u.]:                    [  -0.000000,    0.000000,    0.000000]

  V1^2 = 0.9545, V2^2 = 0.0455

  Important amplitudes:
     core i     occ j      vir a      vir b          v   
    ------------------------------------------------------
     5 (A) A              22 (A) A                 0.6468
     5 (A) B              22 (A) B                -0.6468
    ------------------------------------------------------
  ----------------------------------------------------------------------------


  Excited state  2 (A)                                             [converged]
  ----------------------------------------------------------------------------
  Term symbol:  3 (-) A                                     R^2 =  5.66704e-13

  Total energy:                                           -425.3393736228 a.u.
  Excitation energy:                                             294.880548 eV

  Osc. strength:                                                      0.087427
  Trans. dip. moment [a.u.]:           [  -0.036734,   -0.097461,    0.035408]
  <i|r^2|0> [a.u.]:                    [   0.059515,   -1.090621,   -0.037031]

  V1^2 = 0.9485, V2^2 = 0.0515

  Important amplitudes:
     core i     occ j      vir a      vir b          v   
    ------------------------------------------------------
     5 (A) B              22 (A) B                -0.6609
     5 (A) A              22 (A) A                -0.6609
    ------------------------------------------------------
  ----------------------------------------------------------------------------


  Excited state  3 (A)                                             [converged]
  ----------------------------------------------------------------------------
  Term symbol:  4 (-) A                                     R^2 =  4.49011e-13

  Total energy:                                           -424.9918679527 a.u.
  Excitation energy:                                             304.336658 eV

  Osc. strength:                                                      0.000000
  Trans. dip. moment [a.u.]:           [  -0.000000,    0.000000,    0.000000]
  <i|r^2|0> [a.u.]:                    [   0.000000,    0.000000,   -0.000000]

  V1^2 = 0.9504, V2^2 = 0.0496

  Important amplitudes:
     core i     occ j      vir a      vir b          v   
    ------------------------------------------------------
     5 (A) A              23 (A) A                -0.5085
     5 (A) B              23 (A) B                 0.5085
    ------------------------------------------------------
  ----------------------------------------------------------------------------


  Excited state  4 (A)                                             [converged]
  ----------------------------------------------------------------------------
  Term symbol:  5 (-) A                                     R^2 =  6.71627e-13

  Total energy:                                           -424.9880353904 a.u.
  Excitation energy:                                             304.440947 eV

  Osc. strength:                                                      0.000000
  Trans. dip. moment [a.u.]:           [   0.000000,    0.000000,    0.000000]
  <i|r^2|0> [a.u.]:                    [  -0.000000,    0.000000,   -0.000000]

  V1^2 = 0.9498, V2^2 = 0.0502

  Important amplitudes:
     core i     occ j      vir a      vir b          v   
    ------------------------------------------------------
     5 (A) A              24 (A) A                 0.4967
     5 (A) B              24 (A) B                -0.4967
    ------------------------------------------------------
  ----------------------------------------------------------------------------


  Excited state  5 (A)                                             [converged]
  ----------------------------------------------------------------------------
  Term symbol:  6 (-) A                                     R^2 =  7.88542e-13

  Total energy:                                           -424.9807286846 a.u.
  Excitation energy:                                             304.639773 eV

  Osc. strength:                                                      0.000000
  Trans. dip. moment [a.u.]:           [  -0.000000,   -0.000000,   -0.000000]
  <i|r^2|0> [a.u.]:                    [   0.000000,   -0.000000,    0.000000]

  V1^2 = 0.9338, V2^2 = 0.0662

  Important amplitudes:
     core i     occ j      vir a      vir b          v   
    ------------------------------------------------------
     5 (A) A              25 (A) A                 0.6030
     5 (A) B              25 (A) B                -0.6030
    ------------------------------------------------------
  ----------------------------------------------------------------------------


  Excited state  6 (A)                                             [converged]
  ----------------------------------------------------------------------------
  Term symbol:  7 (-) A                                     R^2 =  1.74185e-12

  Total energy:                                           -424.9175260213 a.u.
  Excitation energy:                                             306.359605 eV

  Osc. strength:                                                      0.111127
  Trans. dip. moment [a.u.]:           [   0.109672,   -0.050641,   -0.014604]
  <i|r^2|0> [a.u.]:                    [  -0.203105,   -0.561361,    0.018679]

  V1^2 = 0.9409, V2^2 = 0.0591

  Important amplitudes:
     core i     occ j      vir a      vir b          v   
    ------------------------------------------------------
     5 (A) B              23 (A) B                 0.5563
     5 (A) A              23 (A) A                 0.5563
    ------------------------------------------------------
  ----------------------------------------------------------------------------


  Excited state  7 (A)                                             [converged]
  ----------------------------------------------------------------------------
  Term symbol:  8 (-) A                                     R^2 =  6.48487e-13

  Total energy:                                           -424.9136188658 a.u.
  Excitation energy:                                             306.465924 eV

  Osc. strength:                                                      0.109965
  Trans. dip. moment [a.u.]:           [  -0.025561,   -0.023018,   -0.116029]
  <i|r^2|0> [a.u.]:                    [   0.045681,   -0.257943,    0.094044]

  V1^2 = 0.9406, V2^2 = 0.0594

  Important amplitudes:
     core i     occ j      vir a      vir b          v   
    ------------------------------------------------------
     5 (A) B              24 (A) B                -0.5507
     5 (A) A              24 (A) A                -0.5507
    ------------------------------------------------------
  ----------------------------------------------------------------------------


  Excited state  8 (A)                                             [converged]
  ----------------------------------------------------------------------------
  Term symbol:  9 (-) A                                     R^2 =  1.75107e-12

  Total energy:                                           -424.9037120097 a.u.
  Excitation energy:                                             306.735503 eV

  Osc. strength:                                                      0.040884
  Trans. dip. moment [a.u.]:           [   0.032746,    0.065186,   -0.010909]
  <i|r^2|0> [a.u.]:                    [  -0.075917,    0.697793,   -0.006162]

  V1^2 = 0.9238, V2^2 = 0.0762

  Important amplitudes:
     core i     occ j      vir a      vir b          v   
    ------------------------------------------------------
     5 (A) B              25 (A) B                -0.6412
     5 (A) A              25 (A) A                -0.6412
    ------------------------------------------------------
  ----------------------------------------------------------------------------


  Excited state  9 (A)                                             [converged]
  ----------------------------------------------------------------------------
  Term symbol:  10 (-) A                                    R^2 =  8.87916e-13

  Total energy:                                           -424.7087690110 a.u.
  Excitation energy:                                             312.040172 eV

  Osc. strength:                                                      0.000000
  Trans. dip. moment [a.u.]:           [  -0.000000,   -0.000000,    0.000000]
  <i|r^2|0> [a.u.]:                    [   0.000000,   -0.000000,   -0.000000]

  V1^2 = 0.9204, V2^2 = 0.0796

  Important amplitudes:
     core i     occ j      vir a      vir b          v   
    ------------------------------------------------------
     5 (A) A              26 (A) A                 0.6313
     5 (A) B              26 (A) B                -0.6313
    ------------------------------------------------------
  ----------------------------------------------------------------------------


  Excited state 10 (A)                                             [converged]
  ----------------------------------------------------------------------------
  Term symbol:  11 (-) A                                    R^2 =  6.25632e-13

  Total energy:                                           -424.6513550296 a.u.
  Excitation energy:                                             313.602486 eV

  Osc. strength:                                                      0.018269
  Trans. dip. moment [a.u.]:           [  -0.015945,   -0.043060,    0.016415]
  <i|r^2|0> [a.u.]:                    [   0.006523,   -0.500396,   -0.036196]

  V1^2 = 0.9202, V2^2 = 0.0798

  Important amplitudes:
     core i     occ j      vir a      vir b          v   
    ------------------------------------------------------
     5 (A) B              26 (A) B                 0.6604
     5 (A) A              26 (A) A                 0.6604
    ------------------------------------------------------
  ----------------------------------------------------------------------------


  Excited state 11 (A)                                             [converged]
  ----------------------------------------------------------------------------
  Term symbol:  12 (-) A                                    R^2 =  6.06134e-13

  Total energy:                                           -424.6345470919 a.u.
  Excitation energy:                                             314.059853 eV

  Osc. strength:                                                      0.000000
  Trans. dip. moment [a.u.]:           [   0.000000,   -0.000000,   -0.000000]
  <i|r^2|0> [a.u.]:                    [  -0.000000,   -0.000000,    0.000000]

  V1^2 = 0.8966, V2^2 = 0.1034

  Important amplitudes:
     core i     occ j      vir a      vir b          v   
    ------------------------------------------------------
     5 (A) A              27 (A) A                 0.5015
     5 (A) B              27 (A) B                -0.5015
    ------------------------------------------------------
  ----------------------------------------------------------------------------


  Excited state 12 (A)                                             [converged]
  ----------------------------------------------------------------------------
  Term symbol:  13 (-) A                                    R^2 =  1.22224e-12

  Total energy:                                           -424.6338112424 a.u.
  Excitation energy:                                             314.079877 eV

  Osc. strength:                                                      0.000000
  Trans. dip. moment [a.u.]:           [  -0.000000,   -0.000000,   -0.000000]
  <i|r^2|0> [a.u.]:                    [   0.000000,   -0.000000,    0.000000]

  V1^2 = 0.8966, V2^2 = 0.1034

  Important amplitudes:
     core i     occ j      vir a      vir b          v   
    ------------------------------------------------------
     5 (A) A              28 (A) A                -0.4987
     5 (A) B              28 (A) B                 0.4987
    ------------------------------------------------------
  ----------------------------------------------------------------------------


  Excited state 13 (A)                                             [converged]
  ----------------------------------------------------------------------------
  Term symbol:  14 (-) A                                    R^2 =  4.21882e-13

  Total energy:                                           -424.6157672195 a.u.
  Excitation energy:                                             314.570880 eV

  Osc. strength:                                                      0.036935
  Trans. dip. moment [a.u.]:           [  -0.059231,    0.029632,    0.020153]
  <i|r^2|0> [a.u.]:                    [   0.110223,    0.327700,   -0.018250]

  V1^2 = 0.9006, V2^2 = 0.0994

  Important amplitudes:
     core i     occ j      vir a      vir b          v   
    ------------------------------------------------------
     5 (A) B              27 (A) B                -0.5521
     5 (A) A              27 (A) A                -0.5521
    ------------------------------------------------------
  ----------------------------------------------------------------------------


  Excited state 14 (A)                                             [converged]
  ----------------------------------------------------------------------------
  Term symbol:  15 (-) A                                    R^2 =  7.35246e-13

  Total energy:                                           -424.6147820831 a.u.
  Excitation energy:                                             314.597687 eV

  Osc. strength:                                                      0.037483
  Trans. dip. moment [a.u.]:           [   0.027830,    0.013210,    0.062563]
  <i|r^2|0> [a.u.]:                    [  -0.051796,    0.145656,   -0.050812]

  V1^2 = 0.9007, V2^2 = 0.0993

  Important amplitudes:
     core i     occ j      vir a      vir b          v   
    ------------------------------------------------------
     5 (A) B              28 (A) B                 0.5504
     5 (A) A              28 (A) A                 0.5504
    ------------------------------------------------------
  ----------------------------------------------------------------------------


  Excited state 15 (A)                                             [converged]
  ----------------------------------------------------------------------------
  Term symbol:  16 (-) A                                    R^2 =  1.32620e-12

  Total energy:                                           -424.4043060152 a.u.
  Excitation energy:                                             320.325032 eV

  Osc. strength:                                                      0.000000
  Trans. dip. moment [a.u.]:           [   0.000000,    0.000000,   -0.000000]
  <i|r^2|0> [a.u.]:                    [  -0.000000,    0.000000,    0.000000]

  V1^2 = 0.8852, V2^2 = 0.1148

  Important amplitudes:
     core i     occ j      vir a      vir b          v   
    ------------------------------------------------------
     5 (A) A              29 (A) A                 0.6333
     5 (A) B              29 (A) B                -0.6333
    ------------------------------------------------------
  ----------------------------------------------------------------------------


  Excited state 16 (A)                                             [converged]
  ----------------------------------------------------------------------------
  Term symbol:  17 (-) A                                    R^2 =  1.33217e-12

  Total energy:                                           -424.3861646340 a.u.
  Excitation energy:                                             320.818684 eV

  Osc. strength:                                                      0.012987
  Trans. dip. moment [a.u.]:           [  -0.013446,   -0.035891,    0.013539]
  <i|r^2|0> [a.u.]:                    [   0.035748,   -0.386519,   -0.000099]

  V1^2 = 0.8862, V2^2 = 0.1138

  Important amplitudes:
     core i     occ j      vir a      vir b          v   
    ------------------------------------------------------
     5 (A) B              29 (A) B                -0.6487
     5 (A) A              29 (A) A                -0.6487
    ------------------------------------------------------
  ----------------------------------------------------------------------------


  Excited state 17 (A)                                         [not converged]
  ----------------------------------------------------------------------------
  Term symbol:  18 (-) A                                    R^2 =  1.11698e-06

  Total energy:                                           -423.9700994515 a.u.
  Excitation energy:                                             332.140393 eV


  V1^2 = 0.8628, V2^2 = 0.1372

  Important amplitudes:
     core i     occ j      vir a      vir b          v   
    ------------------------------------------------------
     5 (A) A              30 (A) A                -0.6364
     5 (A) B              30 (A) B                 0.6364
    ------------------------------------------------------
  ----------------------------------------------------------------------------


  Excited state 18 (A)                                         [not converged]
  ----------------------------------------------------------------------------
  Term symbol:  19 (-) A                                    R^2 =  8.31770e-06

  Total energy:                                           -423.9668213738 a.u.
  Excitation energy:                                             332.229594 eV


  V1^2 = 0.8643, V2^2 = 0.1357

  Important amplitudes:
     core i     occ j      vir a      vir b          v   
    ------------------------------------------------------
     5 (A) B              31 (A) B                -0.5943
     5 (A) A              31 (A) A                 0.5943
    ------------------------------------------------------
  ----------------------------------------------------------------------------


  Excited state 19 (A)                                             [converged]
  ----------------------------------------------------------------------------
  Term symbol:  20 (-) A                                    R^2 =  6.13279e-07

  Total energy:                                           -423.9668113687 a.u.
  Excitation energy:                                             332.229866 eV

  Osc. strength:                                                      0.001801
  Trans. dip. moment [a.u.]:           [   0.007443,    0.012871,   -0.000460]
  <i|r^2|0> [a.u.]:                    [  -0.023024,    0.145698,   -0.010887]

  V1^2 = 0.8625, V2^2 = 0.1375

  Important amplitudes:
     core i     occ j      vir a      vir b          v   
    ------------------------------------------------------
     5 (A) A              30 (A) A                 0.6478
     5 (A) B              30 (A) B                 0.6478
    ------------------------------------------------------
  ----------------------------------------------------------------------------


  Excited state 20 (A)                                         [not converged]
  ----------------------------------------------------------------------------
  Term symbol:  21 (-) A                                    R^2 =  2.80648e-04

  Total energy:                                           -423.9650879937 a.u.
  Excitation energy:                                             332.276762 eV


  V1^2 = 0.8641, V2^2 = 0.1359

  Important amplitudes:
     core i     occ j      vir a      vir b          v   
    ------------------------------------------------------
     5 (A) A              32 (A) A                -0.6000
     5 (A) B              32 (A) B                 0.6000
    ------------------------------------------------------
  ----------------------------------------------------------------------------


--------------------------------------------------------------------------------
  Time of ADC calculation:  CPU 3176.14 s  wall 1960.74 s
================================================================================
 
 --------------------------------------------------------------
 
                    Orbital Energies (a.u.)
 --------------------------------------------------------------
 
 Alpha MOs
 -- Occupied --
-26.512 -26.509 -26.509 -25.972 -11.730  -1.924  -1.818  -1.815
 -1.244  -1.094  -1.002  -1.001  -0.939  -0.837  -0.836  -0.806
 -0.803  -0.788  -0.347  -0.345  -0.345
 -- Virtual --
 -0.064   0.362   0.364   0.386   0.552   0.610   0.613   0.786
  1.201   1.222   1.224   1.289   1.290   1.392   1.493   1.495
  1.514   1.514   1.527   1.556   1.644   1.767   1.771   1.914
  1.918   1.988   1.989   2.010   2.045   2.051   2.054   2.178
  2.210   2.212   2.305   2.397   2.398   2.418   2.474   2.483
  2.713   2.806   2.811   3.022   3.123   3.126   3.372   3.374
  3.531   4.268   4.513   4.793   4.799   7.293
 
 Beta MOs
 -- Occupied --
-26.512 -26.509 -26.509 -25.972 -11.730  -1.924  -1.818  -1.815
 -1.244  -1.094  -1.002  -1.001  -0.939  -0.837  -0.836  -0.806
 -0.803  -0.788  -0.347  -0.345  -0.345
 -- Virtual --
 -0.064   0.362   0.364   0.386   0.552   0.610   0.613   0.786
  1.201   1.222   1.224   1.289   1.290   1.392   1.493   1.495
  1.514   1.514   1.527   1.556   1.644   1.767   1.771   1.914
  1.918   1.988   1.989   2.010   2.045   2.051   2.054   2.178
  2.210   2.212   2.305   2.397   2.398   2.418   2.474   2.483
  2.713   2.806   2.811   3.022   3.123   3.126   3.372   3.374
  3.531   4.268   4.513   4.793   4.799   7.293
 --------------------------------------------------------------
 
          Ground-State Mulliken Net Atomic Charges

     Atom                 Charge (a.u.)    Spin (a.u.)
  --------------------------------------------------------
      1 C                     1.227281       0.000000
      2 F                    -0.119126       0.000000
      3 F                    -0.115867       0.000000
      4 F                    -0.876921       0.000000
      5 F                    -0.115368       0.000000
  --------------------------------------------------------
  Sum of atomic charges =     0.000000
  Sum of spin   charges =     0.000000

 -----------------------------------------------------------------
                    Cartesian Multipole Moments
 -----------------------------------------------------------------
    Charge (ESU x 10^10)
                 0.0000
    Dipole Moment (Debye)
         X       3.1100      Y       8.3639      Z      -3.1871
       Tot       9.4755
    Quadrupole Moments (Debye-Ang)
        XX     -28.0749     XY      -0.7847     YY      10.4517
        XZ       3.0883     YZ      -5.2057     ZZ     -23.7324
    Octopole Moments (Debye-Ang^2)
       XXX      55.7484    XXY     -56.4729    XYY       5.0227
       YYY     -48.9427    XXZ      -3.5982    XYZ       3.3861
       YYZ     -12.5570    XZZ      17.1165    YZZ     -53.2267
       ZZZ      -1.2419
    Hexadecapole Moments (Debye-Ang^3)
      XXXX    -154.4050   XXXY     111.0928   XXYY    -165.2725
      XYYY      65.7654   YYYY    -496.2455   XXXZ       7.7296
      XXYZ      -0.6531   XYYZ       5.5887   YYYZ     -31.2482
      XXZZ     -37.6927   XYZZ      35.3506   YYZZ    -152.4798
      XZZZ       4.1101   YZZZ       6.7525   ZZZZ     -77.1186
 -----------------------------------------------------------------
Archival summary:
1\1\tp-linux1\SP\HF\6-31G*\41\thomas\WedMar1517:44:552017WedMar1517:44:552017\0\\#,HF,6-31G*,\\0,1\F\C,1,1.24021\F,2,1.23649,1,115.991\F,2,1.24208,1,115.645,3,140.391,0\F,2,2.26654,1,77.3895,3,70.7925,0\\HF=-435.363438\\@

 Total job time:  1965.11s(wall), 3188.71s(cpu) 
 Wed Mar 15 17:44:55 2017

        *************************************************************
        *                                                           *
        *  Thank you very much for using Q-Chem.  Have a nice day.  *
        *                                                           *
        *************************************************************


0 sent ACK to 0 
now end server 0 ... 
cleanup process ... done
