
Running Job 1 of 2 ddtraj5t26.inp
qchem ddtraj5t26.inp_9868.0 /scratch/qchem/qchem9868/ 1
/mnt/software/qchem/bin/mpi/mpirun_qchem -machinefile /mnt/software/qchem/bin/mpi/machines -np 1 /mnt/software/qchem/exe/qcprog.exe ddtraj5t26.inp_9868.0 /scratch/qchem/qchem9868/

Process 0 of 1 is on tp-linux1 - thread support 0
initial socket setup ...start
initial socket setup ...done 
now start server 0 ... 

cmd = ssh tp-linux1 /mnt/software/qchem/bin/get_hostid 1091362399 > /scratch/qchem/qchem9868/lic.dat
                  Welcome to Q-Chem
     A Quantum Leap Into The Future Of Chemistry


 Q-Chem 4.3, Q-Chem, Inc., Pleasanton, CA (2015)

 Y. Shao,  Z. Gan,  E. Epifanovsky,  A. T. B. Gilbert,  M. Wormit,  
 J. Kussmann,  A. W. Lange,  A. Behn,  J. Deng,  X. Feng,  D. Ghosh,  
 M. Goldey,  P. R. Horn,  L. D. Jacobson,  I. Kaliman,  R. Z. Khaliullin,  
 T. Kus,  A. Landau,  J. Liu,  E. I. Proynov,  Y. M. Rhee,  R. M. Richard,  
 M. A. Rohrdanz,  R. P. Steele,  E. J. Sundstrom,  H. L. Woodcock III,  
 P. M. Zimmerman,  D. Zuev,  B. Albrecht,  E. Alguire,  B. Austin,  
 S. A. Baeppler,  G. J. O. Beran,  Y. A. Bernard,  E. Berquist,  
 K. Brandhorst,  K. B. Bravaya,  S. T. Brown,  D. Casanova,  C.-M. Chang,  
 Y. Chen,  S. H. Chien,  K. D. Closser,  D. L. Crittenden,  M. Diedenhofen,  
 R. A. DiStasio Jr.,  H. Do,  A. D. Dutoi,  R. G. Edgar,  P.-T. Fang,  
 S. Fatehi,  Q. Feng,  L. Fusti-Molnar,  A. Ghysels,  
 A. Golubeva-Zadorozhnaya,  J. Gomes,  A. Gunina,  M. W. D. Hanson-Heine,  
 P. H. P. Harbach,  A. W. Hauser,  E. G. Hohenstein,  Z. C. Holden,  K. Hui,  
 T.-C. Jagau,  H. Ji,  B. Kaduk,  K. Khistyaev,  Jaehoon Kim,  Jihan Kim,  
 R. A. King,  P. Klunzinger,  D. Kosenkov,  T. Kowalczyk,  C. M. Krauter,  
 K. U. Lao,  A. Laurent,  K. V. Lawler,  S. Lehtola,  S. V. Levchenko,  
 C. Y. Lin,  Y.-S. Lin,  F. Liu,  E. Livshits,  R. C. Lochan,  A. Luenser,  
 P. Manohar,  S. F. Manzer,  S.-P. Mao,  N. Mardirossian,  A. V. Marenich,  
 L. A. Martinez-Martinez,  S. A. Maurer,  N. J. Mayhall,  K. Nanda,  
 C. M. Oana,  R. Olivares-Amaya,  D. P. O'Neill,  J. A. Parkhill,  
 T. M. Perrine,  R. Peverati,  P. A. Pieniazek,  F. Plasser,  A. Prociuk,  
 D. R. Rehn,  E. Rosta,  N. J. Russ,  N. Sergueev,  S. M. Sharada,  
 S. Sharma,  D. W. Small,  A. Sodt,  T. Stauch,  T. Stein,  D. Stuck,  
 Y.-C. Su,  A. J. W. Thom,  T. Tsuchimochi,  L. Vogt,  O. Vydrov,  T. Wang,  
 M. A. Watson,  J. Wenzel,  A. White,  C. F. Williams,  V. Vanovschi,  
 S. Yeganeh,  S. R. Yost,  Z.-Q. You,  I. Y. Zhang,  X. Zhang,  Y. Zhao,  
 B. R. Brooks,  G. K. L. Chan,  D. M. Chipman,  C. J. Cramer,  
 W. A. Goddard III,  M. S. Gordon,  W. J. Hehre,  A. Klamt,  
 H. F. Schaefer III,  M. W. Schmidt,  C. D. Sherrill,  D. G. Truhlar,  
 A. Warshel,  X. Xu,  A. Aspuru-Guzik,  R. Baer,  A. T. Bell,  N. A. Besley,  
 J.-D. Chai,  A. Dreuw,  B. D. Dunietz,  T. R. Furlani,  S. R. Gwaltney,  
 C.-P. Hsu,  Y. Jung,  J. Kong,  D. S. Lambrecht,  W. Liang,  C. Ochsenfeld,  
 V. A. Rassolov,  L. V. Slipchenko,  J. E. Subotnik,  T. Van Voorhis,  
 J. M. Herbert,  A. I. Krylov,  P. M. W. Gill,  M. Head-Gordon

 Contributors to earlier versions of Q-Chem not listed above: 
 R. D. Adamson,  J. Baker,  E. F. C. Byrd,  A. K. Chakraborty,  C.-L. Cheng,  
 H. Dachsel,  R. J. Doerksen,  G. Hawkins,  A. Heyden,  S. Hirata,  
 G. Kedziora,  F. J. Keil,  C. Kelley,  P. P. Korambath,  W. Kurlancheek,  
 A. M. Lee,  M. S. Lee,  D. Liotard,  I. Lotan,  P. E. Maslen,  N. Nair,  
 D. Neuhauser,  R. Olson,  B. Peters,  J. Ritchie,  N. E. Schultz,  
 N. Shenvi,  A. C. Simmonett,  K. S. Thanthiriwatte,  Q. Wu,  W. Zhang

 Please cite Q-Chem as follows:
 Y. Shao et al., Mol. Phys. 113, 184-215 (2015)
 DOI: 10.1080/00268976.2014.952696

 Q-Chem 4.3.0 for Intel X86 Linux

 Parts of Q-Chem use Armadillo 5.200.1 (Boston Tea Smuggler).
 http://arma.sourceforge.net/

 Q-Chem begins on Mon Mar 20 23:22:42 2017  

Host: 
0

     Scratch files written to /scratch/qchem/qchem9868//
 Nov1815 1189b_ 19540  19532 5443   
 Parallel job on  1  processors
Processing $rem in /mnt/software/qchem/config/preferences.
 MEM_TOTAL  2000 

Checking the input file for inconsistencies... 	...done.

--------------------------------------------------------------
User input:
--------------------------------------------------------------
$comment
XAS calculation for the 2b valence excited for water using cvs-adc(2)-x + 6-311+G* basis set
job 1 - determination of HF orbitals
$end

$molecule
0 1
6  -0.552346  2.970383  -0.191665
9  0.495059  2.30623  0.045747
9  -1.095465  3.500624  0.711779
9  -1.152351  0.522985  0.576059
9  -1.14258  2.678386  -1.208532
$end

$rem
jobtype      sp
sym_ignore true
exchange     hf
basis        6-31G*
unrestricted true
$end

--------------------------------------------------------------
 ----------------------------------------------------------------
             Standard Nuclear Orientation (Angstroms)
    I     Atom           X                Y                Z
 ----------------------------------------------------------------
    1      C      -0.5523460000     2.9703830000    -0.1916650000
    2      F       0.4950590000     2.3062300000     0.0457470000
    3      F      -1.0954650000     3.5006240000     0.7117790000
    4      F      -1.1523510000     0.5229850000     0.5760590000
    5      F      -1.1425800000     2.6783860000    -1.2085320000
 ----------------------------------------------------------------
 Nuclear Repulsion Energy =   189.6237681270 hartrees
 There are       21 alpha and       21 beta electrons
 Requested basis set is 6-31G(d)
 There are 20 shells and 75 basis functions

 Total QAlloc Memory Limit   2000 MB
 Mega-Array Size        61 MB
 MEM_STATIC part        62 MB

                       Distance Matrix (Angstroms)
             C (  1)   F (  2)   F (  3)   F (  4)
   F (  2)  1.262743
   F (  3)  1.179977  2.097604
   F (  4)  2.634229  2.484986  2.981273
   F (  5)  1.211469  2.096086  2.089471  2.798323
 
 tim1(1): 
  0.000000000000000E+000
 tim1(2): 
  0.000000000000000E+000
 A cutoff of  1.0D-08 yielded    191 shell pairs
 There are      2910 function pairs
 
 -------------------------------------------------------
 OpenMP Integral Computing Module                       
 Release: version 1.0, May 2013, Q-Chem Inc. Pittsburgh 
 -------------------------------------------------------
 Integral Job Info:
 Integral job number is                      11
 Integral operator is                         1
 short-range coefficients                     0
 long-range coefficients              100000000
 Omega coefficients                           0
 if combine SR and LR in K                    0
 Integral screening is                        0
 Integral computing path is                   2
 max size of driver memory is            800000
 size of driver memory is                593474
 size of scratch memory is              2260544
 max col of scratch BK array               1296
 max len of scratch array in speh3          155
 max len of scratch index in speh4           18
 max int batch size is                      520
 min int batch size is                       52
 fixed nKL is                                52
 max L of basis functions is                  2
 order of int derivative is                   0
 number of shells is                         20
 number of basis is                          75
 number of cartesian basis is                75
 number of contracted shell pairs           191
 number of primitive shell pairs            925
 maxK2 (contraction) of shell pair           36
 max number of K2 of shell pair               1
 max number of CS2 of shell pair             27
 max number of PS2 of shell pair            180
 mem total for path MDJ                   19336
 -------------------------------------------------------
 Smallest overlap matrix eigenvalue = 2.87E-03

 Scale SEOQF with 1.000000e+00/1.000000e-01/1.000000e+00

 Standard Electronic Orientation quadrupole field applied
 Nucleus-field energy     =     0.0000000112 hartrees
 Guess from superposition of atomic densities
 Warning:  Energy on first SCF cycle will be non-variational
 An unrestricted Hartree-Fock SCF calculation will be
 performed using Pulay DIIS extrapolation
 SCF converges when DIIS error is below 1.0E-05
 using 8 threads for integral computing 
 ---------------------------------------
  Cycle       Energy         DIIS Error
 ---------------------------------------
    1    -436.4333029411      9.30E-02
    2    -435.1141018067      2.14E-02
    3    -433.8636537568      4.08E-02
    4    -435.3025799441      1.11E-02
    5    -435.3407340896      6.48E-03
    6    -435.3617803990      2.36E-03
    7    -435.3651532662      8.31E-04
    8    -435.3657945454      1.67E-04
    9    -435.3658659669      5.06E-05
   10    -435.3658783062      2.69E-05
   11    -435.3658816005      1.31E-05
   12    -435.3658825094      2.57E-06 Convergence criterion met
 ---------------------------------------
 <S^2> = 0.0000
 SCF time:  CPU 12.00 s  wall 2.84 s
 SCF   energy in the final basis set = -435.3658825094
 Total energy in the final basis set = -435.3658825094
 
 --------------------------------------------------------------
 
                    Orbital Energies (a.u.)
 --------------------------------------------------------------
 
 Alpha MOs
 -- Occupied --
-26.571 -26.548 -26.510 -25.951 -11.750  -1.984  -1.888  -1.823
 -1.211  -1.133  -1.053  -1.036  -0.992  -0.878  -0.867  -0.861
 -0.816  -0.810  -0.320  -0.319  -0.315
 -- Virtual --
 -0.029   0.278   0.368   0.400   0.544   0.586   0.646   0.699
  1.165   1.190   1.228   1.284   1.311   1.401   1.454   1.479
  1.479   1.494   1.517   1.539   1.609   1.752   1.790   1.813
  1.860   1.930   1.944   1.982   2.001   2.081   2.095   2.148
  2.167   2.189   2.273   2.285   2.422   2.423   2.439   2.445
  2.570   2.754   2.852   2.910   3.150   3.222   3.392   3.429
  3.494   4.175   4.493   4.857   5.051   5.425
 
 Beta MOs
 -- Occupied --
-26.571 -26.548 -26.510 -25.951 -11.750  -1.984  -1.888  -1.823
 -1.211  -1.133  -1.053  -1.036  -0.992  -0.878  -0.867  -0.861
 -0.816  -0.810  -0.320  -0.319  -0.315
 -- Virtual --
 -0.029   0.278   0.368   0.400   0.544   0.586   0.646   0.699
  1.165   1.190   1.228   1.284   1.311   1.401   1.454   1.479
  1.479   1.494   1.517   1.539   1.609   1.752   1.790   1.813
  1.860   1.930   1.944   1.982   2.001   2.081   2.095   2.148
  2.167   2.189   2.273   2.285   2.422   2.423   2.439   2.445
  2.570   2.754   2.852   2.910   3.150   3.222   3.392   3.429
  3.494   4.175   4.493   4.857   5.051   5.425
 --------------------------------------------------------------
 
          Ground-State Mulliken Net Atomic Charges

     Atom                 Charge (a.u.)    Spin (a.u.)
  --------------------------------------------------------
      1 C                     1.146176       0.000000
      2 F                    -0.121850       0.000000
      3 F                    -0.054610       0.000000
      4 F                    -0.882668       0.000000
      5 F                    -0.087048       0.000000
  --------------------------------------------------------
  Sum of atomic charges =     0.000000
  Sum of spin   charges =     0.000000

 -----------------------------------------------------------------
                    Cartesian Multipole Moments
 -----------------------------------------------------------------
    Charge (ESU x 10^10)
                 0.0000
    Dipole Moment (Debye)
         X       2.3854      Y      10.4975      Z      -3.2032
       Tot      11.2316
    Quadrupole Moments (Debye-Ang)
        XX     -26.8075     XY      -4.6672     YY      15.3637
        XZ       3.1024     YZ      -3.8019     ZZ     -23.6674
    Octopole Moments (Debye-Ang^2)
       XXX      53.9804    XXY     -50.8627    XYY      -4.0712
       YYY     -34.5153    XXZ      -3.6809    XYZ       2.1148
       YYZ      -8.8839    XZZ      17.0466    YZZ     -51.3603
       ZZZ      -2.2107
    Hexadecapole Moments (Debye-Ang^3)
      XXXX    -142.6973   XXXY     104.8325   XXYY    -159.6614
      XYYY      41.4183   YYYY    -500.1024   XXXZ       5.4350
      XXYZ       2.1944   XYYZ       1.8727   YYYZ     -14.8230
      XXZZ     -35.9659   XYZZ      33.7787   YYZZ    -155.7025
      XZZZ       2.7965   YZZZ      10.7000   ZZZZ     -75.3660
 -----------------------------------------------------------------
Archival summary:
1\1\tp-linux1\SP\HF\6-31G*\41\thomas\MonMar2023:22:452017MonMar2023:22:452017\0\\#,HF,6-31G*,\\0,1\C\F,1,1.17998\F,1,1.21147,2,121.784\F,1,1.26274,2,118.306,3,156.232,0\F,4,2.48499,1,82.3954,2,-84.5217,0\\HF=-435.365883\\@

 Total job time:  3.16s(wall), 13.71s(cpu) 
 Mon Mar 20 23:22:45 2017

        *************************************************************
        *                                                           *
        *  Thank you very much for using Q-Chem.  Have a nice day.  *
        *                                                           *
        *************************************************************


0 sent ACK to 0 
now end server 0 ... 
cleanup process ... done

Running Job 2 of 2 ddtraj5t26.inp
qchem ddtraj5t26.inp_9868.1 /scratch/qchem/qchem9868/ 1
/mnt/software/qchem/bin/mpi/mpirun_qchem -machinefile /mnt/software/qchem/bin/mpi/machines -np 1 /mnt/software/qchem/exe/qcprog.exe ddtraj5t26.inp_9868.1 /scratch/qchem/qchem9868/

Process 0 of 1 is on tp-linux1 - thread support 0
initial socket setup ...start
initial socket setup ...done 
now start server 0 ... 

cmd = ssh tp-linux1 /mnt/software/qchem/bin/get_hostid 646302784 > /scratch/qchem/qchem9868/lic.dat
                  Welcome to Q-Chem
     A Quantum Leap Into The Future Of Chemistry


 Q-Chem 4.3, Q-Chem, Inc., Pleasanton, CA (2015)

 Y. Shao,  Z. Gan,  E. Epifanovsky,  A. T. B. Gilbert,  M. Wormit,  
 J. Kussmann,  A. W. Lange,  A. Behn,  J. Deng,  X. Feng,  D. Ghosh,  
 M. Goldey,  P. R. Horn,  L. D. Jacobson,  I. Kaliman,  R. Z. Khaliullin,  
 T. Kus,  A. Landau,  J. Liu,  E. I. Proynov,  Y. M. Rhee,  R. M. Richard,  
 M. A. Rohrdanz,  R. P. Steele,  E. J. Sundstrom,  H. L. Woodcock III,  
 P. M. Zimmerman,  D. Zuev,  B. Albrecht,  E. Alguire,  B. Austin,  
 S. A. Baeppler,  G. J. O. Beran,  Y. A. Bernard,  E. Berquist,  
 K. Brandhorst,  K. B. Bravaya,  S. T. Brown,  D. Casanova,  C.-M. Chang,  
 Y. Chen,  S. H. Chien,  K. D. Closser,  D. L. Crittenden,  M. Diedenhofen,  
 R. A. DiStasio Jr.,  H. Do,  A. D. Dutoi,  R. G. Edgar,  P.-T. Fang,  
 S. Fatehi,  Q. Feng,  L. Fusti-Molnar,  A. Ghysels,  
 A. Golubeva-Zadorozhnaya,  J. Gomes,  A. Gunina,  M. W. D. Hanson-Heine,  
 P. H. P. Harbach,  A. W. Hauser,  E. G. Hohenstein,  Z. C. Holden,  K. Hui,  
 T.-C. Jagau,  H. Ji,  B. Kaduk,  K. Khistyaev,  Jaehoon Kim,  Jihan Kim,  
 R. A. King,  P. Klunzinger,  D. Kosenkov,  T. Kowalczyk,  C. M. Krauter,  
 K. U. Lao,  A. Laurent,  K. V. Lawler,  S. Lehtola,  S. V. Levchenko,  
 C. Y. Lin,  Y.-S. Lin,  F. Liu,  E. Livshits,  R. C. Lochan,  A. Luenser,  
 P. Manohar,  S. F. Manzer,  S.-P. Mao,  N. Mardirossian,  A. V. Marenich,  
 L. A. Martinez-Martinez,  S. A. Maurer,  N. J. Mayhall,  K. Nanda,  
 C. M. Oana,  R. Olivares-Amaya,  D. P. O'Neill,  J. A. Parkhill,  
 T. M. Perrine,  R. Peverati,  P. A. Pieniazek,  F. Plasser,  A. Prociuk,  
 D. R. Rehn,  E. Rosta,  N. J. Russ,  N. Sergueev,  S. M. Sharada,  
 S. Sharma,  D. W. Small,  A. Sodt,  T. Stauch,  T. Stein,  D. Stuck,  
 Y.-C. Su,  A. J. W. Thom,  T. Tsuchimochi,  L. Vogt,  O. Vydrov,  T. Wang,  
 M. A. Watson,  J. Wenzel,  A. White,  C. F. Williams,  V. Vanovschi,  
 S. Yeganeh,  S. R. Yost,  Z.-Q. You,  I. Y. Zhang,  X. Zhang,  Y. Zhao,  
 B. R. Brooks,  G. K. L. Chan,  D. M. Chipman,  C. J. Cramer,  
 W. A. Goddard III,  M. S. Gordon,  W. J. Hehre,  A. Klamt,  
 H. F. Schaefer III,  M. W. Schmidt,  C. D. Sherrill,  D. G. Truhlar,  
 A. Warshel,  X. Xu,  A. Aspuru-Guzik,  R. Baer,  A. T. Bell,  N. A. Besley,  
 J.-D. Chai,  A. Dreuw,  B. D. Dunietz,  T. R. Furlani,  S. R. Gwaltney,  
 C.-P. Hsu,  Y. Jung,  J. Kong,  D. S. Lambrecht,  W. Liang,  C. Ochsenfeld,  
 V. A. Rassolov,  L. V. Slipchenko,  J. E. Subotnik,  T. Van Voorhis,  
 J. M. Herbert,  A. I. Krylov,  P. M. W. Gill,  M. Head-Gordon

 Contributors to earlier versions of Q-Chem not listed above: 
 R. D. Adamson,  J. Baker,  E. F. C. Byrd,  A. K. Chakraborty,  C.-L. Cheng,  
 H. Dachsel,  R. J. Doerksen,  G. Hawkins,  A. Heyden,  S. Hirata,  
 G. Kedziora,  F. J. Keil,  C. Kelley,  P. P. Korambath,  W. Kurlancheek,  
 A. M. Lee,  M. S. Lee,  D. Liotard,  I. Lotan,  P. E. Maslen,  N. Nair,  
 D. Neuhauser,  R. Olson,  B. Peters,  J. Ritchie,  N. E. Schultz,  
 N. Shenvi,  A. C. Simmonett,  K. S. Thanthiriwatte,  Q. Wu,  W. Zhang

 Please cite Q-Chem as follows:
 Y. Shao et al., Mol. Phys. 113, 184-215 (2015)
 DOI: 10.1080/00268976.2014.952696

 Q-Chem 4.3.0 for Intel X86 Linux

 Parts of Q-Chem use Armadillo 5.200.1 (Boston Tea Smuggler).
 http://arma.sourceforge.net/

 Q-Chem begins on Mon Mar 20 23:22:48 2017  

Host: 
0

     Scratch files written to /scratch/qchem/qchem9868//
 Nov1815 1189b_ 19540  19532 5443   
 Parallel job on  1  processors
Processing $rem in /mnt/software/qchem/config/preferences.
 MEM_TOTAL  2000 

Checking the input file for inconsistencies... 	...done.

--------------------------------------------------------------
User input:
--------------------------------------------------------------

$comment
job3 - cvs-adc(2) calculation
$end

$molecule
read
$end

$rem
mem_total 3000
mem_static 1500
sym_ignore true
scf_guess read
method cvs-adc(2)
basis 6-31G*
ee_singlets 20
cc_rest_occ 5                  !only excitations from the lowest N orbitals
unrestricted  true
max_scf_cycles 200
$end
--------------------------------------------------------------
 ----------------------------------------------------------------
             Standard Nuclear Orientation (Angstroms)
    I     Atom           X                Y                Z
 ----------------------------------------------------------------
    1      C      -0.5523460000     2.9703830000    -0.1916650000
    2      F       0.4950590000     2.3062300000     0.0457470000
    3      F      -1.0954650000     3.5006240000     0.7117790000
    4      F      -1.1523510000     0.5229850000     0.5760590000
    5      F      -1.1425800000     2.6783860000    -1.2085320000
 ----------------------------------------------------------------
 Nuclear Repulsion Energy =   189.6237681270 hartrees
 There are       21 alpha and       21 beta electrons
 Requested basis set is 6-31G(d)
 There are 20 shells and 75 basis functions

 Total QAlloc Memory Limit   3000 MB
 Mega-Array Size      1467 MB
 MEM_STATIC part      1500 MB

                       Distance Matrix (Angstroms)
             C (  1)   F (  2)   F (  3)   F (  4)
   F (  2)  1.262743
   F (  3)  1.179977  2.097604
   F (  4)  2.634229  2.484986  2.981273
   F (  5)  1.211469  2.096086  2.089471  2.798323
 
 tim1(1): 
  0.000000000000000E+000
 tim1(2): 
  0.000000000000000E+000
 A cutoff of  1.0D-11 yielded    199 shell pairs
 There are      2962 function pairs
 
 -------------------------------------------------------
 OpenMP Integral Computing Module                       
 Release: version 1.0, May 2013, Q-Chem Inc. Pittsburgh 
 -------------------------------------------------------
 Integral Job Info:
 Integral job number is                      11
 Integral operator is                         1
 short-range coefficients                     0
 long-range coefficients              100000000
 Omega coefficients                           0
 if combine SR and LR in K                    0
 Integral screening is                        0
 Integral computing path is                   2
 max size of driver memory is            800000
 size of driver memory is                593474
 size of scratch memory is              2260544
 max col of scratch BK array               1296
 max len of scratch array in speh3          155
 max len of scratch index in speh4           18
 max int batch size is                      520
 min int batch size is                       52
 fixed nKL is                                52
 max L of basis functions is                  2
 order of int derivative is                   0
 number of shells is                         20
 number of basis is                          75
 number of cartesian basis is                75
 number of contracted shell pairs           199
 number of primitive shell pairs           1010
 maxK2 (contraction) of shell pair           36
 max number of K2 of shell pair               1
 max number of CS2 of shell pair             32
 max number of PS2 of shell pair            192
 mem total for path MDJ                   21832
 -------------------------------------------------------
 Smallest overlap matrix eigenvalue = 2.87E-03

 Scale SEOQF with 1.000000e+00/1.000000e-01/1.000000e+00

 Standard Electronic Orientation quadrupole field applied
 Nucleus-field energy     =     0.0000000112 hartrees
 Guess MOs from SCF MO coefficient file
 Reading MOs from coefficient file
 Reading MOs from coefficient file
 An unrestricted Hartree-Fock SCF calculation will be
 performed using Pulay DIIS extrapolation
 SCF converges when DIIS error is below 1.0E-08
 using 8 threads for integral computing 
 ---------------------------------------
  Cycle       Energy         DIIS Error
 ---------------------------------------
    1    -435.3658826241      1.15E-06
    2    -435.3658826260      7.10E-07
    3    -435.3658826266      2.82E-07
    4    -435.3658826272      1.12E-07
    5    -435.3658826273      4.36E-08
    6    -435.3658826273      1.42E-08
    7    -435.3658826273      6.10E-09 Convergence criterion met
 ---------------------------------------
 <S^2> = 0.0000
 SCF time:  CPU 7.04 s  wall 1.86 s
 SCF   energy in the final basis set = -435.3658826273
 Total energy in the final basis set = -435.3658826273
================================================================================
|                                                                              |
|                                 A D C  M A N                                 |
|                                                                              |
 ------------------------------------------------------------------------------ 
|                                                                              |
| Components:                                                                  |
|                                                                              |
| - libvmm - 1.2-release                                                       |
|   Authors:                                                                   |
|   Evgeny Epifanovsky, Ilya Kaliman                                           |
|                                                                              |
| - libtensor - 2.4-trunk                                                      |
|   Authors:                                                                   |
|   Evgeny Epifanovsky, Michael Wormit, Dmitry Zuev, Sam Manzer                |
|                                                                              |
| - libwfa - 1.1-beta                                                          |
|   Authors:                                                                   |
|   Felix Plasser, Stefanie Baeppler, Benjamin Thomitzni, Michael Wormit       |
|                                                                              |
| - libadc - 1.0-beta                                                          |
|   Authors:                                                                   |
|   Michael Wormit, Philipp H. P. Harbach, Caroline Krauter, Dirk Rehn,        |
|   Matthias Schneider, Jan Wenzel                                             |
|                                                                              |
| - adcman - 2.4-beta                                                          |
|   Authors:                                                                   |
|   Michael Wormit, Philipp H. P. Harbach, Caroline Krauter, Dirk Rehn,        |
|   Jan Wenzel, Andreas Dreuw                                                  |
|                                                                              |
| Authors of earlier versions of ADCMAN:                                       |
| Andreas Dreuw, Jan Hendrik Starcke, Dirk Rehn, Michael Wormit                |
|                                                                              |
================================================================================

 
 Alpha MOs, Unrestricted
 -- Occupied --                  
-26.571 -26.548 -26.510 -25.951 -11.750  -1.984  -1.888  -1.823
  1 A     2 A     3 A     4 A     5 A     6 A     7 A     8 A                  
 -1.211  -1.133  -1.053  -1.036  -0.992  -0.878  -0.867  -0.861
  9 A    10 A    11 A    12 A    13 A    14 A    15 A    16 A                  
 -0.816  -0.810  -0.320  -0.319  -0.315
 17 A    18 A    19 A    20 A    21 A                                          
 -- Virtual --                   
 -0.029   0.278   0.368   0.400   0.544   0.586   0.646   0.699
 22 A    23 A    24 A    25 A    26 A    27 A    28 A    29 A                  
  1.165   1.190   1.228   1.284   1.311   1.401   1.454   1.479
 30 A    31 A    32 A    33 A    34 A    35 A    36 A    37 A                  
  1.479   1.494   1.517   1.539   1.609   1.752   1.790   1.813
 38 A    39 A    40 A    41 A    42 A    43 A    44 A    45 A                  
  1.860   1.930   1.944   1.982   2.001   2.081   2.095   2.148
 46 A    47 A    48 A    49 A    50 A    51 A    52 A    53 A                  
  2.167   2.189   2.273   2.285   2.422   2.423   2.439   2.445
 54 A    55 A    56 A    57 A    58 A    59 A    60 A    61 A                  
  2.570   2.754   2.852   2.910   3.150   3.222   3.392   3.429
 62 A    63 A    64 A    65 A    66 A    67 A    68 A    69 A                  
  3.494   4.175   4.493   4.857   5.051   5.425
 70 A    71 A    72 A    73 A    74 A    75 A                                  
 
 Beta MOs, Unrestricted
 -- Occupied --                  
-26.571 -26.548 -26.510 -25.951 -11.750  -1.984  -1.888  -1.823
  1 A     2 A     3 A     4 A     5 A     6 A     7 A     8 A                  
 -1.211  -1.133  -1.053  -1.036  -0.992  -0.878  -0.867  -0.861
  9 A    10 A    11 A    12 A    13 A    14 A    15 A    16 A                  
 -0.816  -0.810  -0.320  -0.319  -0.315
 17 A    18 A    19 A    20 A    21 A                                          
 -- Virtual --                   
 -0.029   0.278   0.368   0.400   0.544   0.586   0.646   0.699
 22 A    23 A    24 A    25 A    26 A    27 A    28 A    29 A                  
  1.165   1.190   1.228   1.284   1.311   1.401   1.454   1.479
 30 A    31 A    32 A    33 A    34 A    35 A    36 A    37 A                  
  1.479   1.494   1.517   1.539   1.609   1.752   1.790   1.813
 38 A    39 A    40 A    41 A    42 A    43 A    44 A    45 A                  
  1.860   1.930   1.944   1.982   2.001   2.081   2.095   2.148
 46 A    47 A    48 A    49 A    50 A    51 A    52 A    53 A                  
  2.167   2.189   2.273   2.285   2.422   2.423   2.439   2.445
 54 A    55 A    56 A    57 A    58 A    59 A    60 A    61 A                  
  2.570   2.754   2.852   2.910   3.150   3.222   3.392   3.429
 62 A    63 A    64 A    65 A    66 A    67 A    68 A    69 A                  
  3.494   4.175   4.493   4.857   5.051   5.425
 70 A    71 A    72 A    73 A    74 A    75 A                                  
 

--------------------------------------------------------------------------------
                                   HF Summary                                   
--------------------------------------------------------------------------------
  Energy:                                                 -435.3658826273 a.u.
  Dip. moment [a.u.]:                  [ -56.443706,  182.757056,    1.213881]
  Total dipole [Debye]:                                             486.181826
  <r^2> [a.u.]:                        [ 157.549752,  981.769993,   92.340098]
  Total <r^2> [a.u.]:                                              1231.659843
--------------------------------------------------------------------------------

--------------------------------------------------------------------------------
                                 MP(2) Summary                                  
--------------------------------------------------------------------------------
  Energy contribution:                                      -0.8032075593 a.u.
  Total energy:                                           -436.1690901866 a.u.
  Dip. moment [a.u.]:                  [ -56.395671,  182.997294,    1.141890]
  Total dipole [Debye]:                                             486.728182
  <r^2> [a.u.]:                        [ 157.289254,  983.827818,   92.182317]
  Total <r^2> [a.u.]:                                              1233.299389
--------------------------------------------------------------------------------
  Starting Davidson ... 
--------------------------------------------------------------------------------
   It NVec Conv  Avg. Norm  Max. Norm  Conv. states           Remark
--------------------------------------------------------------------------------
        20    0  2.074e-01  1.061e+00 10.9672 n n n n n n n n Guess.
    1   40    0  5.698e-02  8.936e-01 10.8080 n n n n n n n n 
    2   60    0  7.615e-03  8.061e-02 10.8068 n n n n n n n n 
    3   80    0  3.477e-02  6.103e-01 10.8067 n n n n n n n n 
    4  100    0  3.485e-02  5.744e-01 10.8067 n n n n n n n n 
    5   40    0  2.553e-02  4.498e-01 10.8067 n n n n n n n n Subspace collapsed.
    6   60    0  2.135e-02  4.195e-01 10.8067 n n n n n n n n 
    7   80    0  2.154e-02  4.242e-01 10.8067 n n n n n n n n 
    8  100    2  2.070e-02  4.101e-01 10.8067 y y n n n n n n 
    9   40    5  1.973e-02  3.906e-01 10.8067 y y n y n y n y Subspace collapsed.
   10   60    6  1.871e-02  3.711e-01 10.8067 y y n y n y y y 
   11   80    9  1.859e-02  3.697e-01 10.8067 y y y y y y y y 
   12  100   13  1.804e-02  3.595e-01 10.8067 y y y y y y y y 
   13   40   14  1.786e-02  3.562e-01 10.8067 y y y y y y y y Subspace collapsed.
   14   60   14  9.212e-03  1.825e-01 10.8067 y y y y y y y y 
   15   80   14  2.026e-03  3.313e-02 10.8067 y y y y y y y y 
   16   99   16  1.108e-03  2.047e-02 10.8067 y y y y y y y y 
   17  100   16  1.106e-03  2.047e-02 10.8067 y y y y y y y y 
   18   38   16  1.030e-03  2.003e-02 10.8067 y y y y y y y y Subspace collapsed.
   19   56   16  9.247e-04  1.819e-02 10.8067 y y y y y y y y 
   20   56   16  9.247e-04  1.819e-02 10.8067 y y y y y y y y 
   21   76   16  8.770e-04  1.747e-02 10.8067 y y y y y y y y 
   22   76   16  8.770e-04  1.747e-02 10.8067 y y y y y y y y 
   23   96   16  4.740e-03  9.409e-02 10.8067 y y y y y y y y 
   24   96   16  4.740e-03  9.409e-02 10.8067 y y y y y y y y 
   25   99   16  4.771e-03  9.471e-02 10.8067 y y y y y y y y 
   26  100   16  4.794e-03  9.520e-02 10.8067 y y y y y y y y 
   27   22   16  4.766e-03  9.464e-02 10.8067 y y y y y y y y Subspace collapsed.
   28   24   16  4.691e-03  9.314e-02 10.8067 y y y y y y y y 
   29   26   16  4.654e-03  9.239e-02 10.8067 y y y y y y y y 
   30   27   16  4.653e-03  9.239e-02 10.8067 y y y y y y y y 
   31   41   16  3.755e-03  7.463e-02 10.8067 y y y y y y y y 
   32   41   16  3.755e-03  7.463e-02 10.8067 y y y y y y y y 
   33   46   16  3.747e-03  7.448e-02 10.8067 y y y y y y y y 
   34   58   16  3.538e-03  7.031e-02 10.8067 y y y y y y y y 
   35   70   16  3.022e-03  6.013e-02 10.8067 y y y y y y y y 
   36   82   16  1.842e-03  3.651e-02 10.8067 y y y y y y y y 
   37   87   16  1.782e-03  3.532e-02 10.8067 y y y y y y y y 
   38   88   16  1.757e-03  3.482e-02 10.8067 y y y y y y y y 
   39   89   16  1.724e-03  3.415e-02 10.8067 y y y y y y y y 
   40   89   16  1.724e-03  3.415e-02 10.8067 y y y y y y y y 
   41   89   16  1.724e-03  3.415e-02 10.8067 y y y y y y y y 
   42  100   16  1.590e-03  3.150e-02 10.8067 y y y y y y y y 
   43   20   16  1.590e-03  3.150e-02 10.8067 y y y y y y y y Subspace collapsed.
   44   20   16  1.590e-03  3.150e-02 10.8067 y y y y y y y y 
   45   20   16  1.590e-03  3.150e-02 10.8067 y y y y y y y y 
   46   40   17  1.148e-03  2.275e-02 10.8067 y y y y y y y y 
   47   46   17  9.900e-04  1.963e-02 10.8067 y y y y y y y y 
   48   52   17  7.335e-04  1.459e-02 10.8067 y y y y y y y y 
   49   58   17  4.908e-04  9.724e-03 10.8067 y y y y y y y y 
   50   64   17  2.824e-04  5.389e-03 10.8067 y y y y y y y y 
   51   70   17  2.491e-04  4.761e-03 10.8067 y y y y y y y y 
   52   76   18  2.036e-04  3.415e-03 10.8067 y y y y y y y y 
   53   82   18  1.119e-04  2.190e-03 10.8067 y y y y y y y y 
   54   88   18  5.430e-05  1.073e-03 10.8067 y y y y y y y y 
   55   94   18  2.064e-05  4.090e-04 10.8067 y y y y y y y y 
   56  100   18  8.558e-06  1.697e-04 10.8067 y y y y y y y y 
   57   26   18  3.914e-06  7.769e-05 10.8067 y y y y y y y y Subspace collapsed.
   58   32   18  2.491e-06  4.956e-05 10.8067 y y y y y y y y 
   59   38   18  1.928e-06  3.843e-05 10.8067 y y y y y y y y 
--------------------------------------------------------------------------------
  Davidson Summary: 
 ------------------------------------------------------------
  State  0: excitation energy =  10.8067 a.u.   (converged)
  State  1: excitation energy =  10.8750 a.u.   (converged)
  State  2: excitation energy =  11.1594 a.u.   (converged)
  State  3: excitation energy =  11.2016 a.u.   (converged)
  State  4: excitation energy =  11.2284 a.u.   (converged)
  State  5: excitation energy =  11.2651 a.u.   (converged)
  State  6: excitation energy =  11.2750 a.u.   (converged)
  State  7: excitation energy =  11.3420 a.u.   (converged)
  State  8: excitation energy =  11.4842 a.u.   (converged)
  State  9: excitation energy =  11.5411 a.u.   (converged)
  State 10: excitation energy =  11.5510 a.u.   (converged)
  State 11: excitation energy =  11.5657 a.u.   (converged)
  State 12: excitation energy =  11.5668 a.u.   (converged)
  State 13: excitation energy =  11.5843 a.u.   (converged)
  State 14: excitation energy =  11.6833 a.u.   (converged)
  State 15: excitation energy =  11.7111 a.u.   (converged)
  State 16: excitation energy =  12.0083 a.u.   (not converged)
  State 17: excitation energy =  12.0083 a.u.   (not converged)
  State 18: excitation energy =  12.0117 a.u.   (converged)
  State 19: excitation energy =  12.0117 a.u.   (converged)
 ------------------------------------------------------------


--------------------------------------------------------------------------------
                             Excited State Summary
--------------------------------------------------------------------------------

  Excited state  1 (A)                                             [converged]
  ----------------------------------------------------------------------------
  Term symbol:  2 (-) A                                     R^2 =  1.77839e-13

  Total energy:                                           -425.3623671083 a.u.
  Excitation energy:                                             294.065890 eV

  Osc. strength:                                                      0.000000
  Trans. dip. moment [a.u.]:           [  -0.000000,   -0.000000,    0.000000]
  <i|r^2|0> [a.u.]:                    [   0.000000,   -0.000000,   -0.000000]

  V1^2 = 0.9567, V2^2 = 0.0433

  Important amplitudes:
     core i     occ j      vir a      vir b          v   
    ------------------------------------------------------
     5 (A) B              22 (A) B                -0.6424
     5 (A) A              22 (A) A                 0.6424
    ------------------------------------------------------
  ----------------------------------------------------------------------------


  Excited state  2 (A)                                             [converged]
  ----------------------------------------------------------------------------
  Term symbol:  3 (-) A                                     R^2 =  3.24216e-13

  Total energy:                                           -425.2940721870 a.u.
  Excitation energy:                                             295.924290 eV

  Osc. strength:                                                      0.099126
  Trans. dip. moment [a.u.]:           [  -0.053167,   -0.095286,    0.042029]
  <i|r^2|0> [a.u.]:                    [   0.105363,   -1.077434,   -0.035439]

  V1^2 = 0.9515, V2^2 = 0.0485

  Important amplitudes:
     core i     occ j      vir a      vir b          v   
    ------------------------------------------------------
     5 (A) A              22 (A) A                -0.6572
     5 (A) B              22 (A) B                -0.6572
    ------------------------------------------------------
  ----------------------------------------------------------------------------


  Excited state  3 (A)                                             [converged]
  ----------------------------------------------------------------------------
  Term symbol:  4 (-) A                                     R^2 =  6.47188e-13

  Total energy:                                           -425.0097052384 a.u.
  Excitation energy:                                             303.662308 eV

  Osc. strength:                                                      0.000000
  Trans. dip. moment [a.u.]:           [  -0.000000,    0.000000,    0.000000]
  <i|r^2|0> [a.u.]:                    [   0.000000,    0.000000,   -0.000000]

  V1^2 = 0.9359, V2^2 = 0.0641

  Important amplitudes:
     core i     occ j      vir a      vir b          v   
    ------------------------------------------------------
     5 (A) B              23 (A) B                -0.5393
     5 (A) A              23 (A) A                 0.5393
    ------------------------------------------------------
  ----------------------------------------------------------------------------


  Excited state  4 (A)                                             [converged]
  ----------------------------------------------------------------------------
  Term symbol:  5 (-) A                                     R^2 =  2.14137e-13

  Total energy:                                           -424.9674525570 a.u.
  Excitation energy:                                             304.812062 eV

  Osc. strength:                                                      0.000000
  Trans. dip. moment [a.u.]:           [  -0.000000,   -0.000000,   -0.000000]
  <i|r^2|0> [a.u.]:                    [   0.000000,   -0.000000,    0.000000]

  V1^2 = 0.9483, V2^2 = 0.0517

  Important amplitudes:
     core i     occ j      vir a      vir b          v   
    ------------------------------------------------------
     5 (A) B              27 (A) B                -0.4342
     5 (A) A              27 (A) A                 0.4342
    ------------------------------------------------------
  ----------------------------------------------------------------------------


  Excited state  5 (A)                                             [converged]
  ----------------------------------------------------------------------------
  Term symbol:  6 (-) A                                     R^2 =  2.77978e-13

  Total energy:                                           -424.9407157207 a.u.
  Excitation energy:                                             305.539608 eV

  Osc. strength:                                                      0.029252
  Trans. dip. moment [a.u.]:           [  -0.011941,    0.058047,   -0.019892]
  <i|r^2|0> [a.u.]:                    [   0.009086,    0.629463,   -0.001745]

  V1^2 = 0.9234, V2^2 = 0.0766

  Important amplitudes:
     core i     occ j      vir a      vir b          v   
    ------------------------------------------------------
     5 (A) A              23 (A) A                -0.6094
     5 (A) B              23 (A) B                -0.6094
    ------------------------------------------------------
  ----------------------------------------------------------------------------


  Excited state  6 (A)                                             [converged]
  ----------------------------------------------------------------------------
  Term symbol:  7 (-) A                                     R^2 =  2.46902e-13

  Total energy:                                           -424.9039415591 a.u.
  Excitation energy:                                             306.540284 eV

  Osc. strength:                                                      0.000000
  Trans. dip. moment [a.u.]:           [  -0.000000,   -0.000000,   -0.000000]
  <i|r^2|0> [a.u.]:                    [   0.000000,   -0.000000,    0.000000]

  V1^2 = 0.9512, V2^2 = 0.0488

  Important amplitudes:
     core i     occ j      vir a      vir b          v   
    ------------------------------------------------------
     5 (A) B              28 (A) B                -0.5145
     5 (A) A              28 (A) A                 0.5145
    ------------------------------------------------------
  ----------------------------------------------------------------------------


  Excited state  7 (A)                                             [converged]
  ----------------------------------------------------------------------------
  Term symbol:  8 (-) A                                     R^2 =  2.30410e-13

  Total energy:                                           -424.8941033951 a.u.
  Excitation energy:                                             306.807994 eV

  Osc. strength:                                                      0.108995
  Trans. dip. moment [a.u.]:           [  -0.110750,    0.026989,   -0.038813]
  <i|r^2|0> [a.u.]:                    [   0.237851,    0.309616,    0.024967]

  V1^2 = 0.9416, V2^2 = 0.0584

  Important amplitudes:
     core i     occ j      vir a      vir b          v   
    ------------------------------------------------------
     5 (A) A              24 (A) A                -0.5126
     5 (A) B              24 (A) B                -0.5126
    ------------------------------------------------------
  ----------------------------------------------------------------------------


  Excited state  8 (A)                                             [converged]
  ----------------------------------------------------------------------------
  Term symbol:  9 (-) A                                     R^2 =  1.15540e-13

  Total energy:                                           -424.8270546906 a.u.
  Excitation energy:                                             308.632482 eV

  Osc. strength:                                                      0.110937
  Trans. dip. moment [a.u.]:           [  -0.020322,    0.052645,    0.107178]
  <i|r^2|0> [a.u.]:                    [   0.043209,    0.590492,   -0.078743]

  V1^2 = 0.9407, V2^2 = 0.0593

  Important amplitudes:
     core i     occ j      vir a      vir b          v   
    ------------------------------------------------------
     5 (A) A              25 (A) A                 0.5017
     5 (A) B              25 (A) B                 0.5017
    ------------------------------------------------------
  ----------------------------------------------------------------------------


  Excited state  9 (A)                                             [converged]
  ----------------------------------------------------------------------------
  Term symbol:  10 (-) A                                    R^2 =  7.02960e-13

  Total energy:                                           -424.6848609013 a.u.
  Excitation energy:                                             312.501772 eV

  Osc. strength:                                                      0.000000
  Trans. dip. moment [a.u.]:           [   0.000000,    0.000000,   -0.000000]
  <i|r^2|0> [a.u.]:                    [   0.000000,    0.000000,    0.000000]

  V1^2 = 0.9200, V2^2 = 0.0800

  Important amplitudes:
     core i     occ j      vir a      vir b          v   
    ------------------------------------------------------
     5 (A) B              26 (A) B                -0.5541
     5 (A) A              26 (A) A                 0.5541
    ------------------------------------------------------
  ----------------------------------------------------------------------------


  Excited state 10 (A)                                             [converged]
  ----------------------------------------------------------------------------
  Term symbol:  11 (-) A                                    R^2 =  5.11240e-13

  Total energy:                                           -424.6279568452 a.u.
  Excitation energy:                                             314.050210 eV

  Osc. strength:                                                      0.020796
  Trans. dip. moment [a.u.]:           [  -0.019161,   -0.045060,    0.017471]
  <i|r^2|0> [a.u.]:                    [   0.018627,   -0.528402,   -0.032498]

  V1^2 = 0.9187, V2^2 = 0.0813

  Important amplitudes:
     core i     occ j      vir a      vir b          v   
    ------------------------------------------------------
     5 (A) B              26 (A) B                 0.6113
     5 (A) A              26 (A) A                 0.6113
    ------------------------------------------------------
  ----------------------------------------------------------------------------


  Excited state 11 (A)                                             [converged]
  ----------------------------------------------------------------------------
  Term symbol:  12 (-) A                                    R^2 =  1.23764e-13

  Total energy:                                           -424.6181250508 a.u.
  Excitation energy:                                             314.317747 eV

  Osc. strength:                                                      0.000000
  Trans. dip. moment [a.u.]:           [   0.000000,   -0.000000,    0.000000]
  <i|r^2|0> [a.u.]:                    [  -0.000000,   -0.000000,   -0.000000]

  V1^2 = 0.8962, V2^2 = 0.1038

  Important amplitudes:
     core i     occ j      vir a      vir b          v   
    ------------------------------------------------------
     5 (A) B              24 (A) B                -0.4366
     5 (A) A              24 (A) A                 0.4366
    ------------------------------------------------------
  ----------------------------------------------------------------------------


  Excited state 12 (A)                                             [converged]
  ----------------------------------------------------------------------------
  Term symbol:  13 (-) A                                    R^2 =  3.59666e-13

  Total energy:                                           -424.6034235021 a.u.
  Excitation energy:                                             314.717796 eV

  Osc. strength:                                                      0.000000
  Trans. dip. moment [a.u.]:           [  -0.000000,    0.000000,    0.000000]
  <i|r^2|0> [a.u.]:                    [   0.000000,    0.000000,   -0.000000]

  V1^2 = 0.8956, V2^2 = 0.1044

  Important amplitudes:
     core i     occ j      vir a      vir b          v   
    ------------------------------------------------------
     5 (A) B              25 (A) B                -0.4983
     5 (A) A              25 (A) A                 0.4983
    ------------------------------------------------------
  ----------------------------------------------------------------------------


  Excited state 13 (A)                                             [converged]
  ----------------------------------------------------------------------------
  Term symbol:  14 (-) A                                    R^2 =  4.03763e-13

  Total energy:                                           -424.6023140998 a.u.
  Excitation energy:                                             314.747985 eV

  Osc. strength:                                                      0.029716
  Trans. dip. moment [a.u.]:           [  -0.058164,    0.013985,   -0.016583]
  <i|r^2|0> [a.u.]:                    [   0.126873,    0.161115,    0.013429]

  V1^2 = 0.8998, V2^2 = 0.1002

  Important amplitudes:
     core i     occ j      vir a      vir b          v   
    ------------------------------------------------------
     5 (A) A              27 (A) A                -0.4990
     5 (A) B              27 (A) B                -0.4990
    ------------------------------------------------------
  ----------------------------------------------------------------------------


  Excited state 14 (A)                                             [converged]
  ----------------------------------------------------------------------------
  Term symbol:  15 (-) A                                    R^2 =  5.71096e-13

  Total energy:                                           -424.5847473222 a.u.
  Excitation energy:                                             315.226001 eV

  Osc. strength:                                                      0.037541
  Trans. dip. moment [a.u.]:           [  -0.012927,    0.027971,    0.062542]
  <i|r^2|0> [a.u.]:                    [   0.030701,    0.316996,   -0.042222]

  V1^2 = 0.9012, V2^2 = 0.0988

  Important amplitudes:
     core i     occ j      vir a      vir b          v   
    ------------------------------------------------------
     5 (A) A              28 (A) A                 0.4972
     5 (A) B              28 (A) B                 0.4972
    ------------------------------------------------------
  ----------------------------------------------------------------------------


  Excited state 15 (A)                                             [converged]
  ----------------------------------------------------------------------------
  Term symbol:  16 (-) A                                    R^2 =  1.38883e-10

  Total energy:                                           -424.4857957414 a.u.
  Excitation energy:                                             317.918610 eV

  Osc. strength:                                                      0.000000
  Trans. dip. moment [a.u.]:           [   0.000000,   -0.000000,    0.000000]
  <i|r^2|0> [a.u.]:                    [  -0.000000,   -0.000000,    0.000000]

  V1^2 = 0.8965, V2^2 = 0.1035

  Important amplitudes:
     core i     occ j      vir a      vir b          v   
    ------------------------------------------------------
     5 (A) A              29 (A) A                 0.6016
     5 (A) B              29 (A) B                -0.6016
    ------------------------------------------------------
  ----------------------------------------------------------------------------


  Excited state 16 (A)                                             [converged]
  ----------------------------------------------------------------------------
  Term symbol:  17 (-) A                                    R^2 =  2.19855e-11

  Total energy:                                           -424.4580243425 a.u.
  Excitation energy:                                             318.674309 eV

  Osc. strength:                                                      0.016518
  Trans. dip. moment [a.u.]:           [  -0.013689,   -0.041648,    0.013918]
  <i|r^2|0> [a.u.]:                    [   0.043245,   -0.453611,    0.004078]

  V1^2 = 0.8984, V2^2 = 0.1016

  Important amplitudes:
     core i     occ j      vir a      vir b          v   
    ------------------------------------------------------
     5 (A) A              29 (A) A                -0.6352
     5 (A) B              29 (A) B                -0.6352
    ------------------------------------------------------
  ----------------------------------------------------------------------------


  Excited state 17 (A)                                         [not converged]
  ----------------------------------------------------------------------------
  Term symbol:  18 (-) A                                    R^2 =  3.84329e-05

  Total energy:                                           -424.1608127985 a.u.
  Excitation energy:                                             326.761846 eV


  V1^2 = 0.0001, V2^2 = 0.9999

  Important amplitudes:
     core i     occ j      vir a      vir b          v   
    ------------------------------------------------------
     5 (A) A   21 (A) B   22 (A) A   22 (A) B     -0.5000
     5 (A) B   21 (A) A   22 (A) A   22 (A) B     -0.4999
    ------------------------------------------------------
  ----------------------------------------------------------------------------


  Excited state 18 (A)                                         [not converged]
  ----------------------------------------------------------------------------
  Term symbol:  19 (-) A                                    R^2 =  3.20483e-06

  Total energy:                                           -424.1608027210 a.u.
  Excitation energy:                                             326.762120 eV


  V1^2 = 0.0001, V2^2 = 0.9999

  Important amplitudes:
     core i     occ j      vir a      vir b          v   
    ------------------------------------------------------
     5 (A) B   21 (A) A   22 (A) A   22 (A) B      0.4999
     5 (A) A   21 (A) B   22 (A) A   22 (A) B     -0.4999
    ------------------------------------------------------
  ----------------------------------------------------------------------------


  Excited state 19 (A)                                             [converged]
  ----------------------------------------------------------------------------
  Term symbol:  20 (-) A                                    R^2 =  1.00082e-08

  Total energy:                                           -424.1574238912 a.u.
  Excitation energy:                                             326.854063 eV

  Osc. strength:                                                      0.000000
  Trans. dip. moment [a.u.]:           [   0.000000,    0.000000,   -0.000000]
  <i|r^2|0> [a.u.]:                    [  -0.000000,    0.000000,    0.000000]

  V1^2 = 0.0002, V2^2 = 0.9998

  Important amplitudes:
     core i     occ j      vir a      vir b          v   
    ------------------------------------------------------
     5 (A) B   20 (A) A   22 (A) A   22 (A) B     -0.4999
     5 (A) A   20 (A) B   22 (A) A   22 (A) B     -0.4999
    ------------------------------------------------------
  ----------------------------------------------------------------------------


  Excited state 20 (A)                                             [converged]
  ----------------------------------------------------------------------------
  Term symbol:  21 (-) A                                    R^2 =  2.49423e-10

  Total energy:                                           -424.1574090492 a.u.
  Excitation energy:                                             326.854467 eV

  Osc. strength:                                                      0.000000
  Trans. dip. moment [a.u.]:           [   0.000028,   -0.000119,    0.000012]
  <i|r^2|0> [a.u.]:                    [  -0.000392,   -0.001411,   -0.000289]

  V1^2 = 0.0002, V2^2 = 0.9998

  Important amplitudes:
     core i     occ j      vir a      vir b          v   
    ------------------------------------------------------
     5 (A) A   20 (A) B   22 (A) A   22 (A) B     -0.4999
     5 (A) B   20 (A) A   22 (A) A   22 (A) B      0.4999
    ------------------------------------------------------
  ----------------------------------------------------------------------------


--------------------------------------------------------------------------------
  Time of ADC calculation:  CPU 3285.74 s  wall 2037.44 s
================================================================================
 
 --------------------------------------------------------------
 
                    Orbital Energies (a.u.)
 --------------------------------------------------------------
 
 Alpha MOs
 -- Occupied --
-26.571 -26.548 -26.510 -25.951 -11.750  -1.984  -1.888  -1.823
 -1.211  -1.133  -1.053  -1.036  -0.992  -0.878  -0.867  -0.861
 -0.816  -0.810  -0.320  -0.319  -0.315
 -- Virtual --
 -0.029   0.278   0.368   0.400   0.544   0.586   0.646   0.699
  1.165   1.190   1.228   1.284   1.311   1.401   1.454   1.479
  1.479   1.494   1.517   1.539   1.609   1.752   1.790   1.813
  1.860   1.930   1.944   1.982   2.001   2.081   2.095   2.148
  2.167   2.189   2.273   2.285   2.422   2.423   2.439   2.445
  2.570   2.754   2.852   2.910   3.150   3.222   3.392   3.429
  3.494   4.175   4.493   4.857   5.051   5.425
 
 Beta MOs
 -- Occupied --
-26.571 -26.548 -26.510 -25.951 -11.750  -1.984  -1.888  -1.823
 -1.211  -1.133  -1.053  -1.036  -0.992  -0.878  -0.867  -0.861
 -0.816  -0.810  -0.320  -0.319  -0.315
 -- Virtual --
 -0.029   0.278   0.368   0.400   0.544   0.586   0.646   0.699
  1.165   1.190   1.228   1.284   1.311   1.401   1.454   1.479
  1.479   1.494   1.517   1.539   1.609   1.752   1.790   1.813
  1.860   1.930   1.944   1.982   2.001   2.081   2.095   2.148
  2.167   2.189   2.273   2.285   2.422   2.423   2.439   2.445
  2.570   2.754   2.852   2.910   3.150   3.222   3.392   3.429
  3.494   4.175   4.493   4.857   5.051   5.425
 --------------------------------------------------------------
 
          Ground-State Mulliken Net Atomic Charges

     Atom                 Charge (a.u.)    Spin (a.u.)
  --------------------------------------------------------
      1 C                     1.146145       0.000000
      2 F                    -0.121849       0.000000
      3 F                    -0.054607       0.000000
      4 F                    -0.882638       0.000000
      5 F                    -0.087051       0.000000
  --------------------------------------------------------
  Sum of atomic charges =     0.000000
  Sum of spin   charges =     0.000000

 -----------------------------------------------------------------
                    Cartesian Multipole Moments
 -----------------------------------------------------------------
    Charge (ESU x 10^10)
                 0.0000
    Dipole Moment (Debye)
         X       2.3853      Y      10.4972      Z      -3.2031
       Tot      11.2312
    Quadrupole Moments (Debye-Ang)
        XX     -26.8074     XY      -4.6671     YY      15.3627
        XZ       3.1023     YZ      -3.8017     ZZ     -23.6673
    Octopole Moments (Debye-Ang^2)
       XXX      53.9801    XXY     -50.8627    XYY      -4.0707
       YYY     -34.5184    XXZ      -3.6808    XYZ       2.1146
       YYZ      -8.8835    XZZ      17.0466    YZZ     -51.3603
       ZZZ      -2.2106
    Hexadecapole Moments (Debye-Ang^3)
      XXXX    -142.6968   XXXY     104.8324   XXYY    -159.6616
      XYYY      41.4198   YYYY    -500.1124   XXXZ       5.4349
      XXYZ       2.1946   XYYZ       1.8722   YYYZ     -14.8218
      XXZZ     -35.9658   XYZZ      33.7788   YYZZ    -155.7027
      XZZZ       2.7965   YZZZ      10.7002   ZZZZ     -75.3660
 -----------------------------------------------------------------
Archival summary:
1\1\tp-linux1\SP\HF\6-31G*\41\thomas\MonMar2023:56:492017MonMar2023:56:492017\0\\#,HF,6-31G*,\\0,1\C\F,1,1.17998\F,1,1.21147,2,121.784\F,1,1.26274,2,118.306,3,156.232,0\F,4,2.48499,1,82.3954,2,-84.5217,0\\HF=-435.365883\\@

 Total job time:  2041.57s(wall), 3296.06s(cpu) 
 Mon Mar 20 23:56:49 2017

        *************************************************************
        *                                                           *
        *  Thank you very much for using Q-Chem.  Have a nice day.  *
        *                                                           *
        *************************************************************


0 sent ACK to 0 
now end server 0 ... 
cleanup process ... done
